=~=~=~=~=~=~=~=~=~=~=~= PuTTY log 2020.12.13 12:11:19 =~=~=~=~=~=~=~=~=~=~=~=
[1;36m159.498s [kinematics] roll, 4.0, pitch, -2.7
159.519s [kinematics] roll, 4.0, pitch, -2.7
159.540s [kinematics] roll, 4.0, pitch, -2.7
159.561s [kinematics] roll, 4.0, pitch, -2.7
159.582s [kinematics] roll, 4.0, pitch, -2.7
159.603s [kinematics] roll, 4.0, pitch, -2.7
159.624s [kinematics] roll, 4.0, pitch, -2.7
159.645s [kinematics] roll, 4.0, pitch, -2.7
159.666s [kinematics] roll, 4.0, pitch, -2.7
159.687s [kinematics] roll, 4.0, pitch, -2.7
159.708s [kinematics] roll, 4.0, pitch, -2.7
159.729s [kinematics] roll, 4.0, pitch, -2.7
159.750s [kinematics] roll, 4.0, pitch, -2.7
159.771s [kinematics] roll, 4.0, pitch, -2.7
159.792s [kinematics] roll, 4.0, pitch, -2.7
159.813s [kinematics] roll, 4.0, pitch, -2.7
159.834s [kinematics] roll, 4.0, pitch, -2.7
159.855s [kinematics] roll, 4.0, pitch, -2.7
159.876s [kinematics] roll, 4.0, pitch, -2.7
159.897s [kinematics] roll, 4.0, pitch, -2.7
159.918s [kinematics] roll, 4.1, pitch, -2.7
159.939s [kinematics] roll, 4.0, pitch, -2.7
159.960s [kinematics] roll, 4.0, pitch, -2.7
159.981s [kinematics] roll, 4.0, pitch, -2.7
160.002s [kinematics] roll, 4.0, pitch, -2.7
160.023s [kinematics] roll, 4.0, pitch, -2.7
160.044s [kinematics] roll, 4.0, pitch, -2.7
160.065s [kinematics] roll, 4.0, pitch, -2.7
160.086s [kinematics] roll, 4.0, pitch, -2.7
160.107s [kinematics] roll, 4.0, pitch, -2.7
160.128s [kinematics] roll, 4.0, pitch, -2.7
160.149s [kinematics] roll, 4.0, pitch, -2.7
160.170s [kinematics] roll, 4.0, pitch, -2.7
160.191s [kinematics] roll, 4.0, pitch, -2.7
160.212s [kinematics] roll, 4.0, pitch, -2.7
160.233s [kinematics] roll, 4.0, pitch, -2.7
160.254s [kinematics] roll, 4.0, pitch, -2.7
160.275s [kinematics] roll, 4.0, pitch, -2.7
160.296s [kinematics] roll, 4.0, pitch, -2.7
160.317s [kinematics] roll, 4.0, pitch, -2.7
160.338s [kinematics] roll, 4.0, pitch, -2.7
160.359s [kinematics] roll, 4.0, pitch, -2.7
160.380s [kinematics] roll, 4.0, pitch, -2.7
160.401s [kinematics] roll, 4.0, pitch, -2.7
160.422s [kinematics] roll, 4.0, pitch, -2.7
160.443s [kinematics] roll, 4.0, pitch, -2.7
160.464s [kinematics] roll, 4.0, pitch, -2.7
160.485s [kinematics] roll, 4.0, pitch, -2.7
160.506s [kinematics] roll, 4.0, pitch, -2.7
160.527s [kinematics] roll, 4.0, pitch, -2.7
160.548s [kinematics] roll, 4.0, pitch, -2.7
160.569s [kinematics] roll, 4.0, pitch, -2.7
160.590s [kinematics] roll, 4.0, pitch, -2.7
160.611s [kinematics] roll, 4.0, pitch, -2.7
160.632s [kinematics] roll, 4.0, pitch, -2.7
160.653s [kinematics] roll, 4.0, pitch, -2.7
160.674s [kinematics] roll, 4.0, pitch, -2.7
160.695s [kinematics] roll, 4.0, pitch, -2.7
160.716s [kinematics] roll, 4.0, pitch, -2.7
160.737s [kinematics] roll, 4.0, pitch, -2.7
160.758s [kinematics] roll, 4.0, pitch, -2.7
160.779s [kinematics] roll, 4.0, pitch, -2.7
160.800s [kinematics] roll, 4.0, pitch, -2.7
160.821s [kinematics] roll, 4.0, pitch, -2.7
160.842s [kinematics] roll, 4.0, pitch, -2.7
160.863s [kinematics] roll, 4.0, pitch, -2.7
160.884s [kinematics] roll, 4.0, pitch, -2.7
160.905s [kinematics] roll, 4.0, pitch, -2.7
160.926s [kinematics] roll, 4.1, pitch, -2.7
160.947s [kinematics] roll, 4.0, pitch, -2.7
160.968s [kinematics] roll, 4.0, pitch, -2.7
160.989s [kinematics] roll, 4.0, pitch, -2.7
161.010s [kinematics] roll, 4.0, pitch, -2.7
161.031s [kinematics] roll, 4.1, pitch, -2.7
161.052s [kinematics] roll, 4.0, pitch, -2.7
161.073s [kinematics] roll, 4.0, pitch, -2.7
161.094s [kinematics] roll, 4.0, pitch, -2.7
161.115s [kinematics] roll, 4.0, pitch, -2.7
161.136s [kinematics] roll, 4.0, pitch, -2.7
161.157s [kinematics] roll, 4.0, pitch, -2.7
161.178s [kinematics] roll, 4.0, pitch, -2.7
161.199s [kinematics] roll, 4.0, pitch, -2.7
161.220s [kinematics] roll, 4.0, pitch, -2.7
161.241s [kinematics] roll, 4.0, pitch, -2.7
161.262s [kinematics] roll, 4.0, pitch, -2.7
161.283s [kinematics] roll, 4.0, pitch, -2.7
161.304s [kinematics] roll, 4.0, pitch, -2.7
161.325s [kinematics] roll, 4.0, pitch, -2.7
161.346s [kinematics] roll, 4.0, pitch, -2.7
161.367s [kinematics] roll, 4.0, pitch, -2.7
161.388s [kinematics] roll, 4.0, pitch, -2.7
161.409s [kinematics] roll, 4.0, pitch, -2.7
161.430s [kinematics] roll, 4.0, pitch, -2.7
161.451s [kinematics] roll, 4.0, pitch, -2.7
161.472s [kinematics] roll, 4.0, pitch, -2.7
161.493s [kinematics] roll, 4.0, pitch, -2.7
161.514s [kinematics] roll, 4.0, pitch, -2.7
161.535s [kinematics] roll, 4.0, pitch, -2.7
161.556s [kinematics] roll, 4.0, pitch, -2.7
161.577s [kinematics] roll, 4.0, pitch, -2.7
161.598s [kinematics] roll, 4.0, pitch, -2.7
161.619s [kinematics] roll, 4.0, pitch, -2.7
161.640s [kinematics] roll, 4.0, pitch, -2.7
161.661s [kinematics] roll, 4.0, pitch, -2.7
161.682s [kinematics] roll, 4.0, pitch, -2.7
161.703s [kinematics] roll, 4.0, pitch, -2.7
161.724s [kinematics] roll, 4.0, pitch, -2.7
161.745s [kinematics] roll, 4.0, pitch, -2.7
161.766s [kinematics] roll, 4.0, pitch, -2.7
161.787s [kinematics] roll, 4.0, pitch, -2.7
161.808s [kinematics] roll, 4.0, pitch, -2.7
161.829s [kinematics] roll, 4.0, pitch, -2.7
161.850s [kinematics] roll, 4.0, pitch, -2.7
161.871s [kinematics] roll, 4.0, pitch, -2.7
161.892s [kinematics] roll, 4.0, pitch, -2.7
161.913s [kinematics] roll, 4.0, pitch, -2.7
161.934s [kinematics] roll, 4.0, pitch, -2.7
161.955s [kinematics] roll, 4.0, pitch, -2.7
161.976s [kinematics] roll, 4.0, pitch, -2.7
161.997s [kinematics] roll, 4.0, pitch, -2.7
162.018s [kinematics] roll, 4.0, pitch, -2.7
162.039s [kinematics] roll, 4.0, pitch, -2.7
162.060s [kinematics] roll, 4.0, pitch, -2.7
162.081s [kinematics] roll, 4.0, pitch, -2.7
162.102s [kinematics] roll, 4.0, pitch, -2.7
162.123s [kinematics] roll, 4.0, pitch, -2.7
162.144s [kinematics] roll, 4.0, pitch, -2.7
162.165s [kinematics] roll, 4.0, pitch, -2.7
162.186s [kinematics] roll, 4.0, pitch, -2.7
162.207s [kinematics] roll, 4.0, pitch, -2.7
162.228s [kinematics] roll, 4.0, pitch, -2.7
162.249s [kinematics] roll, 4.1, pitch, -2.7
162.270s [kinematics] roll, 4.1, pitch, -2.7
162.291s [kinematics] roll, 4.1, pitch, -2.7
162.312s [kinematics] roll, 4.0, pitch, -2.7
162.333s [kinematics] roll, 4.0, pitch, -2.7
162.354s [kinematics] roll, 4.0, pitch, -2.7
162.375s [kinematics] roll, 4.0, pitch, -2.7
162.396s [kinematics] roll, 4.0, pitch, -2.7
162.417s [kinematics] roll, 4.0, pitch, -2.7
162.438s [kinematics] roll, 4.0, pitch, -2.7
162.459s [kinematics] roll, 4.0, pitch, -2.7
162.480s [kinematics] roll, 4.0, pitch, -2.7
162.501s [kinematics] roll, 4.0, pitch, -2.7
162.522s [kinematics] roll, 4.0, pitch, -2.7
162.543s [kinematics] roll, 4.0, pitch, -2.7
162.564s [kinematics] roll, 4.0, pitch, -2.7
162.585s [kinematics] roll, 4.0, pitch, -2.7
162.606s [kinematics] roll, 4.0, pitch, -2.7
162.627s [kinematics] roll, 4.0, pitch, -2.7
162.648s [kinematics] roll, 4.0, pitch, -2.7
162.669s [kinematics] roll, 4.0, pitch, -2.7
162.690s [kinematics] roll, 4.0, pitch, -2.7
162.711s [kinematics] roll, 4.0, pitch, -2.7
162.732s [kinematics] roll, 4.0, pitch, -2.7
162.753s [kinematics] roll, 4.0, pitch, -2.7
162.774s [kinematics] roll, 4.0, pitch, -2.7
162.795s [kinematics] roll, 4.0, pitch, -2.7
162.816s [kinematics] roll, 4.0, pitch, -2.7
162.837s [kinematics] roll, 4.0, pitch, -2.7
162.858s [kinematics] roll, 4.0, pitch, -2.7
162.879s [kinematics] roll, 4.0, pitch, -2.7
162.900s [kinematics] roll, 4.0, pitch, -2.7
162.921s [kinematics] roll, 4.0, pitch, -2.7
162.942s [kinematics] roll, 4.0, pitch, -2.7
162.963s [kinematics] roll, 4.0, pitch, -2.7
162.984s [kinematics] roll, 4.0, pitch, -2.7
163.005s [kinematics] roll, 4.0, pitch, -2.7
163.026s [kinematics] roll, 4.0, pitch, -2.7
163.047s [kinematics] roll, 4.0, pitch, -2.7
163.068s [kinematics] roll, 4.0, pitch, -2.7
163.089s [kinematics] roll, 4.0, pitch, -2.7
163.110s [kinematics] roll, 4.0, pitch, -2.7
163.131s [kinematics] roll, 4.0, pitch, -2.7
163.152s [kinematics] roll, 4.0, pitch, -2.7
163.173s [kinematics] roll, 4.0, pitch, -2.7
163.194s [kinematics] roll, 4.0, pitch, -2.7
163.215s [kinematics] roll, 4.0, pitch, -2.7
163.236s [kinematics] roll, 4.0, pitch, -2.7
163.257s [kinematics] roll, 4.0, pitch, -2.7
163.278s [kinematics] roll, 4.0, pitch, -2.7
163.299s [kinematics] roll, 4.0, pitch, -2.7
163.320s [kinematics] roll, 4.0, pitch, -2.7
163.341s [kinematics] roll, 4.0, pitch, -2.7
163.362s [kinematics] roll, 4.0, pitch, -2.7
163.383s [kinematics] roll, 4.0, pitch, -2.7
163.404s [kinematics] roll, 4.0, pitch, -2.7
163.425s [kinematics] roll, 4.0, pitch, -2.7
163.446s [kinematics] roll, 4.0, pitch, -2.7
163.467s [kinematics] roll, 4.0, pitch, -2.7
163.488s [kinematics] roll, 4.0, pitch, -2.7
163.509s [kinematics] roll, 4.0, pitch, -2.7
163.530s [kinematics] roll, 4.0, pitch, -2.7
163.551s [kinematics] roll, 4.0, pitch, -2.7
163.572s [kinematics] roll, 4.0, pitch, -2.7
163.593s [kinematics] roll, 4.0, pitch, -2.7
163.614s [kinematics] roll, 4.1, pitch, -2.7
163.635s [kinematics] roll, 4.0, pitch, -2.7
163.656s [kinematics] roll, 4.0, pitch, -2.7
163.677s [kinematics] roll, 4.0, pitch, -2.7
163.698s [kinematics] roll, 4.0, pitch, -2.7
163.719s [kinematics] roll, 4.0, pitch, -2.7
163.740s [kinematics] roll, 4.0, pitch, -2.7
163.761s [kinematics] roll, 4.0, pitch, -2.7
163.782s [kinematics] roll, 4.0, pitch, -2.7
163.803s [kinematics] roll, 3.9, pitch, -2.7
163.824s [kinematics] roll, 4.0, pitch, -2.7
163.845s [kinematics] roll, 4.1, pitch, -2.7
163.866s [kinematics] roll, 4.1, pitch, -2.7
163.887s [kinematics] roll, 4.1, pitch, -2.7
163.908s [kinematics] roll, 4.1, pitch, -2.8
163.929s [kinematics] roll, 4.0, pitch, -2.8
163.950s [kinematics] roll, 4.0, pitch, -2.7
163.971s [kinematics] roll, 4.1, pitch, -2.7
163.992s [kinematics] roll, 4.1, pitch, -2.7
164.013s [kinematics] roll, 4.0, pitch, -2.7
164.034s [kinematics] roll, 4.0, pitch, -2.7
164.055s [kinematics] roll, 4.0, pitch, -2.7
164.076s [kinematics] roll, 4.0, pitch, -2.7
164.097s [kinematics] roll, 4.1, pitch, -2.7
164.118s [kinematics] roll, 4.1, pitch, -2.8
164.139s [kinematics] roll, 4.1, pitch, -2.8
164.160s [kinematics] roll, 4.0, pitch, -2.7
164.181s [kinematics] roll, 4.1, pitch, -2.7
164.202s [kinematics] roll, 4.1, pitch, -2.6
164.223s [kinematics] roll, 4.2, pitch, -2.7
164.244s [kinematics] roll, 4.1, pitch, -2.8
164.265s [kinematics] roll, 4.1, pitch, -2.8
164.286s [kinematics] roll, 4.1, pitch, -2.8
164.307s [kinematics] roll, 4.1, pitch, -2.8
164.328s [kinematics] roll, 4.1, pitch, -2.7
164.349s [kinematics] roll, 4.1, pitch, -2.8
164.370s [kinematics] roll, 4.0, pitch, -2.8
164.391s [kinematics] roll, 4.1, pitch, -2.7
164.412s [kinematics] roll, 4.1, pitch, -2.7
164.433s [kinematics] roll, 4.1, pitch, -2.7
164.454s [kinematics] roll, 4.0, pitch, -2.7
164.475s [kinematics] roll, 4.0, pitch, -2.7
164.496s [kinematics] roll, 4.1, pitch, -2.7
164.517s [kinematics] roll, 4.0, pitch, -2.7
164.538s [kinematics] roll, 4.0, pitch, -2.7
164.559s [kinematics] roll, 4.0, pitch, -2.7
164.580s [kinematics] roll, 3.8, pitch, -2.7
164.601s [kinematics] roll, 3.9, pitch, -2.7
164.622s [kinematics] roll, 4.1, pitch, -2.7
164.643s [kinematics] roll, 4.2, pitch, -2.6
164.664s [kinematics] roll, 4.1, pitch, -2.5
164.685s [kinematics] roll, 4.2, pitch, -2.5
164.706s [kinematics] roll, 4.4, pitch, -2.4
164.727s [kinematics] roll, 4.2, pitch, -2.6
164.748s [kinematics] roll, 4.1, pitch, -2.6
164.769s [kinematics] roll, 4.1, pitch, -2.6
164.790s [kinematics] roll, 4.1, pitch, -2.7
164.811s [kinematics] roll, 4.1, pitch, -2.7
164.832s [kinematics] roll, 4.1, pitch, -2.7
164.853s [kinematics] roll, 5.0, pitch, -2.2
164.874s [kinematics] roll, 5.1, pitch, -1.6
164.895s [kinematics] roll, 4.9, pitch, -2.1
164.916s [kinematics] roll, 5.1, pitch, -2.7
164.937s [kinematics] roll, 5.2, pitch, -3.0
164.958s [kinematics] roll, 4.1, pitch, -3.2
164.979s [kinematics] roll, 4.0, pitch, -3.4
165.000s [kinematics] roll, 3.7, pitch, -4.2
165.021s [kinematics] roll, 2.7, pitch, -4.1
165.042s [kinematics] roll, 0.2, pitch, -3.5
165.063s [kinematics] roll, -2.2, pitch, -3.6
165.084s [kinematics] roll, -4.5, pitch, -3.6
165.105s [kinematics] roll, -7.3, pitch, -3.0
165.126s [kinematics] roll, -10.2, pitch, -2.6
165.147s [kinematics] roll, -15.0, pitch, -1.0
165.168s [kinematics] roll, -16.7, pitch, -1.7
165.189s [kinematics] roll, -19.0, pitch, -2.0
165.210s [kinematics] roll, -21.2, pitch, -1.5
165.231s [kinematics] roll, -23.8, pitch, -1.4
165.252s [kinematics] roll, -30.1, pitch, -2.0
165.273s [kinematics] roll, -33.5, pitch, -2.0
165.294s [kinematics] roll, -36.8, pitch, -2.0
165.315s [kinematics] roll, -39.7, pitch, -1.6
165.336s [kinematics] roll, -44.3, pitch, -1.4
165.357s [kinematics] roll, -46.6, pitch, -1.1
165.378s [kinematics] roll, -47.7, pitch, 0.8
165.399s [kinematics] roll, -48.7, pitch, 0.5
165.420s [kinematics] roll, -49.6, pitch, 0.5
165.441s [kinematics] roll, -51.1, pitch, 0.7
165.462s [kinematics] roll, -51.7, pitch, -1.0
165.483s [kinematics] roll, -52.3, pitch, -1.0
165.504s [kinematics] roll, -52.8, pitch, -1.0
165.525s [kinematics] roll, -53.4, pitch, 0.8
165.546s [kinematics] roll, -54.0, pitch, 0.3
165.567s [kinematics] roll, -54.0, pitch, 0.3
165.588s [kinematics] roll, -54.0, pitch, 0.3
165.609s [kinematics] roll, -53.6, pitch, 0.2
165.630s [kinematics] roll, -52.4, pitch, 0.0
165.651s [kinematics] roll, -51.7, pitch, 0.1
165.672s [kinematics] roll, -50.3, pitch, 0.4
165.693s [kinematics] roll, -49.1, pitch, 0.7
165.714s [kinematics] roll, -47.6, pitch, 0.7
165.735s [kinematics] roll, -44.2, pitch, 0.0
165.756s [kinematics] roll, -41.5, pitch, 0.0
165.777s [kinematics] roll, -39.1, pitch, 0.4
165.798s [kinematics] roll, -36.7, pitch, 0.8
165.819s [kinematics] roll, -34.1, pitch, -1.0
165.840s [kinematics] roll, -29.3, pitch, -1.4
165.861s [kinematics] roll, -28.0, pitch, -2.4
165.882s [kinematics] roll, -25.2, pitch, -2.5
165.903s [kinematics] roll, -22.2, pitch, -2.5
165.924s [kinematics] roll, -16.7, pitch, -3.4
165.945s [kinematics] roll, -14.0, pitch, -3.7
165.966s [kinematics] roll, -11.4, pitch, -3.5
165.987s [kinematics] roll, -9.5, pitch, -3.3
166.008s [kinematics] roll, -8.0, pitch, -2.2
166.029s [kinematics] roll, -2.5, pitch, -2.7
166.050s [kinematics] roll, -1.7, pitch, -2.2
166.071s [kinematics] roll, -1.5, pitch, -2.7
166.092s [kinematics] roll, 0.3, pitch, -2.1
166.113s [kinematics] roll, 0.6, pitch, -2.0
166.134s [kinematics] roll, 2.6, pitch, -1.8
166.155s [kinematics] roll, 3.3, pitch, -2.2
166.176s [kinematics] roll, 4.0, pitch, -2.5
166.197s [kinematics] roll, 5.1, pitch, -3.3
166.218s [kinematics] roll, 8.6, pitch, -3.7
166.239s [kinematics] roll, 9.9, pitch, -4.2
166.260s [kinematics] roll, 11.0, pitch, -4.4
166.281s [kinematics] roll, 12.0, pitch, -4.7
166.302s [kinematics] roll, 13.1, pitch, -4.6
166.323s [kinematics] roll, 15.6, pitch, -4.5
166.344s [kinematics] roll, 17.0, pitch, -4.8
166.365s [kinematics] roll, 18.5, pitch, -4.5
166.386s [kinematics] roll, 20.0, pitch, -4.0
166.407s [kinematics] roll, 21.6, pitch, -3.5
166.428s [kinematics] roll, 24.9, pitch, -3.1
166.449s [kinematics] roll, 26.4, pitch, -3.2
166.470s [kinematics] roll, 28.0, pitch, -3.1
166.491s [kinematics] roll, 29.5, pitch, -3.0
166.512s [kinematics] roll, 31.9, pitch, -3.0
166.533s [kinematics] roll, 33.3, pitch, -3.0
166.554s [kinematics] roll, 34.7, pitch, -2.7
166.575s [kinematics] roll, 35.9, pitch, -2.7
166.596s [kinematics] roll, 37.1, pitch, -2.8
166.617s [kinematics] roll, 39.3, pitch, -2.7
166.638s [kinematics] roll, 40.1, pitch, -2.6
166.659s [kinematics] roll, 40.8, pitch, -2.5
166.680s [kinematics] roll, 41.4, pitch, -2.7
166.701s [kinematics] roll, 41.8, pitch, -2.7
166.722s [kinematics] roll, 42.6, pitch, -2.6
166.743s [kinematics] roll, 42.9, pitch, -2.6
166.764s [kinematics] roll, 43.2, pitch, -2.6
166.785s [kinematics] roll, 43.3, pitch, -2.4
166.806s [kinematics] roll, 43.3, pitch, -2.3
166.827s [kinematics] roll, 42.8, pitch, -2.3
166.848s [kinematics] roll, 42.7, pitch, -2.4
166.869s [kinematics] roll, 42.4, pitch, -2.6
166.890s [kinematics] roll, 42.0, pitch, -2.7
166.911s [kinematics] roll, 40.5, pitch, -3.3
166.932s [kinematics] roll, 39.6, pitch, -3.3
166.953s [kinematics] roll, 38.9, pitch, -3.0
166.974s [kinematics] roll, 38.0, pitch, -3.0
166.995s [kinematics] roll, 37.1, pitch, -3.2
167.016s [kinematics] roll, 35.7, pitch, -3.4
167.037s [kinematics] roll, 34.9, pitch, -3.4
167.058s [kinematics] roll, 33.9, pitch, -3.4
167.079s [kinematics] roll, 32.6, pitch, -3.6
167.100s [kinematics] roll, 31.1, pitch, -3.8
167.121s [kinematics] roll, 28.3, pitch, -4.0
167.142s [kinematics] roll, 26.8, pitch, -4.0
167.163s [kinematics] roll, 25.1, pitch, -3.8
167.184s [kinematics] roll, 23.5, pitch, -4.0
167.205s [kinematics] roll, 21.0, pitch, -4.0
167.226s [kinematics] roll, 20.4, pitch, -4.0
167.247s [kinematics] roll, 19.6, pitch, -4.2
167.268s [kinematics] roll, 18.7, pitch, -4.5
167.289s [kinematics] roll, 18.0, pitch, -4.8
167.310s [kinematics] roll, 15.7, pitch, -5.5
167.331s [kinematics] roll, 14.3, pitch, -5.8
167.352s [kinematics] roll, 12.6, pitch, -6.4
167.373s [kinematics] roll, 10.3, pitch, -6.7
167.394s [kinematics] roll, 7.9, pitch, -7.0
167.415s [kinematics] roll, 3.0, pitch, -7.5
167.436s [kinematics] roll, 0.4, pitch, -7.4
167.457s [kinematics] roll, -1.5, pitch, -7.6
167.478s [kinematics] roll, -3.4, pitch, -8.0
167.499s [kinematics] roll, -8.4, pitch, -7.7
167.520s [kinematics] roll, -11.0, pitch, -7.5
167.541s [kinematics] roll, -13.6, pitch, -7.7
167.562s [kinematics] roll, -16.4, pitch, -7.4
167.583s [kinematics] roll, -19.0, pitch, -7.0
167.604s [kinematics] roll, -24.0, pitch, -5.8
167.625s [kinematics] roll, -26.1, pitch, -5.6
167.646s [kinematics] roll, -28.0, pitch, -6.0
167.667s [kinematics] roll, -29.8, pitch, -6.4
167.688s [kinematics] roll, -31.7, pitch, -6.3
167.709s [kinematics] roll, -36.0, pitch, -5.7
167.730s [kinematics] roll, -38.2, pitch, -5.4
167.751s [kinematics] roll, -40.4, pitch, -5.1
167.772s [kinematics] roll, -42.3, pitch, -5.0
167.793s [kinematics] roll, -45.8, pitch, -4.4
167.814s [kinematics] roll, -47.3, pitch, -4.4
167.835s [kinematics] roll, -48.7, pitch, -4.4
167.856s [kinematics] roll, -50.1, pitch, -4.2
167.877s [kinematics] roll, -51.5, pitch, -4.1
167.898s [kinematics] roll, -53.5, pitch, -4.6
167.919s [kinematics] roll, -54.5, pitch, -4.8
167.940s [kinematics] roll, -55.6, pitch, -4.8
167.961s [kinematics] roll, -56.7, pitch, -4.7
167.982s [kinematics] roll, -58.0, pitch, -4.7
168.003s [kinematics] roll, -59.0, pitch, -5.2
168.024s [kinematics] roll, -59.3, pitch, -5.4
168.045s [kinematics] roll, -59.5, pitch, -5.4
168.066s [kinematics] roll, -59.7, pitch, -5.4
168.087s [kinematics] roll, -60.4, pitch, -5.4
168.108s [kinematics] roll, -60.5, pitch, -5.5
168.129s [kinematics] roll, -60.5, pitch, -5.6
168.150s [kinematics] roll, -60.5, pitch, -5.6
168.171s [kinematics] roll, -60.3, pitch, -5.5
168.192s [kinematics] roll, -59.6, pitch, -4.7
168.213s [kinematics] roll, -59.2, pitch, -4.3
168.234s [kinematics] roll, -58.7, pitch, -4.2
168.255s [kinematics] roll, -58.2, pitch, -4.1
168.276s [kinematics] roll, -57.6, pitch, -4.3
168.297s [kinematics] roll, -56.4, pitch, -4.3
168.318s [kinematics] roll, -55.4, pitch, -4.2
168.339s [kinematics] roll, -54.1, pitch, -4.2
168.360s [kinematics] roll, -52.7, pitch, -4.3
168.381s [kinematics] roll, -49.3, pitch, -4.4
168.402s [kinematics] roll, -47.3, pitch, -4.5
168.423s [kinematics] roll, -45.2, pitch, -4.4
168.444s [kinematics] roll, -43.1, pitch, -4.0
168.465s [kinematics] roll, -41.1, pitch, -3.6
168.486s [kinematics] roll, -37.5, pitch, -3.2
168.507s [kinematics] roll, -35.7, pitch, -3.0
168.528s [kinematics] roll, -33.8, pitch, -2.7
168.549s [kinematics] roll, -32.0, pitch, -2.4
168.570s [kinematics] roll, -30.3, pitch, -2.0
168.591s [kinematics] roll, -26.6, pitch, 0.3
168.612s [kinematics] roll, -25.0, pitch, 0.6
168.633s [kinematics] roll, -23.6, pitch, 1.6
168.654s [kinematics] roll, -22.4, pitch, 2.6
168.675s [kinematics] roll, -21.3, pitch, 6.3
168.696s [kinematics] roll, -20.1, pitch, 7.6
168.717s [kinematics] roll, -19.6, pitch, 8.8
168.738s [kinematics] roll, -19.3, pitch, 10.0
168.759s [kinematics] roll, -19.2, pitch, 11.4
168.780s [kinematics] roll, -19.2, pitch, 15.5
168.801s [kinematics] roll, -19.2, pitch, 17.3
168.822s [kinematics] roll, -19.6, pitch, 19.7
168.843s [kinematics] roll, -20.1, pitch, 22.5
168.864s [kinematics] roll, -20.4, pitch, 25.1
168.885s [kinematics] roll, -20.0, pitch, 30.1
168.906s [kinematics] roll, -20.0, pitch, 31.8
168.927s [kinematics] roll, -20.2, pitch, 33.6
168.948s [kinematics] roll, -20.1, pitch, 35.0
168.969s [kinematics] roll, -19.6, pitch, 37.9
168.990s [kinematics] roll, -19.0, pitch, 39.9
169.011s [kinematics] roll, -18.1, pitch, 41.6
169.032s [kinematics] roll, -18.0, pitch, 43.1
169.053s [kinematics] roll, -18.0, pitch, 44.8
169.074s [kinematics] roll, -17.8, pitch, 48.1
169.095s [kinematics] roll, -17.5, pitch, 49.3
169.116s [kinematics] roll, -17.1, pitch, 50.6
169.137s [kinematics] roll, -16.7, pitch, 51.8
169.158s [kinematics] roll, -16.5, pitch, 53.0
169.179s [kinematics] roll, -16.6, pitch, 55.7
169.200s [kinematics] roll, -16.5, pitch, 57.1
169.221s [kinematics] roll, -16.1, pitch, 58.3
169.242s [kinematics] roll, -15.7, pitch, 59.4
169.263s [kinematics] roll, -14.8, pitch, 60.9
169.284s [kinematics] roll, -14.6, pitch, 61.3
169.305s [kinematics] roll, -14.6, pitch, 61.6
169.326s [kinematics] roll, -14.7, pitch, 61.8
169.347s [kinematics] roll, -14.6, pitch, 62.0
169.368s [kinematics] roll, -14.5, pitch, 62.2
169.389s [kinematics] roll, -14.5, pitch, 62.2
169.410s [kinematics] roll, -14.6, pitch, 62.1
169.431s [kinematics] roll, -14.7, pitch, 61.7
169.452s [kinematics] roll, -14.7, pitch, 61.1
169.473s [kinematics] roll, -15.1, pitch, 59.3
169.494s [kinematics] roll, -15.3, pitch, 58.3
169.515s [kinematics] roll, -15.4, pitch, 57.2
169.536s [kinematics] roll, -15.3, pitch, 55.8
169.557s [kinematics] roll, -15.5, pitch, 52.3
169.578s [kinematics] roll, -15.5, pitch, 50.7
169.599s [kinematics] roll, -15.6, pitch, 49.4
169.620s [kinematics] roll, -15.8, pitch, 48.1
169.641s [kinematics] roll, -16.0, pitch, 46.9
169.662s [kinematics] roll, -16.3, pitch, 44.4
169.683s [kinematics] roll, -16.1, pitch, 42.9
169.704s [kinematics] roll, -15.8, pitch, 41.2
169.725s [kinematics] roll, -15.2, pitch, 39.2
169.746s [kinematics] roll, -14.7, pitch, 37.2
169.767s [kinematics] roll, -14.0, pitch, 33.5
169.788s [kinematics] roll, -14.0, pitch, 31.6
169.809s [kinematics] roll, -13.8, pitch, 29.7
169.830s [kinematics] roll, -13.8, pitch, 27.8
169.851s [kinematics] roll, -13.7, pitch, 23.9
169.872s [kinematics] roll, -13.5, pitch, 21.9
169.893s [kinematics] roll, -13.3, pitch, 20.0
169.914s [kinematics] roll, -13.0, pitch, 18.0
169.935s [kinematics] roll, -12.4, pitch, 15.9
169.956s [kinematics] roll, -11.5, pitch, 12.1
169.977s [kinematics] roll, -11.0, pitch, 10.1
169.998s [kinematics] roll, -10.4, pitch, 8.3
170.019s [kinematics] roll, -10.0, pitch, 6.8
170.040s [kinematics] roll, -9.6, pitch, 5.6
170.061s [kinematics] roll, -9.0, pitch, 2.9
170.082s [kinematics] roll, -9.0, pitch, 1.9
170.103s [kinematics] roll, -9.0, pitch, 0.8
170.124s [kinematics] roll, -8.7, pitch, 0.0
170.145s [kinematics] roll, -8.7, pitch, -1.0
170.166s [kinematics] roll, -8.6, pitch, -1.6
170.187s [kinematics] roll, -8.5, pitch, -2.3
170.208s [kinematics] roll, -8.5, pitch, -3.0
170.229s [kinematics] roll, -8.3, pitch, -3.4
170.250s [kinematics] roll, -8.0, pitch, -4.2
170.271s [kinematics] roll, -7.6, pitch, -4.6
170.292s [kinematics] roll, -7.2, pitch, -5.0
170.313s [kinematics] roll, -7.1, pitch, -5.2
170.334s [kinematics] roll, -7.0, pitch, -5.1
170.355s [kinematics] roll, -6.1, pitch, -5.5
170.376s [kinematics] roll, -4.6, pitch, -6.7
170.397s [kinematics] roll, -2.8, pitch, -8.0
170.418s [kinematics] roll, -1.1, pitch, -8.5
170.439s [kinematics] roll, 3.7, pitch, -8.0
170.460s [kinematics] roll, 6.0, pitch, -7.7
170.481s [kinematics] roll, 7.7, pitch, -7.4
170.502s [kinematics] roll, 10.1, pitch, -7.4
170.523s [kinematics] roll, 13.9, pitch, -8.2
170.544s [kinematics] roll, 19.1, pitch, -8.0
170.565s [kinematics] roll, 20.4, pitch, -7.8
170.586s [kinematics] roll, 22.1, pitch, -8.2
170.607s [kinematics] roll, 24.5, pitch, -8.7
170.628s [kinematics] roll, 26.4, pitch, -9.1
170.649s [kinematics] roll, 29.1, pitch, -9.0
170.670s [kinematics] roll, 30.4, pitch, -8.5
170.691s [kinematics] roll, 32.1, pitch, -8.0
170.712s [kinematics] roll, 34.2, pitch, -7.7
170.733s [kinematics] roll, 36.2, pitch, -7.8
170.754s [kinematics] roll, 38.1, pitch, -7.1
170.775s [kinematics] roll, 38.8, pitch, -6.6
170.796s [kinematics] roll, 39.4, pitch, -6.2
170.817s [kinematics] roll, 39.8, pitch, -6.0
170.838s [kinematics] roll, 40.3, pitch, -5.6
170.859s [kinematics] roll, 40.4, pitch, -5.7
170.880s [kinematics] roll, 40.6, pitch, -5.7
170.901s [kinematics] roll, 40.6, pitch, -5.6
170.922s [kinematics] roll, 40.3, pitch, -5.5
170.943s [kinematics] roll, 39.2, pitch, -5.0
170.964s [kinematics] roll, 38.3, pitch, -4.7
170.985s [kinematics] roll, 37.1, pitch, -5.0
171.006s [kinematics] roll, 35.6, pitch, -4.6
171.027s [kinematics] roll, 33.5, pitch, -4.4
171.048s [kinematics] roll, 27.9, pitch, -4.1
171.069s [kinematics] roll, 24.7, pitch, -3.4
171.090s [kinematics] roll, 21.4, pitch, -3.3
171.111s [kinematics] roll, 18.0, pitch, -3.3
171.132s [kinematics] roll, 9.7, pitch, -4.2
171.153s [kinematics] roll, 5.8, pitch, -4.2
171.174s [kinematics] roll, 2.4, pitch, -4.0
171.195s [kinematics] roll, 0.0, pitch, -4.0
171.216s [kinematics] roll, -2.4, pitch, -4.3
171.237s [kinematics] roll, -6.7, pitch, -5.0
171.258s [kinematics] roll, -8.8, pitch, -5.2
171.279s [kinematics] roll, -11.5, pitch, -5.0
171.300s [kinematics] roll, -14.1, pitch, -5.3
171.321s [kinematics] roll, -17.0, pitch, -5.8
171.342s [kinematics] roll, -21.4, pitch, -5.4
171.363s [kinematics] roll, -23.2, pitch, -5.1
171.384s [kinematics] roll, -24.6, pitch, -5.0
171.405s [kinematics] roll, -26.3, pitch, -4.8
171.426s [kinematics] roll, -30.0, pitch, -5.2
171.447s [kinematics] roll, -31.7, pitch, -5.1
171.468s [kinematics] roll, -33.7, pitch, -4.8
171.489s [kinematics] roll, -35.5, pitch, -5.0
171.510s [kinematics] roll, -37.5, pitch, -4.8
171.531s [kinematics] roll, -41.4, pitch, -4.0
171.552s [kinematics] roll, -42.6, pitch, -4.1
171.573s [kinematics] roll, -43.3, pitch, -4.4
171.594s [kinematics] roll, -43.4, pitch, -5.0
171.615s [kinematics] roll, -43.1, pitch, -5.6
171.636s [kinematics] roll, -43.2, pitch, -5.0
171.657s [kinematics] roll, -43.1, pitch, -4.7
171.678s [kinematics] roll, -43.0, pitch, -4.8
171.699s [kinematics] roll, -42.7, pitch, -5.3
171.720s [kinematics] roll, -41.8, pitch, -5.6
171.741s [kinematics] roll, -41.3, pitch, -5.1
171.762s [kinematics] roll, -40.4, pitch, -4.4
171.783s [kinematics] roll, -39.0, pitch, -4.3
171.804s [kinematics] roll, -37.0, pitch, -4.8
171.825s [kinematics] roll, -32.7, pitch, -5.0
171.846s [kinematics] roll, -31.0, pitch, -4.8
171.867s [kinematics] roll, -29.1, pitch, -5.3
171.888s [kinematics] roll, -27.4, pitch, -5.5
171.909s [kinematics] roll, -25.5, pitch, -5.8
171.930s [kinematics] roll, -20.8, pitch, -5.7
171.951s [kinematics] roll, -18.5, pitch, -5.2
171.972s [kinematics] roll, -16.6, pitch, -4.8
171.993s [kinematics] roll, -15.2, pitch, -4.3
172.014s [kinematics] roll, -12.1, pitch, -3.2
172.035s [kinematics] roll, -10.1, pitch, -4.0
172.056s [kinematics] roll, -9.3, pitch, -3.7
172.077s [kinematics] roll, -8.7, pitch, -3.6
172.098s [kinematics] roll, -7.8, pitch, -3.4
172.119s [kinematics] roll, -5.7, pitch, -3.4
172.140s [kinematics] roll, -4.2, pitch, -2.6
172.161s [kinematics] roll, -2.6, pitch, -2.1
172.182s [kinematics] roll, -2.2, pitch, -1.1
172.203s [kinematics] roll, 0.6, pitch, -2.0
172.224s [kinematics] roll, 0.6, pitch, -1.7
172.245s [kinematics] roll, 1.0, pitch, -1.8
172.266s [kinematics] roll, 1.5, pitch, -1.8
172.287s [kinematics] roll, 1.9, pitch, -1.8
172.308s [kinematics] roll, 2.6, pitch, -2.0
172.329s [kinematics] roll, 2.9, pitch, -2.0
172.350s [kinematics] roll, 3.1, pitch, -2.0
172.371s [kinematics] roll, 3.3, pitch, -2.0
172.392s [kinematics] roll, 3.5, pitch, -2.0
172.413s [kinematics] roll, 3.8, pitch, -2.0
172.434s [kinematics] roll, 4.0, pitch, -2.0
172.455s [kinematics] roll, 4.1, pitch, -2.0
172.476s [kinematics] roll, 4.2, pitch, -2.0
172.497s [kinematics] roll, 4.3, pitch, -2.0
172.518s [kinematics] roll, 4.4, pitch, -2.0
172.539s [kinematics] roll, 4.5, pitch, -2.0
172.560s [kinematics] roll, 4.5, pitch, -2.0
172.581s [kinematics] roll, 4.6, pitch, -2.0
172.602s [kinematics] roll, 4.7, pitch, -2.0
172.623s [kinematics] roll, 4.7, pitch, -2.0
172.644s [kinematics] roll, 4.7, pitch, -2.0
172.665s [kinematics] roll, 4.7, pitch, -2.1
172.686s [kinematics] roll, 4.7, pitch, -2.1
172.707s [kinematics] roll, 4.8, pitch, -2.0
172.728s [kinematics] roll, 4.8, pitch, -2.0
172.749s [kinematics] roll, 4.8, pitch, -2.0
172.770s [kinematics] roll, 4.8, pitch, -2.0
172.791s [kinematics] roll, 4.8, pitch, -2.0
172.812s [kinematics] roll, 4.9, pitch, -2.1
172.833s [kinematics] roll, 4.9, pitch, -2.0
172.854s [kinematics] roll, 4.8, pitch, -2.0
172.875s [kinematics] roll, 4.9, pitch, -2.0
172.896s [kinematics] roll, 4.9, pitch, -2.1
172.917s [kinematics] roll, 4.9, pitch, -2.1
172.938s [kinematics] roll, 5.0, pitch, -2.1
172.959s [kinematics] roll, 5.0, pitch, -2.1
172.980s [kinematics] roll, 5.0, pitch, -2.0
173.001s [kinematics] roll, 4.9, pitch, -2.0
173.022s [kinematics] roll, 4.9, pitch, -2.0
173.043s [kinematics] roll, 4.9, pitch, -2.1
173.064s [kinematics] roll, 4.9, pitch, -2.1
173.085s [kinematics] roll, 4.9, pitch, -2.0
173.106s [kinematics] roll, 5.0, pitch, -2.0
173.127s [kinematics] roll, 4.9, pitch, -2.0
173.148s [kinematics] roll, 4.8, pitch, -2.1
173.169s [kinematics] roll, 4.8, pitch, -2.1
173.190s [kinematics] roll, 5.0, pitch, -2.0
173.211s [kinematics] roll, 5.0, pitch, -2.0
173.232s [kinematics] roll, 4.9, pitch, -2.0
173.253s [kinematics] roll, 4.9, pitch, -2.0
173.274s [kinematics] roll, 5.0, pitch, -2.0
173.295s [kinematics] roll, 4.9, pitch, -2.0
173.316s [kinematics] roll, 4.9, pitch, -2.0
173.337s [kinematics] roll, 4.9, pitch, -2.0
173.358s [kinematics] roll, 4.9, pitch, -2.0
173.379s [kinematics] roll, 4.8, pitch, -2.0
173.400s [kinematics] roll, 5.0, pitch, -2.0
173.421s [kinematics] roll, 5.0, pitch, -2.0
173.442s [kinematics] roll, 4.9, pitch, -2.1
173.463s [kinematics] roll, 4.9, pitch, -2.1
173.484s [kinematics] roll, 4.9, pitch, -2.0
173.505s [kinematics] roll, 5.0, pitch, -2.0
173.526s [kinematics] roll, 5.0, pitch, -2.0
173.547s [kinematics] roll, 4.9, pitch, -2.0
173.568s [kinematics] roll, 4.9, pitch, -2.1
173.589s [kinematics] roll, 4.9, pitch, -2.0
173.610s [kinematics] roll, 5.0, pitch, -2.0
173.631s [kinematics] roll, 5.0, pitch, -2.0
173.652s [kinematics] roll, 4.9, pitch, -2.0
173.673s [kinematics] roll, 4.9, pitch, -2.1
173.694s [kinematics] roll, 4.9, pitch, -2.0
173.715s [kinematics] roll, 4.9, pitch, -2.0
173.736s [kinematics] roll, 5.0, pitch, -2.0
173.757s [kinematics] roll, 4.9, pitch, -2.0
173.778s [kinematics] roll, 4.9, pitch, -2.0
173.799s [kinematics] roll, 4.9, pitch, -2.0
173.820s [kinematics] roll, 4.9, pitch, -2.0
173.841s [kinematics] roll, 4.9, pitch, -2.0
173.862s [kinematics] roll, 4.9, pitch, -2.0
173.883s [kinematics] roll, 4.9, pitch, -2.0
173.904s [kinematics] roll, 4.9, pitch, -2.0
173.925s [kinematics] roll, 4.9, pitch, -2.0
173.946s [kinematics] roll, 4.9, pitch, -2.0
173.967s [kinematics] roll, 4.9, pitch, -2.0
173.988s [kinematics] roll, 5.0, pitch, -2.0
174.009s [kinematics] roll, 4.9, pitch, -2.0
174.030s [kinematics] roll, 4.9, pitch, -2.0
174.051s [kinematics] roll, 4.9, pitch, -2.0
174.072s [kinematics] roll, 4.9, pitch, -2.0
174.093s [kinematics] roll, 4.9, pitch, -2.0
174.114s [kinematics] roll, 5.0, pitch, -2.0
174.135s [kinematics] roll, 5.0, pitch, -2.0
174.156s [kinematics] roll, 4.9, pitch, -2.0
174.177s [kinematics] roll, 4.9, pitch, -2.0
174.198s [kinematics] roll, 4.9, pitch, -2.0
174.219s [kinematics] roll, 5.0, pitch, -2.0
174.240s [kinematics] roll, 4.9, pitch, -2.0
[0m