Removed Pin From Net: NetName=HSU_1 Pin=TP217_1-1
Removed Pin From Net: NetName=HSU_2 Pin=TP217_2-1
Removed Pin From Net: NetName=HSU_3 Pin=TP217_3-1
Removed Pin From Net: NetName=HSU_4 Pin=TP217_4-1
Removed Pin From Net: NetName=LSU_1 Pin=TP218_1-1
Removed Pin From Net: NetName=LSU_2 Pin=TP218_2-1
Removed Pin From Net: NetName=LSU_3 Pin=TP218_3-1
Removed Pin From Net: NetName=LSU_4 Pin=TP218_4-1
Removed Pin From Net: NetName=HSV_1 Pin=TP221_1-1
Removed Pin From Net: NetName=HSV_2 Pin=TP221_2-1
Removed Pin From Net: NetName=HSV_3 Pin=TP221_3-1
Removed Pin From Net: NetName=HSV_4 Pin=TP221_4-1
Removed Pin From Net: NetName=LSV_1 Pin=TP223_1-1
Removed Pin From Net: NetName=LSV_2 Pin=TP223_2-1
Removed Pin From Net: NetName=LSV_3 Pin=TP223_3-1
Removed Pin From Net: NetName=LSV_4 Pin=TP223_4-1
Removed Pin From Net: NetName=HSW_1 Pin=TP226_1-1
Removed Pin From Net: NetName=HSW_2 Pin=TP226_2-1
Removed Pin From Net: NetName=HSW_3 Pin=TP226_3-1
Removed Pin From Net: NetName=HSW_4 Pin=TP226_4-1
Removed Pin From Net: NetName=LSW_1 Pin=TP227_1-1
Removed Pin From Net: NetName=LSW_2 Pin=TP227_2-1
Removed Pin From Net: NetName=LSW_3 Pin=TP227_3-1
Removed Pin From Net: NetName=LSW_4 Pin=TP227_4-1
Removed Member From Class: ClassName=BLDC1 Member=TP217_1
Removed Member From Class: ClassName=BLDC2 Member=TP217_2
Removed Member From Class: ClassName=BLDC3 Member=TP217_3
Removed Member From Class: ClassName=BLDC4 Member=TP217_4
Removed Member From Class: ClassName=BLDC1 Member=TP218_1
Removed Member From Class: ClassName=BLDC2 Member=TP218_2
Removed Member From Class: ClassName=BLDC3 Member=TP218_3
Removed Member From Class: ClassName=BLDC4 Member=TP218_4
Removed Member From Class: ClassName=BLDC1 Member=TP221_1
Removed Member From Class: ClassName=BLDC2 Member=TP221_2
Removed Member From Class: ClassName=BLDC3 Member=TP221_3
Removed Member From Class: ClassName=BLDC4 Member=TP221_4
Removed Member From Class: ClassName=BLDC1 Member=TP223_1
Removed Member From Class: ClassName=BLDC2 Member=TP223_2
Removed Member From Class: ClassName=BLDC3 Member=TP223_3
Removed Member From Class: ClassName=BLDC4 Member=TP223_4
Removed Member From Class: ClassName=BLDC1 Member=TP226_1
Removed Member From Class: ClassName=BLDC2 Member=TP226_2
Removed Member From Class: ClassName=BLDC3 Member=TP226_3
Removed Member From Class: ClassName=BLDC4 Member=TP226_4
Removed Member From Class: ClassName=BLDC1 Member=TP227_1
Removed Member From Class: ClassName=BLDC2 Member=TP227_2
Removed Member From Class: ClassName=BLDC3 Member=TP227_3
Removed Member From Class: ClassName=BLDC4 Member=TP227_4
Added Pin To Net: NetName=PWM_BUS1 Pin=TP204_1-1
Added Pin To Net: NetName=PWM_BUS2 Pin=TP204_2-1
Added Pin To Net: NetName=PWM_BUS3 Pin=TP204_3-1
Added Pin To Net: NetName=PWM_BUS4 Pin=TP204_4-1
Added Pin To Net: NetName=RESET_BUS1 Pin=TP205_1-1
Added Pin To Net: NetName=RESET_BUS2 Pin=TP205_2-1
Added Pin To Net: NetName=RESET_BUS3 Pin=TP205_3-1
Added Pin To Net: NetName=RESET_BUS4 Pin=TP205_4-1
Added Pin To Net: NetName=BOOTSEL_BUS1 Pin=TP206_1-1
Added Pin To Net: NetName=BOOTSEL_BUS2 Pin=TP206_2-1
Added Pin To Net: NetName=BOOTSEL_BUS3 Pin=TP206_3-1
Added Pin To Net: NetName=BOOTSEL_BUS4 Pin=TP206_4-1
Added Pin To Net: NetName=RX_BUS1 Pin=TP208_1-1
Added Pin To Net: NetName=RX_BUS2 Pin=TP208_2-1
Added Pin To Net: NetName=RX_BUS3 Pin=TP208_3-1
Added Pin To Net: NetName=RX_BUS4 Pin=TP208_4-1
Added Pin To Net: NetName=TX_BUS1 Pin=TP210_1-1
Added Pin To Net: NetName=TX_BUS2 Pin=TP210_2-1
Added Pin To Net: NetName=TX_BUS3 Pin=TP210_3-1
Added Pin To Net: NetName=TX_BUS4 Pin=TP210_4-1
