Added Net: Name=ARM_BUS1
Added Net: Name=ARM_BUS2
Added Net: Name=ARM_BUS3
Added Net: Name=ARM_BUS4
Added Net: Name=BLUE_BLDC1
Added Net: Name=BLUE_BLDC2
Added Net: Name=BLUE_BLDC3
Added Net: Name=BLUE_BLDC4
Added Net: Name=BOOT_BLDC1
Added Net: Name=BOOT_BLDC2
Added Net: Name=BOOT_BLDC3
Added Net: Name=BOOT_BLDC4
Added Net: Name=BOOTLOADER_RX_BLDC1
Added Net: Name=BOOTLOADER_RX_BLDC2
Added Net: Name=BOOTLOADER_RX_BLDC3
Added Net: Name=BOOTLOADER_RX_BLDC4
Added Net: Name=BOOTLOADER_TX_BLDC1
Added Net: Name=BOOTLOADER_TX_BLDC2
Added Net: Name=BOOTLOADER_TX_BLDC3
Added Net: Name=BOOTLOADER_TX_BLDC4
Added Net: Name=BOOTSEL_BLDC1
Added Net: Name=BOOTSEL_BLDC2
Added Net: Name=BOOTSEL_BLDC3
Added Net: Name=BOOTSEL_BLDC4
Added Net: Name=BOOTSEL_BUS1
Added Net: Name=BOOTSEL_BUS2
Added Net: Name=BOOTSEL_BUS3
Added Net: Name=BOOTSEL_BUS4
Added Net: Name=BT_RES_NEN_BLDC1
Added Net: Name=BT_RES_NEN_BLDC2
Added Net: Name=BT_RES_NEN_BLDC3
Added Net: Name=BT_RES_NEN_BLDC4
Added Net: Name=CSENSE_BLDC1
Added Net: Name=CSENSE_BLDC2
Added Net: Name=CSENSE_BLDC3
Added Net: Name=CSENSE_BLDC4
Added Net: Name=CURRENT_BLDC1
Added Net: Name=CURRENT_BLDC2
Added Net: Name=CURRENT_BLDC3
Added Net: Name=CURRENT_BLDC4
Added Net: Name=EVENT_IN
Added Net: Name=G1_BLDC1
Added Net: Name=G1_BLDC2
Added Net: Name=G1_BLDC3
Added Net: Name=G1_BLDC4
Added Net: Name=G2_BLDC1
Added Net: Name=G2_BLDC2
Added Net: Name=G2_BLDC3
Added Net: Name=G2_BLDC4
Added Net: Name=G3_BLDC1
Added Net: Name=G3_BLDC2
Added Net: Name=G3_BLDC3
Added Net: Name=G3_BLDC4
Added Net: Name=G4_BLDC1
Added Net: Name=G4_BLDC2
Added Net: Name=G4_BLDC3
Added Net: Name=G4_BLDC4
Added Net: Name=G5_BLDC1
Added Net: Name=G5_BLDC2
Added Net: Name=G5_BLDC3
Added Net: Name=G5_BLDC4
Added Net: Name=G6_BLDC1
Added Net: Name=G6_BLDC2
Added Net: Name=G6_BLDC3
Added Net: Name=G6_BLDC4
Added Net: Name=GND
Added Net: Name=GREEN_BLDC1
Added Net: Name=GREEN_BLDC2
Added Net: Name=GREEN_BLDC3
Added Net: Name=GREEN_BLDC4
Added Net: Name=HSU_BLDC1
Added Net: Name=HSU_BLDC2
Added Net: Name=HSU_BLDC3
Added Net: Name=HSU_BLDC4
Added Net: Name=HSV_BLDC1
Added Net: Name=HSV_BLDC2
Added Net: Name=HSV_BLDC3
Added Net: Name=HSV_BLDC4
Added Net: Name=HSW_BLDC1
Added Net: Name=HSW_BLDC2
Added Net: Name=HSW_BLDC3
Added Net: Name=HSW_BLDC4
Added Net: Name=LSU_BLDC1
Added Net: Name=LSU_BLDC2
Added Net: Name=LSU_BLDC3
Added Net: Name=LSU_BLDC4
Added Net: Name=LSV_BLDC1
Added Net: Name=LSV_BLDC2
Added Net: Name=LSV_BLDC3
Added Net: Name=LSV_BLDC4
Added Net: Name=LSW_BLDC1
Added Net: Name=LSW_BLDC2
Added Net: Name=LSW_BLDC3
Added Net: Name=LSW_BLDC4
Added Net: Name=NetC101_1
Added Net: Name=NetC101_2
Added Net: Name=NetC208_BLDC1_1
Added Net: Name=NetC208_BLDC2_1
Added Net: Name=NetC208_BLDC3_1
Added Net: Name=NetC208_BLDC4_1
Added Net: Name=NetC214_BLDC1_1
Added Net: Name=NetC214_BLDC2_1
Added Net: Name=NetC214_BLDC3_1
Added Net: Name=NetC214_BLDC4_1
Added Net: Name=NetC216_BLDC1_1
Added Net: Name=NetC216_BLDC2_1
Added Net: Name=NetC216_BLDC3_1
Added Net: Name=NetC216_BLDC4_1
Added Net: Name=NetC220_BLDC1_1
Added Net: Name=NetC220_BLDC2_1
Added Net: Name=NetC220_BLDC3_1
Added Net: Name=NetC220_BLDC4_1
Added Net: Name=NetC221_BLDC1_1
Added Net: Name=NetC221_BLDC2_1
Added Net: Name=NetC221_BLDC3_1
Added Net: Name=NetC221_BLDC4_1
Added Net: Name=NetD200_BLDC1_A
Added Net: Name=NetD200_BLDC2_A
Added Net: Name=NetD200_BLDC3_A
Added Net: Name=NetD200_BLDC4_A
Added Net: Name=NetD201_BLDC1_K
Added Net: Name=NetD201_BLDC2_K
Added Net: Name=NetD201_BLDC3_K
Added Net: Name=NetD201_BLDC4_K
Added Net: Name=NetD202_BLDC1_K
Added Net: Name=NetD202_BLDC2_K
Added Net: Name=NetD202_BLDC3_K
Added Net: Name=NetD202_BLDC4_K
Added Net: Name=NetD206_BLDC1_K
Added Net: Name=NetD206_BLDC2_K
Added Net: Name=NetD206_BLDC3_K
Added Net: Name=NetD206_BLDC4_K
Added Net: Name=NetD207_BLDC1_2
Added Net: Name=NetD207_BLDC1_3
Added Net: Name=NetD207_BLDC1_4
Added Net: Name=NetD207_BLDC2_2
Added Net: Name=NetD207_BLDC2_3
Added Net: Name=NetD207_BLDC2_4
Added Net: Name=NetD207_BLDC3_2
Added Net: Name=NetD207_BLDC3_3
Added Net: Name=NetD207_BLDC3_4
Added Net: Name=NetD207_BLDC4_2
Added Net: Name=NetD207_BLDC4_3
Added Net: Name=NetD207_BLDC4_4
Added Net: Name=NetQ204_BLDC1_1
Added Net: Name=NetQ204_BLDC2_1
Added Net: Name=NetQ204_BLDC3_1
Added Net: Name=NetQ204_BLDC4_1
Added Net: Name=NetR100_2
Added Net: Name=NetR217_BLDC1_2
Added Net: Name=NetR217_BLDC2_2
Added Net: Name=NetR217_BLDC3_2
Added Net: Name=NetR217_BLDC4_2
Added Net: Name=NetR220_BLDC1_2
Added Net: Name=NetR220_BLDC2_2
Added Net: Name=NetR220_BLDC3_2
Added Net: Name=NetR220_BLDC4_2
Added Net: Name=NetR222_BLDC1_2
Added Net: Name=NetR222_BLDC2_2
Added Net: Name=NetR222_BLDC3_2
Added Net: Name=NetR222_BLDC4_2
Added Net: Name=NetR223_BLDC1_2
Added Net: Name=NetR223_BLDC2_2
Added Net: Name=NetR223_BLDC3_2
Added Net: Name=NetR223_BLDC4_2
Added Net: Name=NetR224_BLDC1_1
Added Net: Name=NetR224_BLDC2_1
Added Net: Name=NetR224_BLDC3_1
Added Net: Name=NetR224_BLDC4_1
Added Net: Name=NetR226_BLDC1_1
Added Net: Name=NetR226_BLDC2_1
Added Net: Name=NetR226_BLDC3_1
Added Net: Name=NetR226_BLDC4_1
Added Net: Name=NetR234_BLDC1_1
Added Net: Name=NetR234_BLDC2_1
Added Net: Name=NetR234_BLDC3_1
Added Net: Name=NetR234_BLDC4_1
Added Net: Name=NetTP224_BLDC1_1
Added Net: Name=NetTP224_BLDC2_1
Added Net: Name=NetTP224_BLDC3_1
Added Net: Name=NetTP224_BLDC4_1
Added Net: Name=NetTP225_BLDC1_1
Added Net: Name=NetTP225_BLDC2_1
Added Net: Name=NetTP225_BLDC3_1
Added Net: Name=NetTP225_BLDC4_1
Added Net: Name=nRESET_BLDC1
Added Net: Name=nRESET_BLDC2
Added Net: Name=nRESET_BLDC3
Added Net: Name=nRESET_BLDC4
Added Net: Name=OCCOMP_BLDC1
Added Net: Name=OCCOMP_BLDC2
Added Net: Name=OCCOMP_BLDC3
Added Net: Name=OCCOMP_BLDC4
Added Net: Name=OP1N_BLDC1
Added Net: Name=OP1N_BLDC2
Added Net: Name=OP1N_BLDC3
Added Net: Name=OP1N_BLDC4
Added Net: Name=OP1O_BLDC1
Added Net: Name=OP1O_BLDC2
Added Net: Name=OP1O_BLDC3
Added Net: Name=OP1O_BLDC4
Added Net: Name=OP1P_BLDC1
Added Net: Name=OP1P_BLDC2
Added Net: Name=OP1P_BLDC3
Added Net: Name=OP1P_BLDC4
Added Net: Name=OP2N_BLDC1
Added Net: Name=OP2N_BLDC2
Added Net: Name=OP2N_BLDC3
Added Net: Name=OP2N_BLDC4
Added Net: Name=OP2O_BLDC1
Added Net: Name=OP2O_BLDC2
Added Net: Name=OP2O_BLDC3
Added Net: Name=OP2O_BLDC4
Added Net: Name=OP3N_BLDC1
Added Net: Name=OP3N_BLDC2
Added Net: Name=OP3N_BLDC3
Added Net: Name=OP3N_BLDC4
Added Net: Name=OP3O_BLDC1
Added Net: Name=OP3O_BLDC2
Added Net: Name=OP3O_BLDC3
Added Net: Name=OP3O_BLDC4
Added Net: Name=OUTU_BLDC1
Added Net: Name=OUTU_BLDC2
Added Net: Name=OUTU_BLDC3
Added Net: Name=OUTU_BLDC4
Added Net: Name=OUTV_BLDC1
Added Net: Name=OUTV_BLDC2
Added Net: Name=OUTV_BLDC3
Added Net: Name=OUTV_BLDC4
Added Net: Name=OUTW_BLDC1
Added Net: Name=OUTW_BLDC2
Added Net: Name=OUTW_BLDC3
Added Net: Name=OUTW_BLDC4
Added Net: Name=PWM_BLDC1
Added Net: Name=PWM_BLDC2
Added Net: Name=PWM_BLDC3
Added Net: Name=PWM_BLDC4
Added Net: Name=PWM_BUS1
Added Net: Name=PWM_BUS2
Added Net: Name=PWM_BUS3
Added Net: Name=PWM_BUS4
Added Net: Name=RED_BLDC1
Added Net: Name=RED_BLDC2
Added Net: Name=RED_BLDC3
Added Net: Name=RED_BLDC4
Added Net: Name=RESET_BUS1
Added Net: Name=RESET_BUS2
Added Net: Name=RESET_BUS3
Added Net: Name=RESET_BUS4
Added Net: Name=RX_BUS1
Added Net: Name=RX_BUS2
Added Net: Name=RX_BUS3
Added Net: Name=RX_BUS4
Added Net: Name=SWDCLK_BLDC1
Added Net: Name=SWDCLK_BLDC2
Added Net: Name=SWDCLK_BLDC3
Added Net: Name=SWDCLK_BLDC4
Added Net: Name=SWDIO_BLDC1
Added Net: Name=SWDIO_BLDC2
Added Net: Name=SWDIO_BLDC3
Added Net: Name=SWDIO_BLDC4
Added Net: Name=TX_BUS1
Added Net: Name=TX_BUS2
Added Net: Name=TX_BUS3
Added Net: Name=TX_BUS4
Added Net: Name=V3_3D
Added Net: Name=VBAT_BUS_FB_BLDC1
Added Net: Name=VBAT_BUS_FB_BLDC2
Added Net: Name=VBAT_BUS_FB_BLDC3
Added Net: Name=VBAT_BUS_FB_BLDC4
Added Net: Name=VBAT
Added Net: Name=VDD_STPIN_BLDC1
Added Net: Name=VDD_STPIN_BLDC2
Added Net: Name=VDD_STPIN_BLDC3
Added Net: Name=VDD_STPIN_BLDC4
Added Net: Name=VM_BLDC1
Added Net: Name=VM_BLDC2
Added Net: Name=VM_BLDC3
Added Net: Name=VM_BLDC4
Added Net: Name=VREG_BLDC1
Added Net: Name=VREG_BLDC2
Added Net: Name=VREG_BLDC3
Added Net: Name=VREG_BLDC4
Added Net: Name=XTRA_COMM_A_BLDC1
Added Net: Name=XTRA_COMM_A_BLDC2
Added Net: Name=XTRA_COMM_A_BLDC3
Added Net: Name=XTRA_COMM_A_BLDC4
Added Net: Name=XTRA_COMM_B_BLDC1
Added Net: Name=XTRA_COMM_B_BLDC2
Added Net: Name=XTRA_COMM_B_BLDC3
Added Net: Name=XTRA_COMM_B_BLDC4
Added Class: Name=BLDC1
Added Class: Name=BLDC2
Added Class: Name=BLDC3
Added Class: Name=BLDC4
Added Class: Name=U_QCPower Rev A Sht1 Logic Connector
Added Class: Name=ARM_BUS[4..1]
Added Class: Name=BOOTSEL_BUS[4..1]
Added Class: Name=PWM_BUS[4..1]
Added Class: Name=RESET_BUS[4..1]
Added Class: Name=RX_BUS[4..1]
Added Class: Name=TX_BUS[4..1]
Added Class: Name=QCPower Rev A Sht2 BLDC Controller
Added Room: Name=BLDC1
Added Room: Name=BLDC2
Added Room: Name=BLDC3
Added Room: Name=BLDC4
Added Room: Name=U_QCPower Rev A Sht1 Logic Connector
