ARM GAS  C:\Users\Brandon\AppData\Local\Temp\cc494VCl.s 			page 1


   1              		.cpu cortex-m7
   2              		.eabi_attribute 28, 1
   3              		.eabi_attribute 20, 1
   4              		.eabi_attribute 21, 1
   5              		.eabi_attribute 23, 3
   6              		.eabi_attribute 24, 1
   7              		.eabi_attribute 25, 1
   8              		.eabi_attribute 26, 1
   9              		.eabi_attribute 30, 2
  10              		.eabi_attribute 34, 1
  11              		.eabi_attribute 18, 4
  12              		.file	"debug_log.c"
  13              		.text
  14              		.section	.text.init_rtt_logging,"ax",%progbits
  15              		.align	1
  16              		.p2align 2,,3
  17              		.global	init_rtt_logging
  18              		.arch armv7e-m
  19              		.syntax unified
  20              		.thumb
  21              		.thumb_func
  22              		.fpu fpv5-d16
  24              	init_rtt_logging:
  25              		@ args = 0, pretend = 0, frame = 0
  26              		@ frame_needed = 0, uses_anonymous_args = 0
  27              		@ link register save eliminated.
  28 0000 FFF7FEBF 		b	SEGGER_RTT_Init
  30              		.section	.text.debug_timestamp_enable,"ax",%progbits
  31              		.align	1
  32              		.p2align 2,,3
  33              		.global	debug_timestamp_enable
  34              		.syntax unified
  35              		.thumb
  36              		.thumb_func
  37              		.fpu fpv5-d16
  39              	debug_timestamp_enable:
  40              		@ args = 0, pretend = 0, frame = 0
  41              		@ frame_needed = 0, uses_anonymous_args = 0
  42              		@ link register save eliminated.
  43 0000 014B     		ldr	r3, .L4
  44 0002 1870     		strb	r0, [r3]
  45 0004 7047     		bx	lr
  46              	.L5:
  47 0006 00BF     		.align	2
  48              	.L4:
  49 0008 00000000 		.word	.LANCHOR0
  51              		.section	.text._putc,"ax",%progbits
  52              		.align	1
  53              		.p2align 2,,3
  54              		.global	_putc
  55              		.syntax unified
  56              		.thumb
  57              		.thumb_func
  58              		.fpu fpv5-d16
  60              	_putc:
  61              		@ args = 0, pretend = 0, frame = 8
  62              		@ frame_needed = 0, uses_anonymous_args = 0
ARM GAS  C:\Users\Brandon\AppData\Local\Temp\cc494VCl.s 			page 2


  63 0000 00B5     		push	{lr}
  64 0002 83B0     		sub	sp, sp, #12
  65 0004 0346     		mov	r3, r0
  66 0006 0122     		movs	r2, #1
  67 0008 0020     		movs	r0, #0
  68 000a 0DF10701 		add	r1, sp, #7
  69 000e 8DF80730 		strb	r3, [sp, #7]
  70 0012 FFF7FEFF 		bl	SEGGER_RTT_Write
  71 0016 0120     		movs	r0, #1
  72 0018 03B0     		add	sp, sp, #12
  73              		@ sp needed
  74 001a 5DF804FB 		ldr	pc, [sp], #4
  76 001e 00BF     		.section	.text._puts,"ax",%progbits
  77              		.align	1
  78              		.p2align 2,,3
  79              		.global	_puts
  80              		.syntax unified
  81              		.thumb
  82              		.thumb_func
  83              		.fpu fpv5-d16
  85              	_puts:
  86              		@ args = 0, pretend = 0, frame = 8
  87              		@ frame_needed = 0, uses_anonymous_args = 0
  88 0000 0378     		ldrb	r3, [r0]	@ zero_extendqisi2
  89 0002 9BB1     		cbz	r3, .L11
  90 0004 30B5     		push	{r4, r5, lr}
  91 0006 0446     		mov	r4, r0
  92 0008 83B0     		sub	sp, sp, #12
  93 000a C0F10105 		rsb	r5, r0, #1
  94              	.L10:
  95 000e 0122     		movs	r2, #1
  96 0010 0DF10701 		add	r1, sp, #7
  97 0014 0020     		movs	r0, #0
  98 0016 8DF80730 		strb	r3, [sp, #7]
  99 001a FFF7FEFF 		bl	SEGGER_RTT_Write
 100 001e 2819     		adds	r0, r5, r4
 101 0020 14F8013F 		ldrb	r3, [r4, #1]!	@ zero_extendqisi2
 102 0024 002B     		cmp	r3, #0
 103 0026 F2D1     		bne	.L10
 104 0028 03B0     		add	sp, sp, #12
 105              		@ sp needed
 106 002a 30BD     		pop	{r4, r5, pc}
 107              	.L11:
 108 002c 1846     		mov	r0, r3
 109 002e 7047     		bx	lr
 111              		.global	__aeabi_uldivmod
 112              		.global	__aeabi_ldivmod
 113              		.section	.text._puti,"ax",%progbits
 114              		.align	1
 115              		.p2align 2,,3
 116              		.global	_puti
 117              		.syntax unified
 118              		.thumb
 119              		.thumb_func
 120              		.fpu fpv5-d16
 122              	_puti:
 123              		@ args = 0, pretend = 0, frame = 16
ARM GAS  C:\Users\Brandon\AppData\Local\Temp\cc494VCl.s 			page 3


 124              		@ frame_needed = 0, uses_anonymous_args = 0
 125 0000 0028     		cmp	r0, #0
 126 0002 2DE9F04F 		push	{r4, r5, r6, r7, r8, r9, r10, fp, lr}
 127 0006 9B46     		mov	fp, r3
 128 0008 85B0     		sub	sp, sp, #20
 129 000a 71F10003 		sbcs	r3, r1, #0
 130 000e 8046     		mov	r8, r0
 131 0010 8946     		mov	r9, r1
 132 0012 0192     		str	r2, [sp, #4]
 133 0014 48DB     		blt	.L30
 134 0016 0446     		mov	r4, r0
 135 0018 0D46     		mov	r5, r1
 136              	.L18:
 137 001a 2C4E     		ldr	r6, .L32
 138 001c 0027     		movs	r7, #0
 139              	.L19:
 140 001e 2046     		mov	r0, r4
 141 0020 2946     		mov	r1, r5
 142 0022 0A22     		movs	r2, #10
 143 0024 0023     		movs	r3, #0
 144 0026 FFF7FEFF 		bl	__aeabi_ldivmod
 145 002a 2046     		mov	r0, r4
 146 002c 02F13004 		add	r4, r2, #48
 147 0030 2946     		mov	r1, r5
 148 0032 0023     		movs	r3, #0
 149 0034 0A22     		movs	r2, #10
 150 0036 06F8014B 		strb	r4, [r6], #1
 151 003a BA46     		mov	r10, r7
 152 003c FFF7FEFF 		bl	__aeabi_ldivmod
 153 0040 0446     		mov	r4, r0
 154 0042 0D46     		mov	r5, r1
 155 0044 0137     		adds	r7, r7, #1
 156 0046 54EA0503 		orrs	r3, r4, r5
 157 004a E8D1     		bne	.L19
 158 004c B8F1000F 		cmp	r8, #0
 159 0050 79F10003 		sbcs	r3, r9, #0
 160 0054 2CDB     		blt	.L31
 161 0056 BA46     		mov	r10, r7
 162 0058 0DF10F09 		add	r9, sp, #15
 163              	.L20:
 164 005c 019B     		ldr	r3, [sp, #4]
 165 005e 0AF10108 		add	r8, r10, #1
 166 0062 9A45     		cmp	r10, r3
 167 0064 10DA     		bge	.L21
 168 0066 5D1C     		adds	r5, r3, #1
 169 0068 4446     		mov	r4, r8
 170              	.L22:
 171 006a 0134     		adds	r4, r4, #1
 172 006c 0122     		movs	r2, #1
 173 006e 4946     		mov	r1, r9
 174 0070 0020     		movs	r0, #0
 175 0072 8DF80FB0 		strb	fp, [sp, #15]
 176 0076 FFF7FEFF 		bl	SEGGER_RTT_Write
 177 007a AC42     		cmp	r4, r5
 178 007c F5D1     		bne	.L22
 179 007e 019B     		ldr	r3, [sp, #4]
 180 0080 5A1E     		subs	r2, r3, #1
ARM GAS  C:\Users\Brandon\AppData\Local\Temp\cc494VCl.s 			page 4


 181 0082 A2EB0A0A 		sub	r10, r2, r10
 182 0086 C244     		add	r10, r10, r8
 183              	.L21:
 184 0088 F71B     		subs	r7, r6, r7
 185              	.L23:
 186 008a 16F8013D 		ldrb	r3, [r6, #-1]!	@ zero_extendqisi2
 187 008e 0122     		movs	r2, #1
 188 0090 4946     		mov	r1, r9
 189 0092 0020     		movs	r0, #0
 190 0094 8DF80F30 		strb	r3, [sp, #15]
 191 0098 FFF7FEFF 		bl	SEGGER_RTT_Write
 192 009c BE42     		cmp	r6, r7
 193 009e F4D1     		bne	.L23
 194 00a0 5046     		mov	r0, r10
 195 00a2 05B0     		add	sp, sp, #20
 196              		@ sp needed
 197 00a4 BDE8F08F 		pop	{r4, r5, r6, r7, r8, r9, r10, fp, pc}
 198              	.L30:
 199 00a8 4442     		rsbs	r4, r0, #0
 200 00aa 61EB4105 		sbc	r5, r1, r1, lsl #1
 201 00ae B4E7     		b	.L18
 202              	.L31:
 203 00b0 0DF10F09 		add	r9, sp, #15
 204 00b4 2D23     		movs	r3, #45
 205 00b6 0122     		movs	r2, #1
 206 00b8 0020     		movs	r0, #0
 207 00ba 4946     		mov	r1, r9
 208 00bc 0AF1020A 		add	r10, r10, #2
 209 00c0 8DF80F30 		strb	r3, [sp, #15]
 210 00c4 FFF7FEFF 		bl	SEGGER_RTT_Write
 211 00c8 C8E7     		b	.L20
 212              	.L33:
 213 00ca 00BF     		.align	2
 214              	.L32:
 215 00cc 00000000 		.word	.LANCHOR1
 217              		.section	.text._putu,"ax",%progbits
 218              		.align	1
 219              		.p2align 2,,3
 220              		.global	_putu
 221              		.syntax unified
 222              		.thumb
 223              		.thumb_func
 224              		.fpu fpv5-d16
 226              	_putu:
 227              		@ args = 0, pretend = 0, frame = 32
 228              		@ frame_needed = 0, uses_anonymous_args = 0
 229 0000 2DE9F04F 		push	{r4, r5, r6, r7, r8, r9, r10, fp, lr}
 230 0004 0646     		mov	r6, r0
 231 0006 89B0     		sub	sp, sp, #36
 232 0008 0D46     		mov	r5, r1
 233 000a 364F     		ldr	r7, .L47
 234 000c 4FF0000A 		mov	r10, #0
 235 0010 CDE90423 		strd	r2, r3, [sp, #16]
 236              	.L35:
 237 0014 3046     		mov	r0, r6
 238 0016 2946     		mov	r1, r5
 239 0018 0A22     		movs	r2, #10
ARM GAS  C:\Users\Brandon\AppData\Local\Temp\cc494VCl.s 			page 5


 240 001a 0023     		movs	r3, #0
 241 001c 0197     		str	r7, [sp, #4]
 242 001e FFF7FEFF 		bl	__aeabi_uldivmod
 243 0022 3032     		adds	r2, r2, #48
 244 0024 A946     		mov	r9, r5
 245 0026 3046     		mov	r0, r6
 246 0028 2946     		mov	r1, r5
 247 002a D4B2     		uxtb	r4, r2
 248 002c 0023     		movs	r3, #0
 249 002e 0A22     		movs	r2, #10
 250 0030 B046     		mov	r8, r6
 251 0032 07F8014B 		strb	r4, [r7], #1
 252 0036 D346     		mov	fp, r10
 253 0038 FFF7FEFF 		bl	__aeabi_uldivmod
 254 003c B9F1000F 		cmp	r9, #0
 255 0040 0AF1010A 		add	r10, r10, #1
 256 0044 0646     		mov	r6, r0
 257 0046 08BF     		it	eq
 258 0048 B8F10A0F 		cmpeq	r8, #10
 259 004c 0D46     		mov	r5, r1
 260 004e E1D2     		bcs	.L35
 261 0050 049B     		ldr	r3, [sp, #16]
 262 0052 5646     		mov	r6, r10
 263 0054 0BF10205 		add	r5, fp, #2
 264 0058 9A45     		cmp	r10, r3
 265 005a 4FEAE677 		asr	r7, r6, #31
 266 005e 3DDA     		bge	.L45
 267 0060 2C46     		mov	r4, r5
 268 0062 0DF11F08 		add	r8, sp, #31
 269 0066 DDE9049A 		ldrd	r9, r10, [sp, #16]
 270              	.L37:
 271 006a 0122     		movs	r2, #1
 272 006c 4146     		mov	r1, r8
 273 006e 0020     		movs	r0, #0
 274 0070 8DF81FA0 		strb	r10, [sp, #31]
 275 0074 FFF7FEFF 		bl	SEGGER_RTT_Write
 276 0078 A145     		cmp	r9, r4
 277 007a 04F10104 		add	r4, r4, #1
 278 007e F4DC     		bgt	.L37
 279 0080 049A     		ldr	r2, [sp, #16]
 280 0082 0BF10103 		add	r3, fp, #1
 281 0086 0199     		ldr	r1, [sp, #4]
 282 0088 A2F1020A 		sub	r10, r2, #2
 283 008c 0C78     		ldrb	r4, [r1]	@ zero_extendqisi2
 284 008e AAEB0B0A 		sub	r10, r10, fp
 285 0092 9342     		cmp	r3, r2
 286 0094 A8BF     		it	ge
 287 0096 4FF0000A 		movge	r10, #0
 288 009a AA44     		add	r10, r10, r5
 289              	.L36:
 290 009c 16F1FF33 		adds	r3, r6, #-1
 291 00a0 019D     		ldr	r5, [sp, #4]
 292 00a2 0293     		str	r3, [sp, #8]
 293 00a4 47F1FF33 		adc	r3, r7, #-1
 294 00a8 0393     		str	r3, [sp, #12]
 295 00aa DDE90267 		ldrd	r6, [sp, #8]
 296 00ae 01E0     		b	.L39
ARM GAS  C:\Users\Brandon\AppData\Local\Temp\cc494VCl.s 			page 6


 297              	.L46:
 298 00b0 15F8014D 		ldrb	r4, [r5, #-1]!	@ zero_extendqisi2
 299              	.L39:
 300 00b4 0122     		movs	r2, #1
 301 00b6 4146     		mov	r1, r8
 302 00b8 0020     		movs	r0, #0
 303 00ba 8DF81F40 		strb	r4, [sp, #31]
 304 00be FFF7FEFF 		bl	SEGGER_RTT_Write
 305 00c2 16F1FF36 		adds	r6, r6, #-1
 306 00c6 47F1FF37 		adc	r7, r7, #-1
 307 00ca 7B1C     		adds	r3, r7, #1
 308 00cc 08BF     		it	eq
 309 00ce B6F1FF3F 		cmpeq	r6, #-1
 310 00d2 EDD1     		bne	.L46
 311 00d4 5046     		mov	r0, r10
 312 00d6 09B0     		add	sp, sp, #36
 313              		@ sp needed
 314 00d8 BDE8F08F 		pop	{r4, r5, r6, r7, r8, r9, r10, fp, pc}
 315              	.L45:
 316 00dc 0DF11F08 		add	r8, sp, #31
 317 00e0 DCE7     		b	.L36
 318              	.L48:
 319 00e2 00BF     		.align	2
 320              	.L47:
 321 00e4 00000000 		.word	.LANCHOR1
 323              		.section	.text.debug_print_timestamp,"ax",%progbits
 324              		.align	1
 325              		.p2align 2,,3
 326              		.syntax unified
 327              		.thumb
 328              		.thumb_func
 329              		.fpu fpv5-d16
 331              	debug_print_timestamp:
 332              		@ args = 0, pretend = 0, frame = 8
 333              		@ frame_needed = 0, uses_anonymous_args = 0
 334 0000 70B5     		push	{r4, r5, r6, lr}
 335 0002 82B0     		sub	sp, sp, #8
 336 0004 154C     		ldr	r4, .L51
 337 0006 FFF7FEFF 		bl	HAL_GetTick
 338 000a 0646     		mov	r6, r0
 339 000c 0025     		movs	r5, #0
 340 000e 2023     		movs	r3, #32
 341 0010 A4FB0604 		umull	r0, r4, r4, r6
 342 0014 0122     		movs	r2, #1
 343 0016 2946     		mov	r1, r5
 344 0018 A409     		lsrs	r4, r4, #6
 345 001a 2046     		mov	r0, r4
 346 001c FFF7FEFF 		bl	_putu
 347 0020 2E23     		movs	r3, #46
 348 0022 0DF10701 		add	r1, sp, #7
 349 0026 2846     		mov	r0, r5
 350 0028 0122     		movs	r2, #1
 351 002a 8DF80730 		strb	r3, [sp, #7]
 352 002e FFF7FEFF 		bl	SEGGER_RTT_Write
 353 0032 4FF47A70 		mov	r0, #1000
 354 0036 2946     		mov	r1, r5
 355 0038 3023     		movs	r3, #48
ARM GAS  C:\Users\Brandon\AppData\Local\Temp\cc494VCl.s 			page 7


 356 003a 00FB1460 		mls	r0, r0, r4, r6
 357 003e 0322     		movs	r2, #3
 358 0040 FFF7FEFF 		bl	_putu
 359 0044 7323     		movs	r3, #115
 360 0046 0DF10701 		add	r1, sp, #7
 361 004a 0122     		movs	r2, #1
 362 004c 2846     		mov	r0, r5
 363 004e 8DF80730 		strb	r3, [sp, #7]
 364 0052 FFF7FEFF 		bl	SEGGER_RTT_Write
 365 0056 02B0     		add	sp, sp, #8
 366              		@ sp needed
 367 0058 70BD     		pop	{r4, r5, r6, pc}
 368              	.L52:
 369 005a 00BF     		.align	2
 370              	.L51:
 371 005c D34D6210 		.word	274877907
 373              		.section	.text._putx,"ax",%progbits
 374              		.align	1
 375              		.p2align 2,,3
 376              		.global	_putx
 377              		.syntax unified
 378              		.thumb
 379              		.thumb_func
 380              		.fpu fpv5-d16
 382              	_putx:
 383              		@ args = 4, pretend = 0, frame = 16
 384              		@ frame_needed = 0, uses_anonymous_args = 0
 385 0000 2DE9F04F 		push	{r4, r5, r6, r7, r8, r9, r10, fp, lr}
 386 0004 0446     		mov	r4, r0
 387 0006 0D46     		mov	r5, r1
 388 0008 85B0     		sub	sp, sp, #20
 389 000a 54EA0501 		orrs	r1, r4, r5
 390 000e 9DF83890 		ldrb	r9, [sp, #56]	@ zero_extendqisi2
 391 0012 52D0     		beq	.L54
 392 0014 DFF8D880 		ldr	r8, .L78
 393 0018 A2F13A00 		sub	r0, r2, #58
 394 001c C8F1010C 		rsb	ip, r8, #1
 395              	.L57:
 396 0020 04F00F02 		and	r2, r4, #15
 397 0024 08EB0C0B 		add	fp, r8, ip
 398 0028 08F10108 		add	r8, r8, #1
 399 002c 3032     		adds	r2, r2, #48
 400 002e 392A     		cmp	r2, #57
 401 0030 02EB0001 		add	r1, r2, r0
 402 0034 98BF     		it	ls
 403 0036 08F8012C 		strbls	r2, [r8, #-1]
 404 003a 4FEA1412 		lsr	r2, r4, #4
 405 003e 88BF     		it	hi
 406 0040 08F8011C 		strbhi	r1, [r8, #-1]
 407 0044 2909     		lsrs	r1, r5, #4
 408 0046 42EA0572 		orr	r2, r2, r5, lsl #28
 409 004a 0D46     		mov	r5, r1
 410 004c 1446     		mov	r4, r2
 411 004e 54EA0502 		orrs	r2, r4, r5
 412 0052 E5D1     		bne	.L57
 413 0054 9B45     		cmp	fp, r3
 414 0056 03F1FF3A 		add	r10, r3, #-1
ARM GAS  C:\Users\Brandon\AppData\Local\Temp\cc494VCl.s 			page 8


 415 005a 3BDA     		bge	.L76
 416 005c 5C46     		mov	r4, fp
 417 005e 1BF1FF36 		adds	r6, fp, #-1
 418 0062 4FEAE475 		asr	r5, r4, #31
 419 0066 45F1FF37 		adc	r7, r5, #-1
 420              	.L65:
 421 006a 0DF10F01 		add	r1, sp, #15
 422              	.L59:
 423 006e 0122     		movs	r2, #1
 424 0070 0020     		movs	r0, #0
 425 0072 0191     		str	r1, [sp, #4]
 426 0074 8DF80F90 		strb	r9, [sp, #15]
 427 0078 FFF7FEFF 		bl	SEGGER_RTT_Write
 428 007c DA45     		cmp	r10, fp
 429 007e 0199     		ldr	r1, [sp, #4]
 430 0080 0AF1FF3A 		add	r10, r10, #-1
 431 0084 F3DC     		bgt	.L59
 432 0086 54EA0503 		orrs	r3, r4, r5
 433 008a 12D0     		beq	.L53
 434              	.L61:
 435 008c 18F8013D 		ldrb	r3, [r8, #-1]!	@ zero_extendqisi2
 436 0090 0122     		movs	r2, #1
 437 0092 0020     		movs	r0, #0
 438 0094 0191     		str	r1, [sp, #4]
 439 0096 8DF80F30 		strb	r3, [sp, #15]
 440 009a FFF7FEFF 		bl	SEGGER_RTT_Write
 441 009e 16F1FF36 		adds	r6, r6, #-1
 442 00a2 0199     		ldr	r1, [sp, #4]
 443 00a4 47F1FF37 		adc	r7, r7, #-1
 444 00a8 7B1C     		adds	r3, r7, #1
 445 00aa 08BF     		it	eq
 446 00ac B6F1FF3F 		cmpeq	r6, #-1
 447 00b0 ECD1     		bne	.L61
 448              	.L53:
 449 00b2 5846     		mov	r0, fp
 450 00b4 05B0     		add	sp, sp, #20
 451              		@ sp needed
 452 00b6 BDE8F08F 		pop	{r4, r5, r6, r7, r8, r9, r10, fp, pc}
 453              	.L54:
 454 00ba 002B     		cmp	r3, #0
 455 00bc 03F1FF3A 		add	r10, r3, #-1
 456 00c0 12DD     		ble	.L77
 457 00c2 4FF0FF36 		mov	r6, #-1
 458 00c6 4FF0FF37 		mov	r7, #-1
 459 00ca DFF82480 		ldr	r8, .L78
 460 00ce 4FF0000B 		mov	fp, #0
 461 00d2 CAE7     		b	.L65
 462              	.L76:
 463 00d4 5A46     		mov	r2, fp
 464 00d6 1BF1FF36 		adds	r6, fp, #-1
 465 00da 0DF10F01 		add	r1, sp, #15
 466 00de 4FEAE273 		asr	r3, r2, #31
 467 00e2 43F1FF37 		adc	r7, r3, #-1
 468 00e6 D1E7     		b	.L61
 469              	.L77:
 470 00e8 4FF0000B 		mov	fp, #0
 471 00ec E1E7     		b	.L53
ARM GAS  C:\Users\Brandon\AppData\Local\Temp\cc494VCl.s 			page 9


 472              	.L79:
 473 00ee 00BF     		.align	2
 474              	.L78:
 475 00f0 00000000 		.word	.LANCHOR1
 477              		.section	.rodata.debug_print_buffer.str1.4,"aMS",%progbits,1
 478              		.align	2
 479              	.LC0:
 480 0000 1B5B313B 		.ascii	"\033[1;33m\000"
 480      33336D00 
 481              		.align	2
 482              	.LC1:
 483 0008 1B5B313B 		.ascii	"\033[1;36m\000"
 483      33366D00 
 484              		.align	2
 485              	.LC2:
 486 0010 20202000 		.ascii	"   \000"
 487              		.align	2
 488              	.LC3:
 489 0014 2D2D2D2D 		.ascii	"-----\000"
 489      2D00
 490 001a 0000     		.align	2
 491              	.LC4:
 492 001c 2D0D0A00 		.ascii	"-\015\012\000"
 493              		.align	2
 494              	.LC5:
 495 0020 20307800 		.ascii	" 0x\000"
 496              		.align	2
 497              	.LC6:
 498 0024 202000   		.ascii	"  \000"
 499 0027 00       		.align	2
 500              	.LC7:
 501 0028 0D0A00   		.ascii	"\015\012\000"
 502 002b 00       		.align	2
 503              	.LC8:
 504 002c 1B5B306D 		.ascii	"\033[0m\000"
 504      00
 505              		.section	.text.debug_print_buffer,"ax",%progbits
 506              		.align	1
 507              		.p2align 2,,3
 508              		.global	debug_print_buffer
 509              		.syntax unified
 510              		.thumb
 511              		.thumb_func
 512              		.fpu fpv5-d16
 514              	debug_print_buffer:
 515              		@ args = 4, pretend = 0, frame = 8
 516              		@ frame_needed = 0, uses_anonymous_args = 0
 517 0000 2DE9F04F 		push	{r4, r5, r6, r7, r8, r9, r10, fp, lr}
 518 0004 0228     		cmp	r0, #2
 519 0006 85B0     		sub	sp, sp, #20
 520 0008 0D46     		mov	r5, r1
 521 000a 1746     		mov	r7, r2
 522 000c 0E9E     		ldr	r6, [sp, #56]
 523 000e 0390     		str	r0, [sp, #12]
 524 0010 7FD0     		beq	.L113
 525 0012 039B     		ldr	r3, [sp, #12]
 526 0014 002B     		cmp	r3, #0
ARM GAS  C:\Users\Brandon\AppData\Local\Temp\cc494VCl.s 			page 10


 527 0016 73D0     		beq	.L114
 528              	.L82:
 529 0018 002E     		cmp	r6, #0
 530 001a 76DD     		ble	.L83
 531              	.L118:
 532 001c 0024     		movs	r4, #0
 533 001e 06F1FF38 		add	r8, r6, #-1
 534 0022 DFF810B1 		ldr	fp, .L119+24
 535 0026 4FF00009 		mov	r9, #0
 536 002a A246     		mov	r10, r4
 537              	.L84:
 538 002c 5846     		mov	r0, fp
 539 002e FFF7FEFF 		bl	_puts
 540 0032 3023     		movs	r3, #48
 541 0034 4122     		movs	r2, #65
 542 0036 2046     		mov	r0, r4
 543 0038 5146     		mov	r1, r10
 544 003a 0093     		str	r3, [sp]
 545 003c 0223     		movs	r3, #2
 546 003e FFF7FEFF 		bl	_putx
 547 0042 2246     		mov	r2, r4
 548 0044 5346     		mov	r3, r10
 549 0046 0134     		adds	r4, r4, #1
 550 0048 4AF1000A 		adc	r10, r10, #0
 551 004c 4B45     		cmp	r3, r9
 552 004e 08BF     		it	eq
 553 0050 4245     		cmpeq	r2, r8
 554 0052 EBD1     		bne	.L84
 555 0054 0024     		movs	r4, #0
 556 0056 DFF8E080 		ldr	r8, .L119+28
 557 005a 3048     		ldr	r0, .L119
 558 005c FFF7FEFF 		bl	_puts
 559              	.L86:
 560 0060 0134     		adds	r4, r4, #1
 561 0062 4046     		mov	r0, r8
 562 0064 FFF7FEFF 		bl	_puts
 563 0068 A642     		cmp	r6, r4
 564 006a F9D1     		bne	.L86
 565              	.L98:
 566 006c 2C48     		ldr	r0, .L119+4
 567 006e FFF7FEFF 		bl	_puts
 568 0072 37B3     		cbz	r7, .L97
 569 0074 002E     		cmp	r6, #0
 570 0076 4FF0300A 		mov	r10, #48
 571 007a DFF8C090 		ldr	r9, .L119+32
 572 007e 33DD     		ble	.L115
 573              	.L94:
 574 0080 05EB0608 		add	r8, r5, r6
 575 0084 3C46     		mov	r4, r7
 576              	.L93:
 577 0086 4846     		mov	r0, r9
 578 0088 013C     		subs	r4, r4, #1
 579 008a FFF7FEFF 		bl	_puts
 580 008e 15F8010B 		ldrb	r0, [r5], #1	@ zero_extendqisi2
 581 0092 0021     		movs	r1, #0
 582 0094 0223     		movs	r3, #2
 583 0096 4122     		movs	r2, #65
ARM GAS  C:\Users\Brandon\AppData\Local\Temp\cc494VCl.s 			page 11


 584 0098 CDF800A0 		str	r10, [sp]
 585 009c FFF7FEFF 		bl	_putx
 586 00a0 A845     		cmp	r8, r5
 587 00a2 A7EB040B 		sub	fp, r7, r4
 588 00a6 16D0     		beq	.L116
 589 00a8 002C     		cmp	r4, #0
 590 00aa ECD1     		bne	.L93
 591 00ac 1D4C     		ldr	r4, .L119+8
 592              	.L89:
 593 00ae 0BF1010B 		add	fp, fp, #1
 594 00b2 2046     		mov	r0, r4
 595 00b4 FFF7FEFF 		bl	_puts
 596 00b8 5E45     		cmp	r6, fp
 597 00ba F8DC     		bgt	.L89
 598 00bc 1748     		ldr	r0, .L119
 599 00be FFF7FEFF 		bl	_puts
 600              	.L97:
 601 00c2 1648     		ldr	r0, .L119
 602 00c4 FFF7FEFF 		bl	_puts
 603 00c8 039B     		ldr	r3, [sp, #12]
 604 00ca 13F0FD0F 		tst	r3, #253
 605 00ce 11D0     		beq	.L117
 606 00d0 05B0     		add	sp, sp, #20
 607              		@ sp needed
 608 00d2 BDE8F08F 		pop	{r4, r5, r6, r7, r8, r9, r10, fp, pc}
 609              	.L116:
 610 00d6 1148     		ldr	r0, .L119
 611 00d8 FFF7FEFF 		bl	_puts
 612 00dc 002C     		cmp	r4, #0
 613 00de F0D0     		beq	.L97
 614              	.L99:
 615 00e0 002E     		cmp	r6, #0
 616 00e2 2746     		mov	r7, r4
 617 00e4 4546     		mov	r5, r8
 618 00e6 CBDC     		bgt	.L94
 619              	.L115:
 620 00e8 0C48     		ldr	r0, .L119
 621 00ea 3C46     		mov	r4, r7
 622 00ec A846     		mov	r8, r5
 623 00ee FFF7FEFF 		bl	_puts
 624 00f2 F5E7     		b	.L99
 625              	.L117:
 626 00f4 0C48     		ldr	r0, .L119+12
 627 00f6 05B0     		add	sp, sp, #20
 628              		@ sp needed
 629 00f8 BDE8F04F 		pop	{r4, r5, r6, r7, r8, r9, r10, fp, lr}
 630 00fc FFF7FEBF 		b	_puts
 631              	.L114:
 632 0100 0A48     		ldr	r0, .L119+16
 633 0102 FFF7FEFF 		bl	_puts
 634 0106 002E     		cmp	r6, #0
 635 0108 88DC     		bgt	.L118
 636              	.L83:
 637 010a 0448     		ldr	r0, .L119
 638 010c FFF7FEFF 		bl	_puts
 639 0110 ACE7     		b	.L98
 640              	.L113:
ARM GAS  C:\Users\Brandon\AppData\Local\Temp\cc494VCl.s 			page 12


 641 0112 0748     		ldr	r0, .L119+20
 642 0114 FFF7FEFF 		bl	_puts
 643 0118 7EE7     		b	.L82
 644              	.L120:
 645 011a 00BF     		.align	2
 646              	.L119:
 647 011c 28000000 		.word	.LC7
 648 0120 1C000000 		.word	.LC4
 649 0124 24000000 		.word	.LC6
 650 0128 2C000000 		.word	.LC8
 651 012c 08000000 		.word	.LC1
 652 0130 00000000 		.word	.LC0
 653 0134 10000000 		.word	.LC2
 654 0138 14000000 		.word	.LC3
 655 013c 20000000 		.word	.LC5
 657              		.section	.text._putf,"ax",%progbits
 658              		.align	1
 659              		.p2align 2,,3
 660              		.global	_putf
 661              		.syntax unified
 662              		.thumb
 663              		.thumb_func
 664              		.fpu fpv5-d16
 666              	_putf:
 667              		@ args = 0, pretend = 0, frame = 8
 668              		@ frame_needed = 0, uses_anonymous_args = 0
 669 0000 F0B5     		push	{r4, r5, r6, r7, lr}
 670 0002 0E1E     		subs	r6, r1, #0
 671 0004 83B0     		sub	sp, sp, #12
 672 0006 0746     		mov	r7, r0
 673 0008 64DD     		ble	.L130
 674 000a 0025     		movs	r5, #0
 675 000c 0124     		movs	r4, #1
 676              	.L123:
 677 000e 0135     		adds	r5, r5, #1
 678 0010 04EB8404 		add	r4, r4, r4, lsl #2
 679 0014 AE42     		cmp	r6, r5
 680 0016 4FEA4404 		lsl	r4, r4, #1
 681 001a F8D1     		bne	.L123
 682 001c 07EE904A 		vmov	s15, r4	@ int
 683 0020 B8EEE76B 		vcvt.f64.s32	d6, s15
 684              	.L122:
 685 0024 FDEEC07B 		vcvt.s32.f64	s15, d0
 686 0028 2C4B     		ldr	r3, .L136
 687 002a 17EE900A 		vmov	r0, s15	@ int
 688 002e B8EEE77B 		vcvt.f64.s32	d7, s15
 689 0032 30EE470B 		vsub.f64	d0, d0, d7
 690 0036 20EE060B 		vmul.f64	d0, d0, d6
 691 003a FDEEC07B 		vcvt.s32.f64	s15, d0
 692 003e 17EE905A 		vmov	r5, s15	@ int
 693 0042 05EB8505 		add	r5, r5, r5, lsl #2
 694 0046 6D00     		lsls	r5, r5, #1
 695 0048 0535     		adds	r5, r5, #5
 696 004a 83FB0513 		smull	r1, r3, r3, r5
 697 004e ED17     		asrs	r5, r5, #31
 698 0050 C5EBA305 		rsb	r5, r5, r3, asr #2
 699 0054 A542     		cmp	r5, r4
ARM GAS  C:\Users\Brandon\AppData\Local\Temp\cc494VCl.s 			page 13


 700 0056 39DA     		bge	.L124
 701 0058 2C46     		mov	r4, r5
 702 005a ED17     		asrs	r5, r5, #31
 703              	.L125:
 704 005c 02F0EF03 		and	r3, r2, #239
 705 0060 202B     		cmp	r3, #32
 706 0062 2CD1     		bne	.L126
 707 0064 07F1FF3C 		add	ip, r7, #-1
 708 0068 1346     		mov	r3, r2
 709 006a C117     		asrs	r1, r0, #31
 710 006c ACEB0602 		sub	r2, ip, r6
 711 0070 FFF7FEFF 		bl	_puti
 712 0074 3F1A     		subs	r7, r7, r0
 713              	.L127:
 714 0076 2E23     		movs	r3, #46
 715 0078 0122     		movs	r2, #1
 716 007a 0DF10701 		add	r1, sp, #7
 717 007e 0020     		movs	r0, #0
 718 0080 013F     		subs	r7, r7, #1
 719 0082 8DF80730 		strb	r3, [sp, #7]
 720 0086 FFF7FEFF 		bl	SEGGER_RTT_Write
 721 008a 2046     		mov	r0, r4
 722 008c 3246     		mov	r2, r6
 723 008e 2946     		mov	r1, r5
 724 0090 3023     		movs	r3, #48
 725 0092 FFF7FEFF 		bl	_putu
 726 0096 381A     		subs	r0, r7, r0
 727 0098 0028     		cmp	r0, #0
 728 009a 00F1FF34 		add	r4, r0, #-1
 729 009e 0BDD     		ble	.L134
 730 00a0 2025     		movs	r5, #32
 731              	.L128:
 732 00a2 013C     		subs	r4, r4, #1
 733 00a4 0122     		movs	r2, #1
 734 00a6 0DF10701 		add	r1, sp, #7
 735 00aa 0020     		movs	r0, #0
 736 00ac 8DF80750 		strb	r5, [sp, #7]
 737 00b0 FFF7FEFF 		bl	SEGGER_RTT_Write
 738 00b4 631C     		adds	r3, r4, #1
 739 00b6 F4D1     		bne	.L128
 740              	.L134:
 741 00b8 0020     		movs	r0, #0
 742 00ba 03B0     		add	sp, sp, #12
 743              		@ sp needed
 744 00bc F0BD     		pop	{r4, r5, r6, r7, pc}
 745              	.L126:
 746 00be 1346     		mov	r3, r2
 747 00c0 C117     		asrs	r1, r0, #31
 748 00c2 0022     		movs	r2, #0
 749 00c4 FFF7FEFF 		bl	_puti
 750 00c8 3F1A     		subs	r7, r7, r0
 751 00ca D4E7     		b	.L127
 752              	.L124:
 753 00cc 0130     		adds	r0, r0, #1
 754 00ce 0024     		movs	r4, #0
 755 00d0 0025     		movs	r5, #0
 756 00d2 C3E7     		b	.L125
ARM GAS  C:\Users\Brandon\AppData\Local\Temp\cc494VCl.s 			page 14


 757              	.L130:
 758 00d4 B7EE006B 		vmov.f64	d6, #1.0e+0
 759 00d8 0124     		movs	r4, #1
 760 00da A3E7     		b	.L122
 761              	.L137:
 762              		.align	2
 763              	.L136:
 764 00dc 67666666 		.word	1717986919
 766              		.section	.text._vprintf,"ax",%progbits
 767              		.align	1
 768              		.p2align 2,,3
 769              		.global	_vprintf
 770              		.syntax unified
 771              		.thumb
 772              		.thumb_func
 773              		.fpu fpv5-d16
 775              	_vprintf:
 776              		@ args = 0, pretend = 0, frame = 8
 777              		@ frame_needed = 0, uses_anonymous_args = 0
 778 0000 2DE9F047 		push	{r4, r5, r6, r7, r8, r9, r10, lr}
 779 0004 0578     		ldrb	r5, [r0]	@ zero_extendqisi2
 780 0006 84B0     		sub	sp, sp, #16
 781 0008 002D     		cmp	r5, #0
 782 000a 72D0     		beq	.L138
 783 000c 0346     		mov	r3, r0
 784 000e 0F46     		mov	r7, r1
 785 0010 0CE0     		b	.L139
 786              	.L222:
 787 0012 0122     		movs	r2, #1
 788 0014 0DF10F01 		add	r1, sp, #15
 789 0018 0020     		movs	r0, #0
 790 001a 1E46     		mov	r6, r3
 791 001c 8DF80F50 		strb	r5, [sp, #15]
 792 0020 FFF7FEFF 		bl	SEGGER_RTT_Write
 793              	.L141:
 794 0024 7578     		ldrb	r5, [r6, #1]	@ zero_extendqisi2
 795 0026 731C     		adds	r3, r6, #1
 796 0028 002D     		cmp	r5, #0
 797 002a 62D0     		beq	.L138
 798              	.L139:
 799 002c 252D     		cmp	r5, #37
 800 002e F0D1     		bne	.L222
 801 0030 5C78     		ldrb	r4, [r3, #1]	@ zero_extendqisi2
 802 0032 5E1C     		adds	r6, r3, #1
 803 0034 002C     		cmp	r4, #0
 804 0036 5CD0     		beq	.L138
 805 0038 252C     		cmp	r4, #37
 806 003a 00F0C480 		beq	.L223
 807 003e 2D2C     		cmp	r4, #45
 808 0040 00F0B480 		beq	.L224
 809 0044 4FF0000C 		mov	ip, #0
 810              	.L144:
 811 0048 302C     		cmp	r4, #48
 812 004a 02D1     		bne	.L145
 813 004c A446     		mov	ip, r4
 814 004e 0136     		adds	r6, r6, #1
 815 0050 3478     		ldrb	r4, [r6]	@ zero_extendqisi2
ARM GAS  C:\Users\Brandon\AppData\Local\Temp\cc494VCl.s 			page 15


 816              	.L145:
 817 0052 2A2C     		cmp	r4, #42
 818 0054 50D1     		bne	.L225
 819 0056 7478     		ldrb	r4, [r6, #1]	@ zero_extendqisi2
 820 0058 0136     		adds	r6, r6, #1
 821 005a 57F8045B 		ldr	r5, [r7], #4
 822              	.L148:
 823 005e 2E2C     		cmp	r4, #46
 824 0060 5DD0     		beq	.L226
 825              	.L178:
 826 0062 0621     		movs	r1, #6
 827              	.L149:
 828 0064 6C2C     		cmp	r4, #108
 829 0066 6FD0     		beq	.L151
 830              	.L221:
 831 0068 732C     		cmp	r4, #115
 832 006a 74D0     		beq	.L152
 833              	.L233:
 834 006c 642C     		cmp	r4, #100
 835 006e 00F0A280 		beq	.L227
 836 0072 752C     		cmp	r4, #117
 837 0074 00F0CC80 		beq	.L228
 838 0078 632C     		cmp	r4, #99
 839 007a 00F0D180 		beq	.L161
 840 007e 782C     		cmp	r4, #120
 841 0080 00F0D980 		beq	.L229
 842 0084 582C     		cmp	r4, #88
 843 0086 00F0E080 		beq	.L230
 844              	.L174:
 845 008a 662C     		cmp	r4, #102
 846 008c 00F0E780 		beq	.L231
 847 0090 7CB3     		cbz	r4, .L138
 848 0092 622C     		cmp	r4, #98
 849 0094 C6D1     		bne	.L141
 850 0096 002D     		cmp	r5, #0
 851 0098 00F0EE80 		beq	.L167
 852 009c 57F8049B 		ldr	r9, [r7], #4
 853 00a0 4FF0300C 		mov	ip, #48
 854 00a4 0223     		movs	r3, #2
 855 00a6 6122     		movs	r2, #97
 856 00a8 4C46     		mov	r4, r9
 857 00aa 0021     		movs	r1, #0
 858 00ac 14F8010B 		ldrb	r0, [r4], #1	@ zero_extendqisi2
 859 00b0 CDF800C0 		str	ip, [sp]
 860 00b4 FFF7FEFF 		bl	_putx
 861 00b8 012D     		cmp	r5, #1
 862 00ba B3D0     		beq	.L141
 863 00bc A944     		add	r9, r9, r5
 864 00be 0DF10F08 		add	r8, sp, #15
 865 00c2 4FF0200A 		mov	r10, #32
 866              	.L168:
 867 00c6 0122     		movs	r2, #1
 868 00c8 4146     		mov	r1, r8
 869 00ca 0020     		movs	r0, #0
 870 00cc 3025     		movs	r5, #48
 871 00ce 8DF80FA0 		strb	r10, [sp, #15]
 872 00d2 FFF7FEFF 		bl	SEGGER_RTT_Write
ARM GAS  C:\Users\Brandon\AppData\Local\Temp\cc494VCl.s 			page 16


 873 00d6 14F8010B 		ldrb	r0, [r4], #1	@ zero_extendqisi2
 874 00da 0021     		movs	r1, #0
 875 00dc 0223     		movs	r3, #2
 876 00de 6122     		movs	r2, #97
 877 00e0 0095     		str	r5, [sp]
 878 00e2 FFF7FEFF 		bl	_putx
 879 00e6 4C45     		cmp	r4, r9
 880 00e8 EDD1     		bne	.L168
 881 00ea 7578     		ldrb	r5, [r6, #1]	@ zero_extendqisi2
 882 00ec 731C     		adds	r3, r6, #1
 883 00ee 002D     		cmp	r5, #0
 884 00f0 9CD1     		bne	.L139
 885              	.L138:
 886 00f2 04B0     		add	sp, sp, #16
 887              		@ sp needed
 888 00f4 BDE8F087 		pop	{r4, r5, r6, r7, r8, r9, r10, pc}
 889              	.L225:
 890 00f8 A4F13003 		sub	r3, r4, #48
 891 00fc 0025     		movs	r5, #0
 892 00fe DAB2     		uxtb	r2, r3
 893 0100 092A     		cmp	r2, #9
 894 0102 ACD8     		bhi	.L148
 895              	.L147:
 896 0104 05EB8505 		add	r5, r5, r5, lsl #2
 897 0108 16F8014F 		ldrb	r4, [r6, #1]!	@ zero_extendqisi2
 898 010c 03EB4505 		add	r5, r3, r5, lsl #1
 899 0110 A4F13003 		sub	r3, r4, #48
 900 0114 DAB2     		uxtb	r2, r3
 901 0116 092A     		cmp	r2, #9
 902 0118 F4D9     		bls	.L147
 903 011a 2E2C     		cmp	r4, #46
 904 011c A1D1     		bne	.L178
 905              	.L226:
 906 011e 7478     		ldrb	r4, [r6, #1]	@ zero_extendqisi2
 907 0120 0021     		movs	r1, #0
 908 0122 0136     		adds	r6, r6, #1
 909 0124 A4F13003 		sub	r3, r4, #48
 910 0128 DAB2     		uxtb	r2, r3
 911 012a 092A     		cmp	r2, #9
 912 012c 9AD8     		bhi	.L149
 913              	.L150:
 914 012e 01EB8101 		add	r1, r1, r1, lsl #2
 915 0132 16F8014F 		ldrb	r4, [r6, #1]!	@ zero_extendqisi2
 916 0136 03EB4101 		add	r1, r3, r1, lsl #1
 917 013a A4F13003 		sub	r3, r4, #48
 918 013e DAB2     		uxtb	r2, r3
 919 0140 092A     		cmp	r2, #9
 920 0142 F4D9     		bls	.L150
 921 0144 6C2C     		cmp	r4, #108
 922 0146 8FD1     		bne	.L221
 923              	.L151:
 924 0148 7478     		ldrb	r4, [r6, #1]	@ zero_extendqisi2
 925 014a 6C2C     		cmp	r4, #108
 926 014c 44D0     		beq	.L232
 927 014e 732C     		cmp	r4, #115
 928 0150 06F10106 		add	r6, r6, #1
 929 0154 8AD1     		bne	.L233
ARM GAS  C:\Users\Brandon\AppData\Local\Temp\cc494VCl.s 			page 17


 930              	.L152:
 931 0156 57F8044B 		ldr	r4, [r7], #4
 932 015a 2378     		ldrb	r3, [r4]	@ zero_extendqisi2
 933 015c 002B     		cmp	r3, #0
 934 015e 00F08880 		beq	.L182
 935 0162 0DF10F08 		add	r8, sp, #15
 936 0166 C4F10109 		rsb	r9, r4, #1
 937              	.L159:
 938 016a 0122     		movs	r2, #1
 939 016c 4146     		mov	r1, r8
 940 016e 0020     		movs	r0, #0
 941 0170 8DF80F30 		strb	r3, [sp, #15]
 942 0174 FFF7FEFF 		bl	SEGGER_RTT_Write
 943 0178 09EB0402 		add	r2, r9, r4
 944 017c 14F8013F 		ldrb	r3, [r4, #1]!	@ zero_extendqisi2
 945 0180 002B     		cmp	r3, #0
 946 0182 F2D1     		bne	.L159
 947 0184 541C     		adds	r4, r2, #1
 948              	.L158:
 949 0186 9542     		cmp	r5, r2
 950 0188 7FF74CAF 		ble	.L141
 951 018c 0DF10F08 		add	r8, sp, #15
 952 0190 4FF02009 		mov	r9, #32
 953              	.L160:
 954 0194 0122     		movs	r2, #1
 955 0196 4146     		mov	r1, r8
 956 0198 0020     		movs	r0, #0
 957 019a 8DF80F90 		strb	r9, [sp, #15]
 958 019e FFF7FEFF 		bl	SEGGER_RTT_Write
 959 01a2 A542     		cmp	r5, r4
 960 01a4 04F10104 		add	r4, r4, #1
 961 01a8 F4DC     		bgt	.L160
 962 01aa 3BE7     		b	.L141
 963              	.L224:
 964 01ac 9E1C     		adds	r6, r3, #2
 965 01ae 9C78     		ldrb	r4, [r3, #2]	@ zero_extendqisi2
 966 01b0 4FF0200C 		mov	ip, #32
 967 01b4 48E7     		b	.L144
 968              	.L227:
 969 01b6 57F8040B 		ldr	r0, [r7], #4
 970 01ba 6346     		mov	r3, ip
 971 01bc 2A46     		mov	r2, r5
 972 01be C117     		asrs	r1, r0, #31
 973 01c0 FFF7FEFF 		bl	_puti
 974 01c4 2EE7     		b	.L141
 975              	.L223:
 976 01c6 0122     		movs	r2, #1
 977 01c8 0DF10F01 		add	r1, sp, #15
 978 01cc 0020     		movs	r0, #0
 979 01ce 8DF80F50 		strb	r5, [sp, #15]
 980 01d2 FFF7FEFF 		bl	SEGGER_RTT_Write
 981 01d6 25E7     		b	.L141
 982              	.L232:
 983 01d8 B478     		ldrb	r4, [r6, #2]	@ zero_extendqisi2
 984 01da 0236     		adds	r6, r6, #2
 985 01dc 732C     		cmp	r4, #115
 986 01de BAD0     		beq	.L152
ARM GAS  C:\Users\Brandon\AppData\Local\Temp\cc494VCl.s 			page 18


 987 01e0 642C     		cmp	r4, #100
 988 01e2 0BD0     		beq	.L234
 989 01e4 752C     		cmp	r4, #117
 990 01e6 52D1     		bne	.L235
 991 01e8 0737     		adds	r7, r7, #7
 992 01ea 6346     		mov	r3, ip
 993 01ec 2A46     		mov	r2, r5
 994 01ee 27F00707 		bic	r7, r7, #7
 995 01f2 F7E80201 		ldrd	r0, [r7], #8
 996 01f6 FFF7FEFF 		bl	_putu
 997 01fa 13E7     		b	.L141
 998              	.L234:
 999 01fc 0737     		adds	r7, r7, #7
 1000 01fe 6346     		mov	r3, ip
 1001 0200 2A46     		mov	r2, r5
 1002 0202 27F00707 		bic	r7, r7, #7
 1003 0206 F7E80201 		ldrd	r0, [r7], #8
 1004 020a FFF7FEFF 		bl	_puti
 1005 020e 09E7     		b	.L141
 1006              	.L228:
 1007 0210 6346     		mov	r3, ip
 1008 0212 2A46     		mov	r2, r5
 1009 0214 0021     		movs	r1, #0
 1010 0216 57F8040B 		ldr	r0, [r7], #4
 1011 021a FFF7FEFF 		bl	_putu
 1012 021e 01E7     		b	.L141
 1013              	.L161:
 1014 0220 57F8043B 		ldr	r3, [r7], #4
 1015 0224 0122     		movs	r2, #1
 1016 0226 0DF10F01 		add	r1, sp, #15
 1017 022a 0020     		movs	r0, #0
 1018 022c 8DF80F30 		strb	r3, [sp, #15]
 1019 0230 FFF7FEFF 		bl	SEGGER_RTT_Write
 1020 0234 F6E6     		b	.L141
 1021              	.L229:
 1022 0236 57F8040B 		ldr	r0, [r7], #4
 1023 023a 2B46     		mov	r3, r5
 1024 023c 6122     		movs	r2, #97
 1025 023e 0021     		movs	r1, #0
 1026 0240 CDF800C0 		str	ip, [sp]
 1027 0244 FFF7FEFF 		bl	_putx
 1028 0248 ECE6     		b	.L141
 1029              	.L230:
 1030 024a 57F8040B 		ldr	r0, [r7], #4
 1031 024e 2B46     		mov	r3, r5
 1032 0250 4122     		movs	r2, #65
 1033 0252 0021     		movs	r1, #0
 1034 0254 CDF800C0 		str	ip, [sp]
 1035 0258 FFF7FEFF 		bl	_putx
 1036 025c E2E6     		b	.L141
 1037              	.L231:
 1038 025e 0737     		adds	r7, r7, #7
 1039 0260 6246     		mov	r2, ip
 1040 0262 2846     		mov	r0, r5
 1041 0264 27F00707 		bic	r7, r7, #7
 1042 0268 B7EC020B 		vldmia.64	r7!, {d0}
 1043 026c FFF7FEFF 		bl	_putf
ARM GAS  C:\Users\Brandon\AppData\Local\Temp\cc494VCl.s 			page 19


 1044 0270 D8E6     		b	.L141
 1045              	.L182:
 1046 0272 1A46     		mov	r2, r3
 1047 0274 0124     		movs	r4, #1
 1048 0276 86E7     		b	.L158
 1049              	.L167:
 1050 0278 57F8041B 		ldr	r1, [r7], #4
 1051 027c 3024     		movs	r4, #48
 1052 027e 0223     		movs	r3, #2
 1053 0280 6122     		movs	r2, #97
 1054 0282 0878     		ldrb	r0, [r1]	@ zero_extendqisi2
 1055 0284 0021     		movs	r1, #0
 1056 0286 0094     		str	r4, [sp]
 1057 0288 FFF7FEFF 		bl	_putx
 1058 028c CAE6     		b	.L141
 1059              	.L235:
 1060 028e 632C     		cmp	r4, #99
 1061 0290 C6D0     		beq	.L161
 1062 0292 782C     		cmp	r4, #120
 1063 0294 0ED0     		beq	.L236
 1064 0296 582C     		cmp	r4, #88
 1065 0298 7FF4F7AE 		bne	.L174
 1066 029c 0737     		adds	r7, r7, #7
 1067 029e 2B46     		mov	r3, r5
 1068 02a0 4122     		movs	r2, #65
 1069 02a2 27F00707 		bic	r7, r7, #7
 1070 02a6 F7E80201 		ldrd	r0, [r7], #8
 1071 02aa CDF800C0 		str	ip, [sp]
 1072 02ae FFF7FEFF 		bl	_putx
 1073 02b2 B7E6     		b	.L141
 1074              	.L236:
 1075 02b4 0737     		adds	r7, r7, #7
 1076 02b6 2B46     		mov	r3, r5
 1077 02b8 6122     		movs	r2, #97
 1078 02ba 27F00707 		bic	r7, r7, #7
 1079 02be F7E80201 		ldrd	r0, [r7], #8
 1080 02c2 CDF800C0 		str	ip, [sp]
 1081 02c6 FFF7FEFF 		bl	_putx
 1082 02ca ABE6     		b	.L141
 1084              		.section	.rodata.debug_error.str1.4,"aMS",%progbits,1
 1085              		.align	2
 1086              	.LC9:
 1087 0000 1B5B313B 		.ascii	"\033[1;31m\000"
 1087      33316D00 
 1088              		.align	2
 1089              	.LC10:
 1090 0008 205B00   		.ascii	" [\000"
 1091 000b 00       		.align	2
 1092              	.LC11:
 1093 000c 3F3F3F00 		.ascii	"???\000"
 1094              		.section	.text.debug_error,"ax",%progbits
 1095              		.align	1
 1096              		.p2align 2,,3
 1097              		.global	debug_error
 1098              		.syntax unified
 1099              		.thumb
 1100              		.thumb_func
ARM GAS  C:\Users\Brandon\AppData\Local\Temp\cc494VCl.s 			page 20


 1101              		.fpu fpv5-d16
 1103              	debug_error:
 1104              		@ args = 4, pretend = 12, frame = 8
 1105              		@ frame_needed = 0, uses_anonymous_args = 1
 1106 0000 0EB4     		push	{r1, r2, r3}
 1107 0002 10B5     		push	{r4, lr}
 1108 0004 0446     		mov	r4, r0
 1109 0006 83B0     		sub	sp, sp, #12
 1110 0008 1848     		ldr	r0, .L241
 1111 000a FFF7FEFF 		bl	_puts
 1112 000e FFF7FEFF 		bl	debug_print_timestamp
 1113 0012 1748     		ldr	r0, .L241+4
 1114 0014 FFF7FEFF 		bl	_puts
 1115 0018 14B3     		cbz	r4, .L238
 1116 001a 1648     		ldr	r0, .L241+8
 1117 001c FFF7FEFF 		bl	_puts
 1118              	.L239:
 1119 0020 5D23     		movs	r3, #93
 1120 0022 01A9     		add	r1, sp, #4
 1121 0024 0122     		movs	r2, #1
 1122 0026 0020     		movs	r0, #0
 1123 0028 8DF80430 		strb	r3, [sp, #4]
 1124 002c FFF7FEFF 		bl	SEGGER_RTT_Write
 1125 0030 2023     		movs	r3, #32
 1126 0032 0122     		movs	r2, #1
 1127 0034 01A9     		add	r1, sp, #4
 1128 0036 0020     		movs	r0, #0
 1129 0038 8DF80430 		strb	r3, [sp, #4]
 1130 003c FFF7FEFF 		bl	SEGGER_RTT_Write
 1131 0040 06A9     		add	r1, sp, #24
 1132 0042 0598     		ldr	r0, [sp, #20]
 1133 0044 0191     		str	r1, [sp, #4]
 1134 0046 FFF7FEFF 		bl	_vprintf
 1135 004a 0B48     		ldr	r0, .L241+12
 1136 004c FFF7FEFF 		bl	_puts
 1137 0050 0A48     		ldr	r0, .L241+16
 1138 0052 FFF7FEFF 		bl	_puts
 1139 0056 03B0     		add	sp, sp, #12
 1140              		@ sp needed
 1141 0058 BDE81040 		pop	{r4, lr}
 1142 005c 03B0     		add	sp, sp, #12
 1143 005e 7047     		bx	lr
 1144              	.L238:
 1145 0060 074B     		ldr	r3, .L241+20
 1146 0062 1868     		ldr	r0, [r3]
 1147 0064 FFF7FEFF 		bl	_puts
 1148 0068 DAE7     		b	.L239
 1149              	.L242:
 1150 006a 00BF     		.align	2
 1151              	.L241:
 1152 006c 00000000 		.word	.LC9
 1153 0070 08000000 		.word	.LC10
 1154 0074 0C000000 		.word	.LC11
 1155 0078 2C000000 		.word	.LC8
 1156 007c 28000000 		.word	.LC7
 1157 0080 00000000 		.word	.LANCHOR2
 1159              		.section	.text.debug_eeprintf,"ax",%progbits
ARM GAS  C:\Users\Brandon\AppData\Local\Temp\cc494VCl.s 			page 21


 1160              		.align	1
 1161              		.p2align 2,,3
 1162              		.global	debug_eeprintf
 1163              		.syntax unified
 1164              		.thumb
 1165              		.thumb_func
 1166              		.fpu fpv5-d16
 1168              	debug_eeprintf:
 1169              		@ args = 4, pretend = 16, frame = 8
 1170              		@ frame_needed = 0, uses_anonymous_args = 1
 1171 0000 0FB4     		push	{r0, r1, r2, r3}
 1172 0002 0D4B     		ldr	r3, .L250
 1173 0004 1B78     		ldrb	r3, [r3]	@ zero_extendqisi2
 1174 0006 00B5     		push	{lr}
 1175 0008 83B0     		sub	sp, sp, #12
 1176 000a 8BB9     		cbnz	r3, .L249
 1177              	.L244:
 1178 000c 2023     		movs	r3, #32
 1179 000e 0122     		movs	r2, #1
 1180 0010 01A9     		add	r1, sp, #4
 1181 0012 0020     		movs	r0, #0
 1182 0014 8DF80430 		strb	r3, [sp, #4]
 1183 0018 FFF7FEFF 		bl	SEGGER_RTT_Write
 1184 001c 05A9     		add	r1, sp, #20
 1185 001e 0498     		ldr	r0, [sp, #16]
 1186 0020 0191     		str	r1, [sp, #4]
 1187 0022 FFF7FEFF 		bl	_vprintf
 1188 0026 03B0     		add	sp, sp, #12
 1189              		@ sp needed
 1190 0028 5DF804EB 		ldr	lr, [sp], #4
 1191 002c 04B0     		add	sp, sp, #16
 1192 002e 7047     		bx	lr
 1193              	.L249:
 1194 0030 FFF7FEFF 		bl	debug_print_timestamp
 1195 0034 EAE7     		b	.L244
 1196              	.L251:
 1197 0036 00BF     		.align	2
 1198              	.L250:
 1199 0038 00000000 		.word	.LANCHOR0
 1201              		.section	.text.debug_printf,"ax",%progbits
 1202              		.align	1
 1203              		.p2align 2,,3
 1204              		.global	debug_printf
 1205              		.syntax unified
 1206              		.thumb
 1207              		.thumb_func
 1208              		.fpu fpv5-d16
 1210              	debug_printf:
 1211              		@ args = 4, pretend = 12, frame = 8
 1212              		@ frame_needed = 0, uses_anonymous_args = 1
 1213 0000 0228     		cmp	r0, #2
 1214 0002 0EB4     		push	{r1, r2, r3}
 1215 0004 10B5     		push	{r4, lr}
 1216 0006 0446     		mov	r4, r0
 1217 0008 83B0     		sub	sp, sp, #12
 1218 000a 58D0     		beq	.L271
 1219 000c 40B3     		cbz	r0, .L272
ARM GAS  C:\Users\Brandon\AppData\Local\Temp\cc494VCl.s 			page 22


 1220              	.L254:
 1221 000e 2F4B     		ldr	r3, .L274
 1222 0010 1B78     		ldrb	r3, [r3]	@ zero_extendqisi2
 1223 0012 002B     		cmp	r3, #0
 1224 0014 57D1     		bne	.L273
 1225              	.L269:
 1226 0016 2E48     		ldr	r0, .L274+4
 1227 0018 FFF7FEFF 		bl	_puts
 1228 001c 2D48     		ldr	r0, .L274+8
 1229 001e FFF7FEFF 		bl	_puts
 1230 0022 5D23     		movs	r3, #93
 1231 0024 01A9     		add	r1, sp, #4
 1232 0026 0122     		movs	r2, #1
 1233 0028 0020     		movs	r0, #0
 1234 002a 8DF80430 		strb	r3, [sp, #4]
 1235 002e FFF7FEFF 		bl	SEGGER_RTT_Write
 1236 0032 2023     		movs	r3, #32
 1237 0034 0122     		movs	r2, #1
 1238 0036 01A9     		add	r1, sp, #4
 1239 0038 0020     		movs	r0, #0
 1240 003a 8DF80430 		strb	r3, [sp, #4]
 1241 003e FFF7FEFF 		bl	SEGGER_RTT_Write
 1242 0042 06A9     		add	r1, sp, #24
 1243 0044 0598     		ldr	r0, [sp, #20]
 1244 0046 0191     		str	r1, [sp, #4]
 1245 0048 FFF7FEFF 		bl	_vprintf
 1246 004c 2248     		ldr	r0, .L274+12
 1247 004e FFF7FEFF 		bl	_puts
 1248 0052 022C     		cmp	r4, #2
 1249 0054 2BD0     		beq	.L257
 1250 0056 03B0     		add	sp, sp, #12
 1251              		@ sp needed
 1252 0058 BDE81040 		pop	{r4, lr}
 1253 005c 03B0     		add	sp, sp, #12
 1254 005e 7047     		bx	lr
 1255              	.L272:
 1256 0060 1E48     		ldr	r0, .L274+16
 1257 0062 FFF7FEFF 		bl	_puts
 1258 0066 194B     		ldr	r3, .L274
 1259 0068 1B78     		ldrb	r3, [r3]	@ zero_extendqisi2
 1260 006a 0BB1     		cbz	r3, .L270
 1261 006c FFF7FEFF 		bl	debug_print_timestamp
 1262              	.L270:
 1263 0070 1748     		ldr	r0, .L274+4
 1264 0072 FFF7FEFF 		bl	_puts
 1265 0076 1A4B     		ldr	r3, .L274+20
 1266 0078 1868     		ldr	r0, [r3]
 1267 007a FFF7FEFF 		bl	_puts
 1268 007e 5D23     		movs	r3, #93
 1269 0080 01A9     		add	r1, sp, #4
 1270 0082 0122     		movs	r2, #1
 1271 0084 0020     		movs	r0, #0
 1272 0086 8DF80430 		strb	r3, [sp, #4]
 1273 008a FFF7FEFF 		bl	SEGGER_RTT_Write
 1274 008e 2023     		movs	r3, #32
 1275 0090 01A9     		add	r1, sp, #4
 1276 0092 0122     		movs	r2, #1
ARM GAS  C:\Users\Brandon\AppData\Local\Temp\cc494VCl.s 			page 23


 1277 0094 0020     		movs	r0, #0
 1278 0096 8DF80430 		strb	r3, [sp, #4]
 1279 009a FFF7FEFF 		bl	SEGGER_RTT_Write
 1280 009e 06A9     		add	r1, sp, #24
 1281 00a0 0598     		ldr	r0, [sp, #20]
 1282 00a2 0191     		str	r1, [sp, #4]
 1283 00a4 FFF7FEFF 		bl	_vprintf
 1284 00a8 0B48     		ldr	r0, .L274+12
 1285 00aa FFF7FEFF 		bl	_puts
 1286              	.L257:
 1287 00ae 0D48     		ldr	r0, .L274+24
 1288 00b0 FFF7FEFF 		bl	_puts
 1289 00b4 03B0     		add	sp, sp, #12
 1290              		@ sp needed
 1291 00b6 BDE81040 		pop	{r4, lr}
 1292 00ba 03B0     		add	sp, sp, #12
 1293 00bc 7047     		bx	lr
 1294              	.L271:
 1295 00be 0A48     		ldr	r0, .L274+28
 1296 00c0 FFF7FEFF 		bl	_puts
 1297 00c4 A3E7     		b	.L254
 1298              	.L273:
 1299 00c6 FFF7FEFF 		bl	debug_print_timestamp
 1300 00ca A4E7     		b	.L269
 1301              	.L275:
 1302              		.align	2
 1303              	.L274:
 1304 00cc 00000000 		.word	.LANCHOR0
 1305 00d0 08000000 		.word	.LC10
 1306 00d4 0C000000 		.word	.LC11
 1307 00d8 28000000 		.word	.LC7
 1308 00dc 08000000 		.word	.LC1
 1309 00e0 00000000 		.word	.LANCHOR2
 1310 00e4 2C000000 		.word	.LC8
 1311 00e8 00000000 		.word	.LC0
 1313              		.global	module_stringtable
 1314              		.section	.rodata.str1.4,"aMS",%progbits,1
 1315              		.align	2
 1316              	.LC12:
 1317 0000 6D61696E 		.ascii	"main\000"
 1317      00
 1318              		.section	.bss.line_buffer,"aw",%nobits
 1319              		.align	2
 1320              		.set	.LANCHOR1,. + 0
 1323              	line_buffer:
 1324 0000 00000000 		.space	32
 1324      00000000 
 1324      00000000 
 1324      00000000 
 1324      00000000 
 1325              		.section	.data.module_stringtable,"aw"
 1326              		.align	2
 1327              		.set	.LANCHOR2,. + 0
 1330              	module_stringtable:
 1331 0000 00000000 		.word	.LC12
 1332              		.section	.data.timestamp_enabled,"aw"
 1333              		.set	.LANCHOR0,. + 0
ARM GAS  C:\Users\Brandon\AppData\Local\Temp\cc494VCl.s 			page 24


 1336              	timestamp_enabled:
 1337 0000 01       		.byte	1
 1338              		.ident	"GCC: (GNU Arm Embedded Toolchain 9-2020-q2-update) 9.3.1 20200408 (release)"
ARM GAS  C:\Users\Brandon\AppData\Local\Temp\cc494VCl.s 			page 25


DEFINED SYMBOLS
                            *ABS*:00000000 debug_log.c
C:\Users\Brandon\AppData\Local\Temp\cc494VCl.s:15     .text.init_rtt_logging:00000000 $t
C:\Users\Brandon\AppData\Local\Temp\cc494VCl.s:24     .text.init_rtt_logging:00000000 init_rtt_logging
C:\Users\Brandon\AppData\Local\Temp\cc494VCl.s:31     .text.debug_timestamp_enable:00000000 $t
C:\Users\Brandon\AppData\Local\Temp\cc494VCl.s:39     .text.debug_timestamp_enable:00000000 debug_timestamp_enable
C:\Users\Brandon\AppData\Local\Temp\cc494VCl.s:49     .text.debug_timestamp_enable:00000008 $d
C:\Users\Brandon\AppData\Local\Temp\cc494VCl.s:52     .text._putc:00000000 $t
C:\Users\Brandon\AppData\Local\Temp\cc494VCl.s:60     .text._putc:00000000 _putc
C:\Users\Brandon\AppData\Local\Temp\cc494VCl.s:77     .text._puts:00000000 $t
C:\Users\Brandon\AppData\Local\Temp\cc494VCl.s:85     .text._puts:00000000 _puts
C:\Users\Brandon\AppData\Local\Temp\cc494VCl.s:114    .text._puti:00000000 $t
C:\Users\Brandon\AppData\Local\Temp\cc494VCl.s:122    .text._puti:00000000 _puti
C:\Users\Brandon\AppData\Local\Temp\cc494VCl.s:215    .text._puti:000000cc $d
C:\Users\Brandon\AppData\Local\Temp\cc494VCl.s:218    .text._putu:00000000 $t
C:\Users\Brandon\AppData\Local\Temp\cc494VCl.s:226    .text._putu:00000000 _putu
C:\Users\Brandon\AppData\Local\Temp\cc494VCl.s:321    .text._putu:000000e4 $d
C:\Users\Brandon\AppData\Local\Temp\cc494VCl.s:324    .text.debug_print_timestamp:00000000 $t
C:\Users\Brandon\AppData\Local\Temp\cc494VCl.s:331    .text.debug_print_timestamp:00000000 debug_print_timestamp
C:\Users\Brandon\AppData\Local\Temp\cc494VCl.s:371    .text.debug_print_timestamp:0000005c $d
C:\Users\Brandon\AppData\Local\Temp\cc494VCl.s:374    .text._putx:00000000 $t
C:\Users\Brandon\AppData\Local\Temp\cc494VCl.s:382    .text._putx:00000000 _putx
C:\Users\Brandon\AppData\Local\Temp\cc494VCl.s:475    .text._putx:000000f0 $d
C:\Users\Brandon\AppData\Local\Temp\cc494VCl.s:478    .rodata.debug_print_buffer.str1.4:00000000 $d
C:\Users\Brandon\AppData\Local\Temp\cc494VCl.s:506    .text.debug_print_buffer:00000000 $t
C:\Users\Brandon\AppData\Local\Temp\cc494VCl.s:514    .text.debug_print_buffer:00000000 debug_print_buffer
C:\Users\Brandon\AppData\Local\Temp\cc494VCl.s:647    .text.debug_print_buffer:0000011c $d
C:\Users\Brandon\AppData\Local\Temp\cc494VCl.s:658    .text._putf:00000000 $t
C:\Users\Brandon\AppData\Local\Temp\cc494VCl.s:666    .text._putf:00000000 _putf
C:\Users\Brandon\AppData\Local\Temp\cc494VCl.s:764    .text._putf:000000dc $d
C:\Users\Brandon\AppData\Local\Temp\cc494VCl.s:767    .text._vprintf:00000000 $t
C:\Users\Brandon\AppData\Local\Temp\cc494VCl.s:775    .text._vprintf:00000000 _vprintf
C:\Users\Brandon\AppData\Local\Temp\cc494VCl.s:1085   .rodata.debug_error.str1.4:00000000 $d
C:\Users\Brandon\AppData\Local\Temp\cc494VCl.s:1095   .text.debug_error:00000000 $t
C:\Users\Brandon\AppData\Local\Temp\cc494VCl.s:1103   .text.debug_error:00000000 debug_error
C:\Users\Brandon\AppData\Local\Temp\cc494VCl.s:1152   .text.debug_error:0000006c $d
C:\Users\Brandon\AppData\Local\Temp\cc494VCl.s:1160   .text.debug_eeprintf:00000000 $t
C:\Users\Brandon\AppData\Local\Temp\cc494VCl.s:1168   .text.debug_eeprintf:00000000 debug_eeprintf
C:\Users\Brandon\AppData\Local\Temp\cc494VCl.s:1199   .text.debug_eeprintf:00000038 $d
C:\Users\Brandon\AppData\Local\Temp\cc494VCl.s:1202   .text.debug_printf:00000000 $t
C:\Users\Brandon\AppData\Local\Temp\cc494VCl.s:1210   .text.debug_printf:00000000 debug_printf
C:\Users\Brandon\AppData\Local\Temp\cc494VCl.s:1304   .text.debug_printf:000000cc $d
C:\Users\Brandon\AppData\Local\Temp\cc494VCl.s:1330   .data.module_stringtable:00000000 module_stringtable
C:\Users\Brandon\AppData\Local\Temp\cc494VCl.s:1315   .rodata.str1.4:00000000 $d
C:\Users\Brandon\AppData\Local\Temp\cc494VCl.s:1319   .bss.line_buffer:00000000 $d
C:\Users\Brandon\AppData\Local\Temp\cc494VCl.s:1323   .bss.line_buffer:00000000 line_buffer
C:\Users\Brandon\AppData\Local\Temp\cc494VCl.s:1326   .data.module_stringtable:00000000 $d
C:\Users\Brandon\AppData\Local\Temp\cc494VCl.s:1336   .data.timestamp_enabled:00000000 timestamp_enabled

UNDEFINED SYMBOLS
SEGGER_RTT_Init
SEGGER_RTT_Write
__aeabi_uldivmod
__aeabi_ldivmod
HAL_GetTick
