ARM GAS  C:\Users\Brandon\AppData\Local\Temp\cc1qyY51.s 			page 1


   1              		.cpu cortex-m7
   2              		.eabi_attribute 28, 1
   3              		.eabi_attribute 20, 1
   4              		.eabi_attribute 21, 1
   5              		.eabi_attribute 23, 3
   6              		.eabi_attribute 24, 1
   7              		.eabi_attribute 25, 1
   8              		.eabi_attribute 26, 1
   9              		.eabi_attribute 30, 2
  10              		.eabi_attribute 34, 1
  11              		.eabi_attribute 18, 4
  12              		.file	"stm32h7xx_hal_i2c_ex.c"
  13              		.text
  14              		.section	.text.HAL_I2CEx_ConfigAnalogFilter,"ax",%progbits
  15              		.align	1
  16              		.p2align 2,,3
  17              		.global	HAL_I2CEx_ConfigAnalogFilter
  18              		.arch armv7e-m
  19              		.syntax unified
  20              		.thumb
  21              		.thumb_func
  22              		.fpu fpv5-d16
  24              	HAL_I2CEx_ConfigAnalogFilter:
  25              		@ args = 0, pretend = 0, frame = 0
  26              		@ frame_needed = 0, uses_anonymous_args = 0
  27              		@ link register save eliminated.
  28 0000 90F84120 		ldrb	r2, [r0, #65]	@ zero_extendqisi2
  29 0004 202A     		cmp	r2, #32
  30 0006 21D1     		bne	.L3
  31 0008 0346     		mov	r3, r0
  32 000a 70B4     		push	{r4, r5, r6}
  33 000c D5B2     		uxtb	r5, r2
  34 000e 90F84020 		ldrb	r2, [r0, #64]	@ zero_extendqisi2
  35 0012 012A     		cmp	r2, #1
  36 0014 1CD0     		beq	.L4
  37 0016 1A68     		ldr	r2, [r3]
  38 0018 2420     		movs	r0, #36
  39 001a 0026     		movs	r6, #0
  40 001c 83F84100 		strb	r0, [r3, #65]
  41 0020 1468     		ldr	r4, [r2]
  42 0022 3046     		mov	r0, r6
  43 0024 24F00104 		bic	r4, r4, #1
  44 0028 1460     		str	r4, [r2]
  45 002a 1468     		ldr	r4, [r2]
  46 002c 24F48054 		bic	r4, r4, #4096
  47 0030 1460     		str	r4, [r2]
  48 0032 1468     		ldr	r4, [r2]
  49 0034 2143     		orrs	r1, r1, r4
  50 0036 1160     		str	r1, [r2]
  51 0038 1168     		ldr	r1, [r2]
  52 003a 41F00101 		orr	r1, r1, #1
  53 003e 1160     		str	r1, [r2]
  54 0040 83F84150 		strb	r5, [r3, #65]
  55 0044 83F84060 		strb	r6, [r3, #64]
  56 0048 70BC     		pop	{r4, r5, r6}
  57 004a 7047     		bx	lr
  58              	.L3:
ARM GAS  C:\Users\Brandon\AppData\Local\Temp\cc1qyY51.s 			page 2


  59 004c 0220     		movs	r0, #2
  60 004e 7047     		bx	lr
  61              	.L4:
  62 0050 0220     		movs	r0, #2
  63 0052 70BC     		pop	{r4, r5, r6}
  64 0054 7047     		bx	lr
  66 0056 00BF     		.section	.text.HAL_I2CEx_ConfigDigitalFilter,"ax",%progbits
  67              		.align	1
  68              		.p2align 2,,3
  69              		.global	HAL_I2CEx_ConfigDigitalFilter
  70              		.syntax unified
  71              		.thumb
  72              		.thumb_func
  73              		.fpu fpv5-d16
  75              	HAL_I2CEx_ConfigDigitalFilter:
  76              		@ args = 0, pretend = 0, frame = 0
  77              		@ frame_needed = 0, uses_anonymous_args = 0
  78              		@ link register save eliminated.
  79 0000 90F84120 		ldrb	r2, [r0, #65]	@ zero_extendqisi2
  80 0004 202A     		cmp	r2, #32
  81 0006 20D1     		bne	.L12
  82 0008 0346     		mov	r3, r0
  83 000a 70B4     		push	{r4, r5, r6}
  84 000c D6B2     		uxtb	r6, r2
  85 000e 90F84020 		ldrb	r2, [r0, #64]	@ zero_extendqisi2
  86 0012 012A     		cmp	r2, #1
  87 0014 1BD0     		beq	.L13
  88 0016 1A68     		ldr	r2, [r3]
  89 0018 2420     		movs	r0, #36
  90 001a 0025     		movs	r5, #0
  91 001c 83F84100 		strb	r0, [r3, #65]
  92 0020 1468     		ldr	r4, [r2]
  93 0022 2846     		mov	r0, r5
  94 0024 24F00104 		bic	r4, r4, #1
  95 0028 1460     		str	r4, [r2]
  96 002a 1468     		ldr	r4, [r2]
  97 002c 24F47064 		bic	r4, r4, #3840
  98 0030 44EA0121 		orr	r1, r4, r1, lsl #8
  99 0034 1160     		str	r1, [r2]
 100 0036 1168     		ldr	r1, [r2]
 101 0038 41F00101 		orr	r1, r1, #1
 102 003c 1160     		str	r1, [r2]
 103 003e 83F84160 		strb	r6, [r3, #65]
 104 0042 83F84050 		strb	r5, [r3, #64]
 105 0046 70BC     		pop	{r4, r5, r6}
 106 0048 7047     		bx	lr
 107              	.L12:
 108 004a 0220     		movs	r0, #2
 109 004c 7047     		bx	lr
 110              	.L13:
 111 004e 0220     		movs	r0, #2
 112 0050 70BC     		pop	{r4, r5, r6}
 113 0052 7047     		bx	lr
 115              		.section	.text.HAL_I2CEx_EnableWakeUp,"ax",%progbits
 116              		.align	1
 117              		.p2align 2,,3
 118              		.global	HAL_I2CEx_EnableWakeUp
ARM GAS  C:\Users\Brandon\AppData\Local\Temp\cc1qyY51.s 			page 3


 119              		.syntax unified
 120              		.thumb
 121              		.thumb_func
 122              		.fpu fpv5-d16
 124              	HAL_I2CEx_EnableWakeUp:
 125              		@ args = 0, pretend = 0, frame = 0
 126              		@ frame_needed = 0, uses_anonymous_args = 0
 127              		@ link register save eliminated.
 128 0000 90F84120 		ldrb	r2, [r0, #65]	@ zero_extendqisi2
 129 0004 202A     		cmp	r2, #32
 130 0006 1ED1     		bne	.L20
 131 0008 0346     		mov	r3, r0
 132 000a 30B4     		push	{r4, r5}
 133 000c D5B2     		uxtb	r5, r2
 134 000e 90F84020 		ldrb	r2, [r0, #64]	@ zero_extendqisi2
 135 0012 012A     		cmp	r2, #1
 136 0014 19D0     		beq	.L21
 137 0016 0268     		ldr	r2, [r0]
 138 0018 2421     		movs	r1, #36
 139 001a 0024     		movs	r4, #0
 140 001c 80F84110 		strb	r1, [r0, #65]
 141 0020 1168     		ldr	r1, [r2]
 142 0022 2046     		mov	r0, r4
 143 0024 21F00101 		bic	r1, r1, #1
 144 0028 1160     		str	r1, [r2]
 145 002a 1168     		ldr	r1, [r2]
 146 002c 41F48021 		orr	r1, r1, #262144
 147 0030 1160     		str	r1, [r2]
 148 0032 1168     		ldr	r1, [r2]
 149 0034 41F00101 		orr	r1, r1, #1
 150 0038 1160     		str	r1, [r2]
 151 003a 83F84150 		strb	r5, [r3, #65]
 152 003e 83F84040 		strb	r4, [r3, #64]
 153 0042 30BC     		pop	{r4, r5}
 154 0044 7047     		bx	lr
 155              	.L20:
 156 0046 0220     		movs	r0, #2
 157 0048 7047     		bx	lr
 158              	.L21:
 159 004a 0220     		movs	r0, #2
 160 004c 30BC     		pop	{r4, r5}
 161 004e 7047     		bx	lr
 163              		.section	.text.HAL_I2CEx_DisableWakeUp,"ax",%progbits
 164              		.align	1
 165              		.p2align 2,,3
 166              		.global	HAL_I2CEx_DisableWakeUp
 167              		.syntax unified
 168              		.thumb
 169              		.thumb_func
 170              		.fpu fpv5-d16
 172              	HAL_I2CEx_DisableWakeUp:
 173              		@ args = 0, pretend = 0, frame = 0
 174              		@ frame_needed = 0, uses_anonymous_args = 0
 175              		@ link register save eliminated.
 176 0000 90F84120 		ldrb	r2, [r0, #65]	@ zero_extendqisi2
 177 0004 202A     		cmp	r2, #32
 178 0006 1ED1     		bne	.L28
ARM GAS  C:\Users\Brandon\AppData\Local\Temp\cc1qyY51.s 			page 4


 179 0008 0346     		mov	r3, r0
 180 000a 30B4     		push	{r4, r5}
 181 000c D5B2     		uxtb	r5, r2
 182 000e 90F84020 		ldrb	r2, [r0, #64]	@ zero_extendqisi2
 183 0012 012A     		cmp	r2, #1
 184 0014 19D0     		beq	.L29
 185 0016 0268     		ldr	r2, [r0]
 186 0018 2421     		movs	r1, #36
 187 001a 0024     		movs	r4, #0
 188 001c 80F84110 		strb	r1, [r0, #65]
 189 0020 1168     		ldr	r1, [r2]
 190 0022 2046     		mov	r0, r4
 191 0024 21F00101 		bic	r1, r1, #1
 192 0028 1160     		str	r1, [r2]
 193 002a 1168     		ldr	r1, [r2]
 194 002c 21F48021 		bic	r1, r1, #262144
 195 0030 1160     		str	r1, [r2]
 196 0032 1168     		ldr	r1, [r2]
 197 0034 41F00101 		orr	r1, r1, #1
 198 0038 1160     		str	r1, [r2]
 199 003a 83F84150 		strb	r5, [r3, #65]
 200 003e 83F84040 		strb	r4, [r3, #64]
 201 0042 30BC     		pop	{r4, r5}
 202 0044 7047     		bx	lr
 203              	.L28:
 204 0046 0220     		movs	r0, #2
 205 0048 7047     		bx	lr
 206              	.L29:
 207 004a 0220     		movs	r0, #2
 208 004c 30BC     		pop	{r4, r5}
 209 004e 7047     		bx	lr
 211              		.section	.text.HAL_I2CEx_EnableFastModePlus,"ax",%progbits
 212              		.align	1
 213              		.p2align 2,,3
 214              		.global	HAL_I2CEx_EnableFastModePlus
 215              		.syntax unified
 216              		.thumb
 217              		.thumb_func
 218              		.fpu fpv5-d16
 220              	HAL_I2CEx_EnableFastModePlus:
 221              		@ args = 0, pretend = 0, frame = 8
 222              		@ frame_needed = 0, uses_anonymous_args = 0
 223              		@ link register save eliminated.
 224 0000 0B4A     		ldr	r2, .L36
 225 0002 D2F8F410 		ldr	r1, [r2, #244]
 226 0006 41F00201 		orr	r1, r1, #2
 227 000a 10B4     		push	{r4}
 228 000c C2F8F410 		str	r1, [r2, #244]
 229 0010 83B0     		sub	sp, sp, #12
 230 0012 D2F8F420 		ldr	r2, [r2, #244]
 231 0016 074C     		ldr	r4, .L36+4
 232 0018 02F00202 		and	r2, r2, #2
 233 001c 0192     		str	r2, [sp, #4]
 234 001e 019B     		ldr	r3, [sp, #4]
 235 0020 6368     		ldr	r3, [r4, #4]
 236 0022 1843     		orrs	r0, r0, r3
 237 0024 6060     		str	r0, [r4, #4]
ARM GAS  C:\Users\Brandon\AppData\Local\Temp\cc1qyY51.s 			page 5


 238 0026 03B0     		add	sp, sp, #12
 239              		@ sp needed
 240 0028 5DF8044B 		ldr	r4, [sp], #4
 241 002c 7047     		bx	lr
 242              	.L37:
 243 002e 00BF     		.align	2
 244              	.L36:
 245 0030 00440258 		.word	1476543488
 246 0034 00040058 		.word	1476396032
 248              		.section	.text.HAL_I2CEx_DisableFastModePlus,"ax",%progbits
 249              		.align	1
 250              		.p2align 2,,3
 251              		.global	HAL_I2CEx_DisableFastModePlus
 252              		.syntax unified
 253              		.thumb
 254              		.thumb_func
 255              		.fpu fpv5-d16
 257              	HAL_I2CEx_DisableFastModePlus:
 258              		@ args = 0, pretend = 0, frame = 8
 259              		@ frame_needed = 0, uses_anonymous_args = 0
 260              		@ link register save eliminated.
 261 0000 0B4A     		ldr	r2, .L40
 262 0002 D2F8F410 		ldr	r1, [r2, #244]
 263 0006 41F00201 		orr	r1, r1, #2
 264 000a 10B4     		push	{r4}
 265 000c C2F8F410 		str	r1, [r2, #244]
 266 0010 83B0     		sub	sp, sp, #12
 267 0012 D2F8F420 		ldr	r2, [r2, #244]
 268 0016 074C     		ldr	r4, .L40+4
 269 0018 02F00202 		and	r2, r2, #2
 270 001c 0192     		str	r2, [sp, #4]
 271 001e 019B     		ldr	r3, [sp, #4]
 272 0020 6368     		ldr	r3, [r4, #4]
 273 0022 23EA0000 		bic	r0, r3, r0
 274 0026 6060     		str	r0, [r4, #4]
 275 0028 03B0     		add	sp, sp, #12
 276              		@ sp needed
 277 002a 5DF8044B 		ldr	r4, [sp], #4
 278 002e 7047     		bx	lr
 279              	.L41:
 280              		.align	2
 281              	.L40:
 282 0030 00440258 		.word	1476543488
 283 0034 00040058 		.word	1476396032
 285              		.ident	"GCC: (GNU Arm Embedded Toolchain 9-2020-q2-update) 9.3.1 20200408 (release)"
ARM GAS  C:\Users\Brandon\AppData\Local\Temp\cc1qyY51.s 			page 6


DEFINED SYMBOLS
                            *ABS*:00000000 stm32h7xx_hal_i2c_ex.c
C:\Users\Brandon\AppData\Local\Temp\cc1qyY51.s:15     .text.HAL_I2CEx_ConfigAnalogFilter:00000000 $t
C:\Users\Brandon\AppData\Local\Temp\cc1qyY51.s:24     .text.HAL_I2CEx_ConfigAnalogFilter:00000000 HAL_I2CEx_ConfigAnalogFilter
C:\Users\Brandon\AppData\Local\Temp\cc1qyY51.s:67     .text.HAL_I2CEx_ConfigDigitalFilter:00000000 $t
C:\Users\Brandon\AppData\Local\Temp\cc1qyY51.s:75     .text.HAL_I2CEx_ConfigDigitalFilter:00000000 HAL_I2CEx_ConfigDigitalFilter
C:\Users\Brandon\AppData\Local\Temp\cc1qyY51.s:116    .text.HAL_I2CEx_EnableWakeUp:00000000 $t
C:\Users\Brandon\AppData\Local\Temp\cc1qyY51.s:124    .text.HAL_I2CEx_EnableWakeUp:00000000 HAL_I2CEx_EnableWakeUp
C:\Users\Brandon\AppData\Local\Temp\cc1qyY51.s:164    .text.HAL_I2CEx_DisableWakeUp:00000000 $t
C:\Users\Brandon\AppData\Local\Temp\cc1qyY51.s:172    .text.HAL_I2CEx_DisableWakeUp:00000000 HAL_I2CEx_DisableWakeUp
C:\Users\Brandon\AppData\Local\Temp\cc1qyY51.s:212    .text.HAL_I2CEx_EnableFastModePlus:00000000 $t
C:\Users\Brandon\AppData\Local\Temp\cc1qyY51.s:220    .text.HAL_I2CEx_EnableFastModePlus:00000000 HAL_I2CEx_EnableFastModePlus
C:\Users\Brandon\AppData\Local\Temp\cc1qyY51.s:245    .text.HAL_I2CEx_EnableFastModePlus:00000030 $d
C:\Users\Brandon\AppData\Local\Temp\cc1qyY51.s:249    .text.HAL_I2CEx_DisableFastModePlus:00000000 $t
C:\Users\Brandon\AppData\Local\Temp\cc1qyY51.s:257    .text.HAL_I2CEx_DisableFastModePlus:00000000 HAL_I2CEx_DisableFastModePlus
C:\Users\Brandon\AppData\Local\Temp\cc1qyY51.s:282    .text.HAL_I2CEx_DisableFastModePlus:00000030 $d

NO UNDEFINED SYMBOLS
