ARM GAS  C:\Users\Brandon\AppData\Local\Temp\ccTzsU7e.s 			page 1


   1              		.cpu cortex-m7
   2              		.eabi_attribute 28, 1
   3              		.eabi_attribute 20, 1
   4              		.eabi_attribute 21, 1
   5              		.eabi_attribute 23, 3
   6              		.eabi_attribute 24, 1
   7              		.eabi_attribute 25, 1
   8              		.eabi_attribute 26, 1
   9              		.eabi_attribute 30, 2
  10              		.eabi_attribute 34, 1
  11              		.eabi_attribute 18, 4
  12              		.file	"stm32h7xx_hal_flash.c"
  13              		.text
  14              		.section	.text.HAL_FLASH_EndOfOperationCallback,"ax",%progbits
  15              		.align	1
  16              		.p2align 2,,3
  17              		.weak	HAL_FLASH_EndOfOperationCallback
  18              		.arch armv7e-m
  19              		.syntax unified
  20              		.thumb
  21              		.thumb_func
  22              		.fpu fpv5-d16
  24              	HAL_FLASH_EndOfOperationCallback:
  25              		@ args = 0, pretend = 0, frame = 0
  26              		@ frame_needed = 0, uses_anonymous_args = 0
  27              		@ link register save eliminated.
  28 0000 7047     		bx	lr
  30 0002 00BF     		.section	.text.HAL_FLASH_OperationErrorCallback,"ax",%progbits
  31              		.align	1
  32              		.p2align 2,,3
  33              		.weak	HAL_FLASH_OperationErrorCallback
  34              		.syntax unified
  35              		.thumb
  36              		.thumb_func
  37              		.fpu fpv5-d16
  39              	HAL_FLASH_OperationErrorCallback:
  40              		@ args = 0, pretend = 0, frame = 0
  41              		@ frame_needed = 0, uses_anonymous_args = 0
  42              		@ link register save eliminated.
  43 0000 7047     		bx	lr
  45 0002 00BF     		.section	.text.HAL_FLASH_IRQHandler,"ax",%progbits
  46              		.align	1
  47              		.p2align 2,,3
  48              		.global	HAL_FLASH_IRQHandler
  49              		.syntax unified
  50              		.thumb
  51              		.thumb_func
  52              		.fpu fpv5-d16
  54              	HAL_FLASH_IRQHandler:
  55              		@ args = 0, pretend = 0, frame = 0
  56              		@ frame_needed = 0, uses_anonymous_args = 0
  57 0000 70B5     		push	{r4, r5, r6, lr}
  58 0002 384D     		ldr	r5, .L27
  59 0004 384C     		ldr	r4, .L27+4
  60 0006 2B69     		ldr	r3, [r5, #16]
  61 0008 DB03     		lsls	r3, r3, #15
  62 000a 0ED5     		bpl	.L6
ARM GAS  C:\Users\Brandon\AppData\Local\Temp\ccTzsU7e.s 			page 2


  63 000c 2378     		ldrb	r3, [r4]	@ zero_extendqisi2
  64 000e 012B     		cmp	r3, #1
  65 0010 DEB2     		uxtb	r6, r3
  66 0012 34D0     		beq	.L24
  67 0014 2378     		ldrb	r3, [r4]	@ zero_extendqisi2
  68 0016 022B     		cmp	r3, #2
  69 0018 DDB2     		uxtb	r5, r3
  70 001a 50D0     		beq	.L19
  71 001c 072D     		cmp	r5, #7
  72 001e 4ED0     		beq	.L19
  73 0020 032D     		cmp	r5, #3
  74 0022 40D0     		beq	.L25
  75 0024 043D     		subs	r5, r5, #4
  76 0026 022D     		cmp	r5, #2
  77 0028 40D8     		bhi	.L12
  78              	.L6:
  79 002a 2E4A     		ldr	r2, .L27
  80 002c 1369     		ldr	r3, [r2, #16]
  81 002e 13F4DC03 		ands	r3, r3, #7208960
  82 0032 10D0     		beq	.L14
  83 0034 A169     		ldr	r1, [r4, #24]
  84 0036 1943     		orrs	r1, r1, r3
  85 0038 A161     		str	r1, [r4, #24]
  86 003a 5361     		str	r3, [r2, #20]
  87 003c 2378     		ldrb	r3, [r4]	@ zero_extendqisi2
  88 003e 012B     		cmp	r3, #1
  89 0040 DAB2     		uxtb	r2, r3
  90 0042 13D0     		beq	.L26
  91 0044 022A     		cmp	r2, #2
  92 0046 38D0     		beq	.L18
  93 0048 072A     		cmp	r2, #7
  94 004a 36D0     		beq	.L18
  95 004c 0023     		movs	r3, #0
  96 004e 2069     		ldr	r0, [r4, #16]
  97 0050 2370     		strb	r3, [r4]
  98 0052 FFF7FEFF 		bl	HAL_FLASH_OperationErrorCallback
  99              	.L14:
 100 0056 2378     		ldrb	r3, [r4]	@ zero_extendqisi2
 101 0058 03F0FF02 		and	r2, r3, #255
 102 005c 2BB9     		cbnz	r3, .L4
 103 005e 2149     		ldr	r1, .L27
 104 0060 CB68     		ldr	r3, [r1, #12]
 105 0062 23F4DE03 		bic	r3, r3, #7274496
 106 0066 CB60     		str	r3, [r1, #12]
 107 0068 2275     		strb	r2, [r4, #20]
 108              	.L4:
 109 006a 70BD     		pop	{r4, r5, r6, pc}
 110              	.L26:
 111 006c 4FF0FF33 		mov	r3, #-1
 112 0070 E068     		ldr	r0, [r4, #12]
 113 0072 E360     		str	r3, [r4, #12]
 114              	.L16:
 115 0074 0023     		movs	r3, #0
 116 0076 2370     		strb	r3, [r4]
 117 0078 FFF7FEFF 		bl	HAL_FLASH_OperationErrorCallback
 118 007c EBE7     		b	.L14
 119              	.L24:
ARM GAS  C:\Users\Brandon\AppData\Local\Temp\ccTzsU7e.s 			page 3


 120 007e 6368     		ldr	r3, [r4, #4]
 121 0080 013B     		subs	r3, r3, #1
 122 0082 6360     		str	r3, [r4, #4]
 123 0084 6368     		ldr	r3, [r4, #4]
 124 0086 0BB3     		cbz	r3, .L8
 125 0088 E068     		ldr	r0, [r4, #12]
 126 008a FFF7FEFF 		bl	HAL_FLASH_EndOfOperationCallback
 127 008e 4FF48033 		mov	r3, #65536
 128 0092 3146     		mov	r1, r6
 129 0094 6B61     		str	r3, [r5, #20]
 130 0096 E368     		ldr	r3, [r4, #12]
 131 0098 0133     		adds	r3, r3, #1
 132 009a E360     		str	r3, [r4, #12]
 133 009c E068     		ldr	r0, [r4, #12]
 134 009e A268     		ldr	r2, [r4, #8]
 135 00a0 FFF7FEFF 		bl	FLASH_Erase_Sector
 136 00a4 C1E7     		b	.L6
 137              	.L25:
 138 00a6 2069     		ldr	r0, [r4, #16]
 139 00a8 FFF7FEFF 		bl	HAL_FLASH_EndOfOperationCallback
 140              	.L12:
 141 00ac 0021     		movs	r1, #0
 142 00ae 0D4B     		ldr	r3, .L27
 143 00b0 4FF48032 		mov	r2, #65536
 144 00b4 2170     		strb	r1, [r4]
 145 00b6 5A61     		str	r2, [r3, #20]
 146 00b8 B7E7     		b	.L6
 147              	.L18:
 148 00ba 0120     		movs	r0, #1
 149 00bc DAE7     		b	.L16
 150              	.L19:
 151 00be 043D     		subs	r5, r5, #4
 152 00c0 0120     		movs	r0, #1
 153 00c2 FFF7FEFF 		bl	HAL_FLASH_EndOfOperationCallback
 154 00c6 022D     		cmp	r5, #2
 155 00c8 AFD9     		bls	.L6
 156 00ca EFE7     		b	.L12
 157              	.L8:
 158 00cc 4FF0FF32 		mov	r2, #-1
 159 00d0 E260     		str	r2, [r4, #12]
 160 00d2 2370     		strb	r3, [r4]
 161 00d4 E068     		ldr	r0, [r4, #12]
 162 00d6 FFF7FEFF 		bl	HAL_FLASH_EndOfOperationCallback
 163 00da 4FF48033 		mov	r3, #65536
 164 00de 6B61     		str	r3, [r5, #20]
 165 00e0 A3E7     		b	.L6
 166              	.L28:
 167 00e2 00BF     		.align	2
 168              	.L27:
 169 00e4 00200052 		.word	1375739904
 170 00e8 00000000 		.word	pFlash
 172              		.section	.text.HAL_FLASH_Unlock,"ax",%progbits
 173              		.align	1
 174              		.p2align 2,,3
 175              		.global	HAL_FLASH_Unlock
 176              		.syntax unified
 177              		.thumb
ARM GAS  C:\Users\Brandon\AppData\Local\Temp\ccTzsU7e.s 			page 4


 178              		.thumb_func
 179              		.fpu fpv5-d16
 181              	HAL_FLASH_Unlock:
 182              		@ args = 0, pretend = 0, frame = 0
 183              		@ frame_needed = 0, uses_anonymous_args = 0
 184              		@ link register save eliminated.
 185 0000 064B     		ldr	r3, .L32
 186 0002 D868     		ldr	r0, [r3, #12]
 187 0004 10F00100 		ands	r0, r0, #1
 188 0008 06D0     		beq	.L30
 189 000a 0549     		ldr	r1, .L32+4
 190 000c 054A     		ldr	r2, .L32+8
 191 000e 5960     		str	r1, [r3, #4]
 192 0010 5A60     		str	r2, [r3, #4]
 193 0012 D868     		ldr	r0, [r3, #12]
 194 0014 00F00100 		and	r0, r0, #1
 195              	.L30:
 196 0018 7047     		bx	lr
 197              	.L33:
 198 001a 00BF     		.align	2
 199              	.L32:
 200 001c 00200052 		.word	1375739904
 201 0020 23016745 		.word	1164378403
 202 0024 AB89EFCD 		.word	-839939669
 204              		.section	.text.HAL_FLASH_Lock,"ax",%progbits
 205              		.align	1
 206              		.p2align 2,,3
 207              		.global	HAL_FLASH_Lock
 208              		.syntax unified
 209              		.thumb
 210              		.thumb_func
 211              		.fpu fpv5-d16
 213              	HAL_FLASH_Lock:
 214              		@ args = 0, pretend = 0, frame = 0
 215              		@ frame_needed = 0, uses_anonymous_args = 0
 216              		@ link register save eliminated.
 217 0000 044B     		ldr	r3, .L35
 218 0002 DA68     		ldr	r2, [r3, #12]
 219 0004 42F00102 		orr	r2, r2, #1
 220 0008 DA60     		str	r2, [r3, #12]
 221 000a D868     		ldr	r0, [r3, #12]
 222 000c C043     		mvns	r0, r0
 223 000e 00F00100 		and	r0, r0, #1
 224 0012 7047     		bx	lr
 225              	.L36:
 226              		.align	2
 227              	.L35:
 228 0014 00200052 		.word	1375739904
 230              		.section	.text.HAL_FLASH_OB_Unlock,"ax",%progbits
 231              		.align	1
 232              		.p2align 2,,3
 233              		.global	HAL_FLASH_OB_Unlock
 234              		.syntax unified
 235              		.thumb
 236              		.thumb_func
 237              		.fpu fpv5-d16
 239              	HAL_FLASH_OB_Unlock:
ARM GAS  C:\Users\Brandon\AppData\Local\Temp\ccTzsU7e.s 			page 5


 240              		@ args = 0, pretend = 0, frame = 0
 241              		@ frame_needed = 0, uses_anonymous_args = 0
 242              		@ link register save eliminated.
 243 0000 064B     		ldr	r3, .L40
 244 0002 9869     		ldr	r0, [r3, #24]
 245 0004 10F00100 		ands	r0, r0, #1
 246 0008 06D0     		beq	.L38
 247 000a 0549     		ldr	r1, .L40+4
 248 000c 054A     		ldr	r2, .L40+8
 249 000e 9960     		str	r1, [r3, #8]
 250 0010 9A60     		str	r2, [r3, #8]
 251 0012 9869     		ldr	r0, [r3, #24]
 252 0014 00F00100 		and	r0, r0, #1
 253              	.L38:
 254 0018 7047     		bx	lr
 255              	.L41:
 256 001a 00BF     		.align	2
 257              	.L40:
 258 001c 00200052 		.word	1375739904
 259 0020 3B2A1908 		.word	135866939
 260 0024 7F6E5D4C 		.word	1281191551
 262              		.section	.text.HAL_FLASH_OB_Lock,"ax",%progbits
 263              		.align	1
 264              		.p2align 2,,3
 265              		.global	HAL_FLASH_OB_Lock
 266              		.syntax unified
 267              		.thumb
 268              		.thumb_func
 269              		.fpu fpv5-d16
 271              	HAL_FLASH_OB_Lock:
 272              		@ args = 0, pretend = 0, frame = 0
 273              		@ frame_needed = 0, uses_anonymous_args = 0
 274              		@ link register save eliminated.
 275 0000 044B     		ldr	r3, .L43
 276 0002 9A69     		ldr	r2, [r3, #24]
 277 0004 42F00102 		orr	r2, r2, #1
 278 0008 9A61     		str	r2, [r3, #24]
 279 000a 9869     		ldr	r0, [r3, #24]
 280 000c C043     		mvns	r0, r0
 281 000e 00F00100 		and	r0, r0, #1
 282 0012 7047     		bx	lr
 283              	.L44:
 284              		.align	2
 285              	.L43:
 286 0014 00200052 		.word	1375739904
 288              		.section	.text.HAL_FLASH_GetError,"ax",%progbits
 289              		.align	1
 290              		.p2align 2,,3
 291              		.global	HAL_FLASH_GetError
 292              		.syntax unified
 293              		.thumb
 294              		.thumb_func
 295              		.fpu fpv5-d16
 297              	HAL_FLASH_GetError:
 298              		@ args = 0, pretend = 0, frame = 0
 299              		@ frame_needed = 0, uses_anonymous_args = 0
 300              		@ link register save eliminated.
ARM GAS  C:\Users\Brandon\AppData\Local\Temp\ccTzsU7e.s 			page 6


 301 0000 014B     		ldr	r3, .L46
 302 0002 9869     		ldr	r0, [r3, #24]
 303 0004 7047     		bx	lr
 304              	.L47:
 305 0006 00BF     		.align	2
 306              	.L46:
 307 0008 00000000 		.word	pFlash
 309              		.section	.text.FLASH_WaitForLastOperation,"ax",%progbits
 310              		.align	1
 311              		.p2align 2,,3
 312              		.global	FLASH_WaitForLastOperation
 313              		.syntax unified
 314              		.thumb
 315              		.thumb_func
 316              		.fpu fpv5-d16
 318              	FLASH_WaitForLastOperation:
 319              		@ args = 0, pretend = 0, frame = 0
 320              		@ frame_needed = 0, uses_anonymous_args = 0
 321 0000 2DE9F041 		push	{r4, r5, r6, r7, r8, lr}
 322 0004 184C     		ldr	r4, .L63
 323 0006 8046     		mov	r8, r0
 324 0008 184B     		ldr	r3, .L63+4
 325 000a 0E46     		mov	r6, r1
 326 000c 2769     		ldr	r7, [r4, #16]
 327 000e 1F40     		ands	r7, r7, r3
 328 0010 FFF7FEFF 		bl	HAL_GetTick
 329 0014 0546     		mov	r5, r0
 330 0016 02E0     		b	.L50
 331              	.L52:
 332 0018 B8F1FF3F 		cmp	r8, #-1
 333 001c 08D1     		bne	.L60
 334              	.L50:
 335 001e 2369     		ldr	r3, [r4, #16]
 336 0020 5A07     		lsls	r2, r3, #29
 337 0022 F9D4     		bmi	.L52
 338 0024 BFB9     		cbnz	r7, .L61
 339 0026 012E     		cmp	r6, #1
 340 0028 0CD0     		beq	.L62
 341              	.L56:
 342 002a 3846     		mov	r0, r7
 343              	.L51:
 344 002c BDE8F081 		pop	{r4, r5, r6, r7, r8, pc}
 345              	.L60:
 346 0030 FFF7FEFF 		bl	HAL_GetTick
 347 0034 431B     		subs	r3, r0, r5
 348 0036 4345     		cmp	r3, r8
 349 0038 02D8     		bhi	.L54
 350 003a B8F1000F 		cmp	r8, #0
 351 003e EED1     		bne	.L50
 352              	.L54:
 353 0040 0320     		movs	r0, #3
 354 0042 F3E7     		b	.L51
 355              	.L62:
 356 0044 2369     		ldr	r3, [r4, #16]
 357 0046 DB03     		lsls	r3, r3, #15
 358 0048 EFD5     		bpl	.L56
 359 004a 4FF48033 		mov	r3, #65536
ARM GAS  C:\Users\Brandon\AppData\Local\Temp\ccTzsU7e.s 			page 7


 360 004e 3846     		mov	r0, r7
 361 0050 6361     		str	r3, [r4, #20]
 362 0052 BDE8F081 		pop	{r4, r5, r6, r7, r8, pc}
 363              	.L61:
 364 0056 064A     		ldr	r2, .L63+8
 365 0058 0120     		movs	r0, #1
 366 005a 9369     		ldr	r3, [r2, #24]
 367 005c 3B43     		orrs	r3, r3, r7
 368 005e 9361     		str	r3, [r2, #24]
 369 0060 6761     		str	r7, [r4, #20]
 370 0062 BDE8F081 		pop	{r4, r5, r6, r7, r8, pc}
 371              	.L64:
 372 0066 00BF     		.align	2
 373              	.L63:
 374 0068 00200052 		.word	1375739904
 375 006c 0000EE17 		.word	401473536
 376 0070 00000000 		.word	pFlash
 378              		.section	.text.HAL_FLASH_Program,"ax",%progbits
 379              		.align	1
 380              		.p2align 2,,3
 381              		.global	HAL_FLASH_Program
 382              		.syntax unified
 383              		.thumb
 384              		.thumb_func
 385              		.fpu fpv5-d16
 387              	HAL_FLASH_Program:
 388              		@ args = 0, pretend = 0, frame = 0
 389              		@ frame_needed = 0, uses_anonymous_args = 0
 390 0000 70B5     		push	{r4, r5, r6, lr}
 391 0002 1D4C     		ldr	r4, .L74
 392 0004 237D     		ldrb	r3, [r4, #20]	@ zero_extendqisi2
 393 0006 012B     		cmp	r3, #1
 394 0008 34D0     		beq	.L69
 395 000a 0D46     		mov	r5, r1
 396 000c 0121     		movs	r1, #1
 397 000e 05F17843 		add	r3, r5, #-134217728
 398 0012 2175     		strb	r1, [r4, #20]
 399 0014 B3F5801F 		cmp	r3, #1048576
 400 0018 01D3     		bcc	.L73
 401 001a 0846     		mov	r0, r1
 402 001c 70BD     		pop	{r4, r5, r6, pc}
 403              	.L73:
 404 001e 0023     		movs	r3, #0
 405 0020 4CF25030 		movw	r0, #50000
 406 0024 1646     		mov	r6, r2
 407 0026 A361     		str	r3, [r4, #24]
 408 0028 FFF7FEFF 		bl	FLASH_WaitForLastOperation
 409 002c F8B9     		cbnz	r0, .L67
 410 002e 1349     		ldr	r1, .L74+4
 411 0030 3246     		mov	r2, r6
 412 0032 CB68     		ldr	r3, [r1, #12]
 413 0034 43F00203 		orr	r3, r3, #2
 414 0038 CB60     		str	r3, [r1, #12]
 415              		.syntax unified
 416              	@ 868 "Drivers/CMSIS/Include/cmsis_gcc.h" 1
 417 003a BFF36F8F 		isb 0xF
 418              	@ 0 "" 2
ARM GAS  C:\Users\Brandon\AppData\Local\Temp\ccTzsU7e.s 			page 8


 419              	@ 879 "Drivers/CMSIS/Include/cmsis_gcc.h" 1
 420 003e BFF34F8F 		dsb 0xF
 421              	@ 0 "" 2
 422              		.thumb
 423              		.syntax unified
 424 0042 A91B     		subs	r1, r5, r6
 425 0044 06F12000 		add	r0, r6, #32
 426              	.L68:
 427 0048 1368     		ldr	r3, [r2]
 428 004a 5350     		str	r3, [r2, r1]
 429 004c 0432     		adds	r2, r2, #4
 430 004e 8242     		cmp	r2, r0
 431 0050 FAD1     		bne	.L68
 432              		.syntax unified
 433              	@ 868 "Drivers/CMSIS/Include/cmsis_gcc.h" 1
 434 0052 BFF36F8F 		isb 0xF
 435              	@ 0 "" 2
 436              	@ 879 "Drivers/CMSIS/Include/cmsis_gcc.h" 1
 437 0056 BFF34F8F 		dsb 0xF
 438              	@ 0 "" 2
 439              		.thumb
 440              		.syntax unified
 441 005a 0121     		movs	r1, #1
 442 005c 4CF25030 		movw	r0, #50000
 443 0060 FFF7FEFF 		bl	FLASH_WaitForLastOperation
 444 0064 054A     		ldr	r2, .L74+4
 445 0066 D368     		ldr	r3, [r2, #12]
 446 0068 23F00203 		bic	r3, r3, #2
 447 006c D360     		str	r3, [r2, #12]
 448              	.L67:
 449 006e 0023     		movs	r3, #0
 450 0070 2375     		strb	r3, [r4, #20]
 451 0072 70BD     		pop	{r4, r5, r6, pc}
 452              	.L69:
 453 0074 0220     		movs	r0, #2
 454 0076 70BD     		pop	{r4, r5, r6, pc}
 455              	.L75:
 456              		.align	2
 457              	.L74:
 458 0078 00000000 		.word	pFlash
 459 007c 00200052 		.word	1375739904
 461              		.section	.text.HAL_FLASH_Program_IT,"ax",%progbits
 462              		.align	1
 463              		.p2align 2,,3
 464              		.global	HAL_FLASH_Program_IT
 465              		.syntax unified
 466              		.thumb
 467              		.thumb_func
 468              		.fpu fpv5-d16
 470              	HAL_FLASH_Program_IT:
 471              		@ args = 0, pretend = 0, frame = 8
 472              		@ frame_needed = 0, uses_anonymous_args = 0
 473 0000 2DE9F041 		push	{r4, r5, r6, r7, r8, lr}
 474 0004 224E     		ldr	r6, .L85
 475 0006 82B0     		sub	sp, sp, #8
 476 0008 307D     		ldrb	r0, [r6, #20]	@ zero_extendqisi2
 477 000a 0128     		cmp	r0, #1
ARM GAS  C:\Users\Brandon\AppData\Local\Temp\ccTzsU7e.s 			page 9


 478 000c 3BD0     		beq	.L80
 479 000e 0F46     		mov	r7, r1
 480 0010 4FF00008 		mov	r8, #0
 481 0014 0121     		movs	r1, #1
 482 0016 07F17844 		add	r4, r7, #-134217728
 483 001a C6F81880 		str	r8, [r6, #24]
 484 001e 3175     		strb	r1, [r6, #20]
 485 0020 B4F5801F 		cmp	r4, #1048576
 486 0024 03D3     		bcc	.L84
 487 0026 0846     		mov	r0, r1
 488 0028 02B0     		add	sp, sp, #8
 489              		@ sp needed
 490 002a BDE8F081 		pop	{r4, r5, r6, r7, r8, pc}
 491              	.L84:
 492 002e 4CF25030 		movw	r0, #50000
 493 0032 1546     		mov	r5, r2
 494 0034 FFF7FEFF 		bl	FLASH_WaitForLastOperation
 495 0038 0190     		str	r0, [sp, #4]
 496 003a 20B1     		cbz	r0, .L78
 497 003c 86F81480 		strb	r8, [r6, #20]
 498 0040 02B0     		add	sp, sp, #8
 499              		@ sp needed
 500 0042 BDE8F081 		pop	{r4, r5, r6, r7, r8, pc}
 501              	.L78:
 502 0046 134B     		ldr	r3, .L85+4
 503 0048 0321     		movs	r1, #3
 504 004a 3761     		str	r7, [r6, #16]
 505 004c 2A46     		mov	r2, r5
 506 004e 3170     		strb	r1, [r6]
 507 0050 D968     		ldr	r1, [r3, #12]
 508 0052 41F00201 		orr	r1, r1, #2
 509 0056 D960     		str	r1, [r3, #12]
 510 0058 D968     		ldr	r1, [r3, #12]
 511 005a 41F4DE01 		orr	r1, r1, #7274496
 512 005e D960     		str	r1, [r3, #12]
 513              		.syntax unified
 514              	@ 868 "Drivers/CMSIS/Include/cmsis_gcc.h" 1
 515 0060 BFF36F8F 		isb 0xF
 516              	@ 0 "" 2
 517              	@ 879 "Drivers/CMSIS/Include/cmsis_gcc.h" 1
 518 0064 BFF34F8F 		dsb 0xF
 519              	@ 0 "" 2
 520              		.thumb
 521              		.syntax unified
 522 0068 7B1B     		subs	r3, r7, r5
 523 006a 05F12001 		add	r1, r5, #32
 524              	.L79:
 525 006e 1468     		ldr	r4, [r2]
 526 0070 D450     		str	r4, [r2, r3]
 527 0072 0432     		adds	r2, r2, #4
 528 0074 8A42     		cmp	r2, r1
 529 0076 FAD1     		bne	.L79
 530              		.syntax unified
 531              	@ 868 "Drivers/CMSIS/Include/cmsis_gcc.h" 1
 532 0078 BFF36F8F 		isb 0xF
 533              	@ 0 "" 2
 534              	@ 879 "Drivers/CMSIS/Include/cmsis_gcc.h" 1
ARM GAS  C:\Users\Brandon\AppData\Local\Temp\ccTzsU7e.s 			page 10


 535 007c BFF34F8F 		dsb 0xF
 536              	@ 0 "" 2
 537              		.thumb
 538              		.syntax unified
 539 0080 02B0     		add	sp, sp, #8
 540              		@ sp needed
 541 0082 BDE8F081 		pop	{r4, r5, r6, r7, r8, pc}
 542              	.L80:
 543 0086 0220     		movs	r0, #2
 544 0088 02B0     		add	sp, sp, #8
 545              		@ sp needed
 546 008a BDE8F081 		pop	{r4, r5, r6, r7, r8, pc}
 547              	.L86:
 548 008e 00BF     		.align	2
 549              	.L85:
 550 0090 00000000 		.word	pFlash
 551 0094 00200052 		.word	1375739904
 553              		.section	.text.FLASH_OB_WaitForLastOperation,"ax",%progbits
 554              		.align	1
 555              		.p2align 2,,3
 556              		.global	FLASH_OB_WaitForLastOperation
 557              		.syntax unified
 558              		.thumb
 559              		.thumb_func
 560              		.fpu fpv5-d16
 562              	FLASH_OB_WaitForLastOperation:
 563              		@ args = 0, pretend = 0, frame = 0
 564              		@ frame_needed = 0, uses_anonymous_args = 0
 565 0000 70B5     		push	{r4, r5, r6, lr}
 566 0002 0446     		mov	r4, r0
 567 0004 114D     		ldr	r5, .L99
 568 0006 FFF7FEFF 		bl	HAL_GetTick
 569 000a 0646     		mov	r6, r0
 570 000c 01E0     		b	.L89
 571              	.L91:
 572 000e 621C     		adds	r2, r4, #1
 573 0010 07D1     		bne	.L97
 574              	.L89:
 575 0012 EB69     		ldr	r3, [r5, #28]
 576 0014 DB07     		lsls	r3, r3, #31
 577 0016 FAD4     		bmi	.L91
 578 0018 E869     		ldr	r0, [r5, #28]
 579 001a 10F08040 		ands	r0, r0, #1073741824
 580 001e 09D1     		bne	.L98
 581 0020 70BD     		pop	{r4, r5, r6, pc}
 582              	.L97:
 583 0022 FFF7FEFF 		bl	HAL_GetTick
 584 0026 801B     		subs	r0, r0, r6
 585 0028 A042     		cmp	r0, r4
 586 002a 01D8     		bhi	.L92
 587 002c 002C     		cmp	r4, #0
 588 002e F0D1     		bne	.L89
 589              	.L92:
 590 0030 0320     		movs	r0, #3
 591 0032 70BD     		pop	{r4, r5, r6, pc}
 592              	.L98:
 593 0034 064A     		ldr	r2, .L99+4
ARM GAS  C:\Users\Brandon\AppData\Local\Temp\ccTzsU7e.s 			page 11


 594 0036 0120     		movs	r0, #1
 595 0038 9369     		ldr	r3, [r2, #24]
 596 003a 43F08043 		orr	r3, r3, #1073741824
 597 003e 9361     		str	r3, [r2, #24]
 598 0040 6B6A     		ldr	r3, [r5, #36]
 599 0042 43F08043 		orr	r3, r3, #1073741824
 600 0046 6B62     		str	r3, [r5, #36]
 601 0048 70BD     		pop	{r4, r5, r6, pc}
 602              	.L100:
 603 004a 00BF     		.align	2
 604              	.L99:
 605 004c 00200052 		.word	1375739904
 606 0050 00000000 		.word	pFlash
 608              		.section	.text.FLASH_CRC_WaitForLastOperation,"ax",%progbits
 609              		.align	1
 610              		.p2align 2,,3
 611              		.global	FLASH_CRC_WaitForLastOperation
 612              		.syntax unified
 613              		.thumb
 614              		.thumb_func
 615              		.fpu fpv5-d16
 617              	FLASH_CRC_WaitForLastOperation:
 618              		@ args = 0, pretend = 0, frame = 0
 619              		@ frame_needed = 0, uses_anonymous_args = 0
 620 0000 2DE9F041 		push	{r4, r5, r6, r7, r8, lr}
 621 0004 0F46     		mov	r7, r1
 622 0006 0446     		mov	r4, r0
 623 0008 FFF7FEFF 		bl	HAL_GetTick
 624 000c 144D     		ldr	r5, .L116
 625 000e 012F     		cmp	r7, #1
 626 0010 144E     		ldr	r6, .L116+4
 627 0012 8046     		mov	r8, r0
 628 0014 08BF     		it	eq
 629 0016 0825     		moveq	r5, #8
 630 0018 01E0     		b	.L103
 631              	.L106:
 632 001a 631C     		adds	r3, r4, #1
 633 001c 08D1     		bne	.L114
 634              	.L103:
 635 001e 3369     		ldr	r3, [r6, #16]
 636 0020 35EA0303 		bics	r3, r5, r3
 637 0024 F9D0     		beq	.L106
 638 0026 012F     		cmp	r7, #1
 639 0028 0CD0     		beq	.L115
 640 002a 0020     		movs	r0, #0
 641              	.L104:
 642 002c BDE8F081 		pop	{r4, r5, r6, r7, r8, pc}
 643              	.L114:
 644 0030 FFF7FEFF 		bl	HAL_GetTick
 645 0034 A0EB0800 		sub	r0, r0, r8
 646 0038 A042     		cmp	r0, r4
 647 003a 01D8     		bhi	.L108
 648 003c 002C     		cmp	r4, #0
 649 003e EED1     		bne	.L103
 650              	.L108:
 651 0040 0320     		movs	r0, #3
 652 0042 F3E7     		b	.L104
ARM GAS  C:\Users\Brandon\AppData\Local\Temp\ccTzsU7e.s 			page 12


 653              	.L115:
 654 0044 3069     		ldr	r0, [r6, #16]
 655 0046 10F08050 		ands	r0, r0, #268435456
 656 004a EFD0     		beq	.L104
 657 004c 064A     		ldr	r2, .L116+8
 658 004e 4FF08051 		mov	r1, #268435456
 659 0052 3846     		mov	r0, r7
 660 0054 9369     		ldr	r3, [r2, #24]
 661 0056 0B43     		orrs	r3, r3, r1
 662 0058 9361     		str	r3, [r2, #24]
 663 005a 7161     		str	r1, [r6, #20]
 664 005c BDE8F081 		pop	{r4, r5, r6, r7, r8, pc}
 665              	.L117:
 666              		.align	2
 667              	.L116:
 668 0060 08000080 		.word	-2147483640
 669 0064 00200052 		.word	1375739904
 670 0068 00000000 		.word	pFlash
 672              		.section	.text.HAL_FLASH_OB_Launch,"ax",%progbits
 673              		.align	1
 674              		.p2align 2,,3
 675              		.global	HAL_FLASH_OB_Launch
 676              		.syntax unified
 677              		.thumb
 678              		.thumb_func
 679              		.fpu fpv5-d16
 681              	HAL_FLASH_OB_Launch:
 682              		@ args = 0, pretend = 0, frame = 0
 683              		@ frame_needed = 0, uses_anonymous_args = 0
 684 0000 08B5     		push	{r3, lr}
 685 0002 0121     		movs	r1, #1
 686 0004 4CF25030 		movw	r0, #50000
 687 0008 FFF7FEFF 		bl	FLASH_CRC_WaitForLastOperation
 688 000c 08B1     		cbz	r0, .L121
 689 000e 0120     		movs	r0, #1
 690 0010 08BD     		pop	{r3, pc}
 691              	.L121:
 692 0012 054A     		ldr	r2, .L122
 693 0014 4CF25030 		movw	r0, #50000
 694 0018 9369     		ldr	r3, [r2, #24]
 695 001a 43F00203 		orr	r3, r3, #2
 696 001e 9361     		str	r3, [r2, #24]
 697 0020 BDE80840 		pop	{r3, lr}
 698 0024 FFF7FEBF 		b	FLASH_OB_WaitForLastOperation
 699              	.L123:
 700              		.align	2
 701              	.L122:
 702 0028 00200052 		.word	1375739904
 704              		.comm	pFlash,28,4
 705              		.ident	"GCC: (GNU Arm Embedded Toolchain 9-2020-q2-update) 9.3.1 20200408 (release)"
ARM GAS  C:\Users\Brandon\AppData\Local\Temp\ccTzsU7e.s 			page 13


DEFINED SYMBOLS
                            *ABS*:00000000 stm32h7xx_hal_flash.c
C:\Users\Brandon\AppData\Local\Temp\ccTzsU7e.s:15     .text.HAL_FLASH_EndOfOperationCallback:00000000 $t
C:\Users\Brandon\AppData\Local\Temp\ccTzsU7e.s:24     .text.HAL_FLASH_EndOfOperationCallback:00000000 HAL_FLASH_EndOfOperationCallback
C:\Users\Brandon\AppData\Local\Temp\ccTzsU7e.s:31     .text.HAL_FLASH_OperationErrorCallback:00000000 $t
C:\Users\Brandon\AppData\Local\Temp\ccTzsU7e.s:39     .text.HAL_FLASH_OperationErrorCallback:00000000 HAL_FLASH_OperationErrorCallback
C:\Users\Brandon\AppData\Local\Temp\ccTzsU7e.s:46     .text.HAL_FLASH_IRQHandler:00000000 $t
C:\Users\Brandon\AppData\Local\Temp\ccTzsU7e.s:54     .text.HAL_FLASH_IRQHandler:00000000 HAL_FLASH_IRQHandler
C:\Users\Brandon\AppData\Local\Temp\ccTzsU7e.s:169    .text.HAL_FLASH_IRQHandler:000000e4 $d
                            *COM*:0000001c pFlash
C:\Users\Brandon\AppData\Local\Temp\ccTzsU7e.s:173    .text.HAL_FLASH_Unlock:00000000 $t
C:\Users\Brandon\AppData\Local\Temp\ccTzsU7e.s:181    .text.HAL_FLASH_Unlock:00000000 HAL_FLASH_Unlock
C:\Users\Brandon\AppData\Local\Temp\ccTzsU7e.s:200    .text.HAL_FLASH_Unlock:0000001c $d
C:\Users\Brandon\AppData\Local\Temp\ccTzsU7e.s:205    .text.HAL_FLASH_Lock:00000000 $t
C:\Users\Brandon\AppData\Local\Temp\ccTzsU7e.s:213    .text.HAL_FLASH_Lock:00000000 HAL_FLASH_Lock
C:\Users\Brandon\AppData\Local\Temp\ccTzsU7e.s:228    .text.HAL_FLASH_Lock:00000014 $d
C:\Users\Brandon\AppData\Local\Temp\ccTzsU7e.s:231    .text.HAL_FLASH_OB_Unlock:00000000 $t
C:\Users\Brandon\AppData\Local\Temp\ccTzsU7e.s:239    .text.HAL_FLASH_OB_Unlock:00000000 HAL_FLASH_OB_Unlock
C:\Users\Brandon\AppData\Local\Temp\ccTzsU7e.s:258    .text.HAL_FLASH_OB_Unlock:0000001c $d
C:\Users\Brandon\AppData\Local\Temp\ccTzsU7e.s:263    .text.HAL_FLASH_OB_Lock:00000000 $t
C:\Users\Brandon\AppData\Local\Temp\ccTzsU7e.s:271    .text.HAL_FLASH_OB_Lock:00000000 HAL_FLASH_OB_Lock
C:\Users\Brandon\AppData\Local\Temp\ccTzsU7e.s:286    .text.HAL_FLASH_OB_Lock:00000014 $d
C:\Users\Brandon\AppData\Local\Temp\ccTzsU7e.s:289    .text.HAL_FLASH_GetError:00000000 $t
C:\Users\Brandon\AppData\Local\Temp\ccTzsU7e.s:297    .text.HAL_FLASH_GetError:00000000 HAL_FLASH_GetError
C:\Users\Brandon\AppData\Local\Temp\ccTzsU7e.s:307    .text.HAL_FLASH_GetError:00000008 $d
C:\Users\Brandon\AppData\Local\Temp\ccTzsU7e.s:310    .text.FLASH_WaitForLastOperation:00000000 $t
C:\Users\Brandon\AppData\Local\Temp\ccTzsU7e.s:318    .text.FLASH_WaitForLastOperation:00000000 FLASH_WaitForLastOperation
C:\Users\Brandon\AppData\Local\Temp\ccTzsU7e.s:374    .text.FLASH_WaitForLastOperation:00000068 $d
C:\Users\Brandon\AppData\Local\Temp\ccTzsU7e.s:379    .text.HAL_FLASH_Program:00000000 $t
C:\Users\Brandon\AppData\Local\Temp\ccTzsU7e.s:387    .text.HAL_FLASH_Program:00000000 HAL_FLASH_Program
C:\Users\Brandon\AppData\Local\Temp\ccTzsU7e.s:458    .text.HAL_FLASH_Program:00000078 $d
C:\Users\Brandon\AppData\Local\Temp\ccTzsU7e.s:462    .text.HAL_FLASH_Program_IT:00000000 $t
C:\Users\Brandon\AppData\Local\Temp\ccTzsU7e.s:470    .text.HAL_FLASH_Program_IT:00000000 HAL_FLASH_Program_IT
C:\Users\Brandon\AppData\Local\Temp\ccTzsU7e.s:550    .text.HAL_FLASH_Program_IT:00000090 $d
C:\Users\Brandon\AppData\Local\Temp\ccTzsU7e.s:554    .text.FLASH_OB_WaitForLastOperation:00000000 $t
C:\Users\Brandon\AppData\Local\Temp\ccTzsU7e.s:562    .text.FLASH_OB_WaitForLastOperation:00000000 FLASH_OB_WaitForLastOperation
C:\Users\Brandon\AppData\Local\Temp\ccTzsU7e.s:605    .text.FLASH_OB_WaitForLastOperation:0000004c $d
C:\Users\Brandon\AppData\Local\Temp\ccTzsU7e.s:609    .text.FLASH_CRC_WaitForLastOperation:00000000 $t
C:\Users\Brandon\AppData\Local\Temp\ccTzsU7e.s:617    .text.FLASH_CRC_WaitForLastOperation:00000000 FLASH_CRC_WaitForLastOperation
C:\Users\Brandon\AppData\Local\Temp\ccTzsU7e.s:668    .text.FLASH_CRC_WaitForLastOperation:00000060 $d
C:\Users\Brandon\AppData\Local\Temp\ccTzsU7e.s:673    .text.HAL_FLASH_OB_Launch:00000000 $t
C:\Users\Brandon\AppData\Local\Temp\ccTzsU7e.s:681    .text.HAL_FLASH_OB_Launch:00000000 HAL_FLASH_OB_Launch
C:\Users\Brandon\AppData\Local\Temp\ccTzsU7e.s:702    .text.HAL_FLASH_OB_Launch:00000028 $d

UNDEFINED SYMBOLS
FLASH_Erase_Sector
HAL_GetTick
