ARM GAS  C:\Users\Brandon\AppData\Local\Temp\cc94C1LD.s 			page 1


   1              		.cpu cortex-m7
   2              		.eabi_attribute 28, 1
   3              		.eabi_attribute 20, 1
   4              		.eabi_attribute 21, 1
   5              		.eabi_attribute 23, 3
   6              		.eabi_attribute 24, 1
   7              		.eabi_attribute 25, 1
   8              		.eabi_attribute 26, 1
   9              		.eabi_attribute 30, 2
  10              		.eabi_attribute 34, 1
  11              		.eabi_attribute 18, 4
  12              		.file	"stm32h7xx_hal.c"
  13              		.text
  14              		.section	.text.HAL_MspInit,"ax",%progbits
  15              		.align	1
  16              		.p2align 2,,3
  17              		.weak	HAL_MspInit
  18              		.arch armv7e-m
  19              		.syntax unified
  20              		.thumb
  21              		.thumb_func
  22              		.fpu fpv5-d16
  24              	HAL_MspInit:
  25              		@ args = 0, pretend = 0, frame = 0
  26              		@ frame_needed = 0, uses_anonymous_args = 0
  27              		@ link register save eliminated.
  28 0000 7047     		bx	lr
  30 0002 00BF     		.section	.text.HAL_MspDeInit,"ax",%progbits
  31              		.align	1
  32              		.p2align 2,,3
  33              		.weak	HAL_MspDeInit
  34              		.syntax unified
  35              		.thumb
  36              		.thumb_func
  37              		.fpu fpv5-d16
  39              	HAL_MspDeInit:
  40              		@ args = 0, pretend = 0, frame = 0
  41              		@ frame_needed = 0, uses_anonymous_args = 0
  42              		@ link register save eliminated.
  43 0000 7047     		bx	lr
  45 0002 00BF     		.section	.text.HAL_DeInit,"ax",%progbits
  46              		.align	1
  47              		.p2align 2,,3
  48              		.global	HAL_DeInit
  49              		.syntax unified
  50              		.thumb
  51              		.thumb_func
  52              		.fpu fpv5-d16
  54              	HAL_DeInit:
  55              		@ args = 0, pretend = 0, frame = 0
  56              		@ frame_needed = 0, uses_anonymous_args = 0
  57 0000 184B     		ldr	r3, .L6
  58 0002 194A     		ldr	r2, .L6+4
  59 0004 1948     		ldr	r0, .L6+8
  60 0006 1A49     		ldr	r1, .L6+12
  61 0008 70B5     		push	{r4, r5, r6, lr}
  62 000a DA67     		str	r2, [r3, #124]
ARM GAS  C:\Users\Brandon\AppData\Local\Temp\cc94C1LD.s 			page 2


  63 000c 0024     		movs	r4, #0
  64 000e 194A     		ldr	r2, .L6+16
  65 0010 0826     		movs	r6, #8
  66 0012 DC67     		str	r4, [r3, #124]
  67 0014 184D     		ldr	r5, .L6+20
  68 0016 C3F88000 		str	r0, [r3, #128]
  69 001a C3F88040 		str	r4, [r3, #128]
  70 001e 1748     		ldr	r0, .L6+24
  71 0020 C3F88410 		str	r1, [r3, #132]
  72 0024 C3F88440 		str	r4, [r3, #132]
  73 0028 1549     		ldr	r1, .L6+28
  74 002a C3F88820 		str	r2, [r3, #136]
  75 002e 154A     		ldr	r2, .L6+32
  76 0030 C3F88840 		str	r4, [r3, #136]
  77 0034 C3F88C60 		str	r6, [r3, #140]
  78 0038 C3F88C40 		str	r4, [r3, #140]
  79 003c C3F89050 		str	r5, [r3, #144]
  80 0040 C3F89040 		str	r4, [r3, #144]
  81 0044 C3F89400 		str	r0, [r3, #148]
  82 0048 C3F89440 		str	r4, [r3, #148]
  83 004c C3F89810 		str	r1, [r3, #152]
  84 0050 C3F89840 		str	r4, [r3, #152]
  85 0054 C3F89C20 		str	r2, [r3, #156]
  86 0058 C3F89C40 		str	r4, [r3, #156]
  87 005c FFF7FEFF 		bl	HAL_MspDeInit
  88 0060 2046     		mov	r0, r4
  89 0062 70BD     		pop	{r4, r5, r6, pc}
  90              	.L7:
  91              		.align	2
  92              	.L6:
  93 0064 00440258 		.word	1476543488
  94 0068 1150E900 		.word	15290385
  95 006c 23800002 		.word	33587235
  96 0070 71020300 		.word	197233
  97 0074 FF062803 		.word	52954879
  98 0078 FFC3FFEA 		.word	-352336897
  99 007c 36010003 		.word	50331958
 100 0080 F3305740 		.word	1079455987
 101 0084 AADE2004 		.word	69263018
 103              		.section	.text.HAL_InitTick,"ax",%progbits
 104              		.align	1
 105              		.p2align 2,,3
 106              		.weak	HAL_InitTick
 107              		.syntax unified
 108              		.thumb
 109              		.thumb_func
 110              		.fpu fpv5-d16
 112              	HAL_InitTick:
 113              		@ args = 0, pretend = 0, frame = 0
 114              		@ frame_needed = 0, uses_anonymous_args = 0
 115 0000 0F4B     		ldr	r3, .L22
 116 0002 1B78     		ldrb	r3, [r3]	@ zero_extendqisi2
 117 0004 0BB9     		cbnz	r3, .L9
 118 0006 0120     		movs	r0, #1
 119 0008 7047     		bx	lr
 120              	.L9:
 121 000a 10B5     		push	{r4, lr}
ARM GAS  C:\Users\Brandon\AppData\Local\Temp\cc94C1LD.s 			page 3


 122 000c 0446     		mov	r4, r0
 123 000e 4FF47A70 		mov	r0, #1000
 124 0012 0C4A     		ldr	r2, .L22+4
 125 0014 B0FBF3F3 		udiv	r3, r0, r3
 126 0018 1068     		ldr	r0, [r2]
 127 001a B0FBF3F0 		udiv	r0, r0, r3
 128 001e FFF7FEFF 		bl	HAL_SYSTICK_Config
 129 0022 0F2C     		cmp	r4, #15
 130 0024 00D8     		bhi	.L11
 131 0026 08B1     		cbz	r0, .L21
 132              	.L11:
 133 0028 0120     		movs	r0, #1
 134 002a 10BD     		pop	{r4, pc}
 135              	.L21:
 136 002c 0022     		movs	r2, #0
 137 002e 2146     		mov	r1, r4
 138 0030 4FF0FF30 		mov	r0, #-1
 139 0034 FFF7FEFF 		bl	HAL_NVIC_SetPriority
 140 0038 034B     		ldr	r3, .L22+8
 141 003a 0020     		movs	r0, #0
 142 003c 1C60     		str	r4, [r3]
 143 003e 10BD     		pop	{r4, pc}
 144              	.L23:
 145              		.align	2
 146              	.L22:
 147 0040 00000000 		.word	.LANCHOR0
 148 0044 00000000 		.word	SystemCoreClock
 149 0048 00000000 		.word	.LANCHOR1
 151              		.section	.text.HAL_Init,"ax",%progbits
 152              		.align	1
 153              		.p2align 2,,3
 154              		.global	HAL_Init
 155              		.syntax unified
 156              		.thumb
 157              		.thumb_func
 158              		.fpu fpv5-d16
 160              	HAL_Init:
 161              		@ args = 0, pretend = 0, frame = 0
 162              		@ frame_needed = 0, uses_anonymous_args = 0
 163 0000 38B5     		push	{r3, r4, r5, lr}
 164 0002 0320     		movs	r0, #3
 165 0004 124C     		ldr	r4, .L29
 166 0006 FFF7FEFF 		bl	HAL_NVIC_SetPriorityGrouping
 167 000a 124D     		ldr	r5, .L29+4
 168 000c FFF7FEFF 		bl	HAL_RCC_GetSysClockFreq
 169 0010 114B     		ldr	r3, .L29+8
 170 0012 0246     		mov	r2, r0
 171 0014 0020     		movs	r0, #0
 172 0016 9969     		ldr	r1, [r3, #24]
 173 0018 9B69     		ldr	r3, [r3, #24]
 174 001a C1F30321 		ubfx	r1, r1, #8, #4
 175 001e 03F00F03 		and	r3, r3, #15
 176 0022 615C     		ldrb	r1, [r4, r1]	@ zero_extendqisi2
 177 0024 E35C     		ldrb	r3, [r4, r3]	@ zero_extendqisi2
 178 0026 01F01F01 		and	r1, r1, #31
 179 002a 0C4C     		ldr	r4, .L29+12
 180 002c 03F01F03 		and	r3, r3, #31
ARM GAS  C:\Users\Brandon\AppData\Local\Temp\cc94C1LD.s 			page 4


 181 0030 CA40     		lsrs	r2, r2, r1
 182 0032 22FA03F3 		lsr	r3, r2, r3
 183 0036 2260     		str	r2, [r4]
 184 0038 2B60     		str	r3, [r5]
 185 003a FFF7FEFF 		bl	HAL_InitTick
 186 003e 10B1     		cbz	r0, .L28
 187 0040 0124     		movs	r4, #1
 188 0042 2046     		mov	r0, r4
 189 0044 38BD     		pop	{r3, r4, r5, pc}
 190              	.L28:
 191 0046 0446     		mov	r4, r0
 192 0048 FFF7FEFF 		bl	HAL_MspInit
 193 004c 2046     		mov	r0, r4
 194 004e 38BD     		pop	{r3, r4, r5, pc}
 195              	.L30:
 196              		.align	2
 197              	.L29:
 198 0050 00000000 		.word	D1CorePrescTable
 199 0054 00000000 		.word	SystemD2Clock
 200 0058 00440258 		.word	1476543488
 201 005c 00000000 		.word	SystemCoreClock
 203              		.section	.text.HAL_IncTick,"ax",%progbits
 204              		.align	1
 205              		.p2align 2,,3
 206              		.weak	HAL_IncTick
 207              		.syntax unified
 208              		.thumb
 209              		.thumb_func
 210              		.fpu fpv5-d16
 212              	HAL_IncTick:
 213              		@ args = 0, pretend = 0, frame = 0
 214              		@ frame_needed = 0, uses_anonymous_args = 0
 215              		@ link register save eliminated.
 216 0000 034A     		ldr	r2, .L32
 217 0002 044B     		ldr	r3, .L32+4
 218 0004 1168     		ldr	r1, [r2]
 219 0006 1B78     		ldrb	r3, [r3]	@ zero_extendqisi2
 220 0008 0B44     		add	r3, r3, r1
 221 000a 1360     		str	r3, [r2]
 222 000c 7047     		bx	lr
 223              	.L33:
 224 000e 00BF     		.align	2
 225              	.L32:
 226 0010 00000000 		.word	uwTick
 227 0014 00000000 		.word	.LANCHOR0
 229              		.section	.text.HAL_GetTick,"ax",%progbits
 230              		.align	1
 231              		.p2align 2,,3
 232              		.weak	HAL_GetTick
 233              		.syntax unified
 234              		.thumb
 235              		.thumb_func
 236              		.fpu fpv5-d16
 238              	HAL_GetTick:
 239              		@ args = 0, pretend = 0, frame = 0
 240              		@ frame_needed = 0, uses_anonymous_args = 0
 241              		@ link register save eliminated.
ARM GAS  C:\Users\Brandon\AppData\Local\Temp\cc94C1LD.s 			page 5


 242 0000 014B     		ldr	r3, .L35
 243 0002 1868     		ldr	r0, [r3]
 244 0004 7047     		bx	lr
 245              	.L36:
 246 0006 00BF     		.align	2
 247              	.L35:
 248 0008 00000000 		.word	uwTick
 250              		.section	.text.HAL_GetTickPrio,"ax",%progbits
 251              		.align	1
 252              		.p2align 2,,3
 253              		.global	HAL_GetTickPrio
 254              		.syntax unified
 255              		.thumb
 256              		.thumb_func
 257              		.fpu fpv5-d16
 259              	HAL_GetTickPrio:
 260              		@ args = 0, pretend = 0, frame = 0
 261              		@ frame_needed = 0, uses_anonymous_args = 0
 262              		@ link register save eliminated.
 263 0000 014B     		ldr	r3, .L38
 264 0002 1868     		ldr	r0, [r3]
 265 0004 7047     		bx	lr
 266              	.L39:
 267 0006 00BF     		.align	2
 268              	.L38:
 269 0008 00000000 		.word	.LANCHOR1
 271              		.section	.text.HAL_SetTickFreq,"ax",%progbits
 272              		.align	1
 273              		.p2align 2,,3
 274              		.global	HAL_SetTickFreq
 275              		.syntax unified
 276              		.thumb
 277              		.thumb_func
 278              		.fpu fpv5-d16
 280              	HAL_SetTickFreq:
 281              		@ args = 0, pretend = 0, frame = 0
 282              		@ frame_needed = 0, uses_anonymous_args = 0
 283 0000 38B5     		push	{r3, r4, r5, lr}
 284 0002 074C     		ldr	r4, .L48
 285 0004 2578     		ldrb	r5, [r4]	@ zero_extendqisi2
 286 0006 8542     		cmp	r5, r0
 287 0008 01D1     		bne	.L47
 288 000a 0020     		movs	r0, #0
 289              	.L41:
 290 000c 38BD     		pop	{r3, r4, r5, pc}
 291              	.L47:
 292 000e 054B     		ldr	r3, .L48+4
 293 0010 2070     		strb	r0, [r4]
 294 0012 1868     		ldr	r0, [r3]
 295 0014 FFF7FEFF 		bl	HAL_InitTick
 296 0018 0028     		cmp	r0, #0
 297 001a F7D0     		beq	.L41
 298 001c 2570     		strb	r5, [r4]
 299 001e 38BD     		pop	{r3, r4, r5, pc}
 300              	.L49:
 301              		.align	2
 302              	.L48:
ARM GAS  C:\Users\Brandon\AppData\Local\Temp\cc94C1LD.s 			page 6


 303 0020 00000000 		.word	.LANCHOR0
 304 0024 00000000 		.word	.LANCHOR1
 306              		.section	.text.HAL_GetTickFreq,"ax",%progbits
 307              		.align	1
 308              		.p2align 2,,3
 309              		.global	HAL_GetTickFreq
 310              		.syntax unified
 311              		.thumb
 312              		.thumb_func
 313              		.fpu fpv5-d16
 315              	HAL_GetTickFreq:
 316              		@ args = 0, pretend = 0, frame = 0
 317              		@ frame_needed = 0, uses_anonymous_args = 0
 318              		@ link register save eliminated.
 319 0000 014B     		ldr	r3, .L51
 320 0002 1878     		ldrb	r0, [r3]	@ zero_extendqisi2
 321 0004 7047     		bx	lr
 322              	.L52:
 323 0006 00BF     		.align	2
 324              	.L51:
 325 0008 00000000 		.word	.LANCHOR0
 327              		.section	.text.HAL_Delay,"ax",%progbits
 328              		.align	1
 329              		.p2align 2,,3
 330              		.weak	HAL_Delay
 331              		.syntax unified
 332              		.thumb
 333              		.thumb_func
 334              		.fpu fpv5-d16
 336              	HAL_Delay:
 337              		@ args = 0, pretend = 0, frame = 0
 338              		@ frame_needed = 0, uses_anonymous_args = 0
 339 0000 38B5     		push	{r3, r4, r5, lr}
 340 0002 0446     		mov	r4, r0
 341 0004 FFF7FEFF 		bl	HAL_GetTick
 342 0008 0546     		mov	r5, r0
 343 000a 631C     		adds	r3, r4, #1
 344 000c 02D0     		beq	.L55
 345 000e 044B     		ldr	r3, .L61
 346 0010 1B78     		ldrb	r3, [r3]	@ zero_extendqisi2
 347 0012 1C44     		add	r4, r4, r3
 348              	.L55:
 349 0014 FFF7FEFF 		bl	HAL_GetTick
 350 0018 431B     		subs	r3, r0, r5
 351 001a A342     		cmp	r3, r4
 352 001c FAD3     		bcc	.L55
 353 001e 38BD     		pop	{r3, r4, r5, pc}
 354              	.L62:
 355              		.align	2
 356              	.L61:
 357 0020 00000000 		.word	.LANCHOR0
 359              		.section	.text.HAL_SuspendTick,"ax",%progbits
 360              		.align	1
 361              		.p2align 2,,3
 362              		.weak	HAL_SuspendTick
 363              		.syntax unified
 364              		.thumb
ARM GAS  C:\Users\Brandon\AppData\Local\Temp\cc94C1LD.s 			page 7


 365              		.thumb_func
 366              		.fpu fpv5-d16
 368              	HAL_SuspendTick:
 369              		@ args = 0, pretend = 0, frame = 0
 370              		@ frame_needed = 0, uses_anonymous_args = 0
 371              		@ link register save eliminated.
 372 0000 024A     		ldr	r2, .L64
 373 0002 1368     		ldr	r3, [r2]
 374 0004 23F00203 		bic	r3, r3, #2
 375 0008 1360     		str	r3, [r2]
 376 000a 7047     		bx	lr
 377              	.L65:
 378              		.align	2
 379              	.L64:
 380 000c 10E000E0 		.word	-536813552
 382              		.section	.text.HAL_ResumeTick,"ax",%progbits
 383              		.align	1
 384              		.p2align 2,,3
 385              		.weak	HAL_ResumeTick
 386              		.syntax unified
 387              		.thumb
 388              		.thumb_func
 389              		.fpu fpv5-d16
 391              	HAL_ResumeTick:
 392              		@ args = 0, pretend = 0, frame = 0
 393              		@ frame_needed = 0, uses_anonymous_args = 0
 394              		@ link register save eliminated.
 395 0000 024A     		ldr	r2, .L67
 396 0002 1368     		ldr	r3, [r2]
 397 0004 43F00203 		orr	r3, r3, #2
 398 0008 1360     		str	r3, [r2]
 399 000a 7047     		bx	lr
 400              	.L68:
 401              		.align	2
 402              	.L67:
 403 000c 10E000E0 		.word	-536813552
 405              		.section	.text.HAL_GetHalVersion,"ax",%progbits
 406              		.align	1
 407              		.p2align 2,,3
 408              		.global	HAL_GetHalVersion
 409              		.syntax unified
 410              		.thumb
 411              		.thumb_func
 412              		.fpu fpv5-d16
 414              	HAL_GetHalVersion:
 415              		@ args = 0, pretend = 0, frame = 0
 416              		@ frame_needed = 0, uses_anonymous_args = 0
 417              		@ link register save eliminated.
 418 0000 0048     		ldr	r0, .L70
 419 0002 7047     		bx	lr
 420              	.L71:
 421              		.align	2
 422              	.L70:
 423 0004 00000901 		.word	17367040
 425              		.section	.text.HAL_GetREVID,"ax",%progbits
 426              		.align	1
 427              		.p2align 2,,3
ARM GAS  C:\Users\Brandon\AppData\Local\Temp\cc94C1LD.s 			page 8


 428              		.global	HAL_GetREVID
 429              		.syntax unified
 430              		.thumb
 431              		.thumb_func
 432              		.fpu fpv5-d16
 434              	HAL_GetREVID:
 435              		@ args = 0, pretend = 0, frame = 0
 436              		@ frame_needed = 0, uses_anonymous_args = 0
 437              		@ link register save eliminated.
 438 0000 014B     		ldr	r3, .L73
 439 0002 1868     		ldr	r0, [r3]
 440 0004 000C     		lsrs	r0, r0, #16
 441 0006 7047     		bx	lr
 442              	.L74:
 443              		.align	2
 444              	.L73:
 445 0008 0010005C 		.word	1543507968
 447              		.section	.text.HAL_GetDEVID,"ax",%progbits
 448              		.align	1
 449              		.p2align 2,,3
 450              		.global	HAL_GetDEVID
 451              		.syntax unified
 452              		.thumb
 453              		.thumb_func
 454              		.fpu fpv5-d16
 456              	HAL_GetDEVID:
 457              		@ args = 0, pretend = 0, frame = 0
 458              		@ frame_needed = 0, uses_anonymous_args = 0
 459              		@ link register save eliminated.
 460 0000 024B     		ldr	r3, .L76
 461 0002 1868     		ldr	r0, [r3]
 462 0004 C0F30B00 		ubfx	r0, r0, #0, #12
 463 0008 7047     		bx	lr
 464              	.L77:
 465 000a 00BF     		.align	2
 466              	.L76:
 467 000c 0010005C 		.word	1543507968
 469              		.section	.text.HAL_GetUIDw0,"ax",%progbits
 470              		.align	1
 471              		.p2align 2,,3
 472              		.global	HAL_GetUIDw0
 473              		.syntax unified
 474              		.thumb
 475              		.thumb_func
 476              		.fpu fpv5-d16
 478              	HAL_GetUIDw0:
 479              		@ args = 0, pretend = 0, frame = 0
 480              		@ frame_needed = 0, uses_anonymous_args = 0
 481              		@ link register save eliminated.
 482 0000 014B     		ldr	r3, .L79
 483 0002 1868     		ldr	r0, [r3]
 484 0004 7047     		bx	lr
 485              	.L80:
 486 0006 00BF     		.align	2
 487              	.L79:
 488 0008 00E8F11F 		.word	535947264
 490              		.section	.text.HAL_GetUIDw1,"ax",%progbits
ARM GAS  C:\Users\Brandon\AppData\Local\Temp\cc94C1LD.s 			page 9


 491              		.align	1
 492              		.p2align 2,,3
 493              		.global	HAL_GetUIDw1
 494              		.syntax unified
 495              		.thumb
 496              		.thumb_func
 497              		.fpu fpv5-d16
 499              	HAL_GetUIDw1:
 500              		@ args = 0, pretend = 0, frame = 0
 501              		@ frame_needed = 0, uses_anonymous_args = 0
 502              		@ link register save eliminated.
 503 0000 014B     		ldr	r3, .L82
 504 0002 1868     		ldr	r0, [r3]
 505 0004 7047     		bx	lr
 506              	.L83:
 507 0006 00BF     		.align	2
 508              	.L82:
 509 0008 04E8F11F 		.word	535947268
 511              		.section	.text.HAL_GetUIDw2,"ax",%progbits
 512              		.align	1
 513              		.p2align 2,,3
 514              		.global	HAL_GetUIDw2
 515              		.syntax unified
 516              		.thumb
 517              		.thumb_func
 518              		.fpu fpv5-d16
 520              	HAL_GetUIDw2:
 521              		@ args = 0, pretend = 0, frame = 0
 522              		@ frame_needed = 0, uses_anonymous_args = 0
 523              		@ link register save eliminated.
 524 0000 014B     		ldr	r3, .L85
 525 0002 1868     		ldr	r0, [r3]
 526 0004 7047     		bx	lr
 527              	.L86:
 528 0006 00BF     		.align	2
 529              	.L85:
 530 0008 08E8F11F 		.word	535947272
 532              		.section	.text.HAL_SYSCFG_VREFBUF_VoltageScalingConfig,"ax",%progbits
 533              		.align	1
 534              		.p2align 2,,3
 535              		.global	HAL_SYSCFG_VREFBUF_VoltageScalingConfig
 536              		.syntax unified
 537              		.thumb
 538              		.thumb_func
 539              		.fpu fpv5-d16
 541              	HAL_SYSCFG_VREFBUF_VoltageScalingConfig:
 542              		@ args = 0, pretend = 0, frame = 0
 543              		@ frame_needed = 0, uses_anonymous_args = 0
 544              		@ link register save eliminated.
 545 0000 034A     		ldr	r2, .L88
 546 0002 1368     		ldr	r3, [r2]
 547 0004 23F07003 		bic	r3, r3, #112
 548 0008 1843     		orrs	r0, r0, r3
 549 000a 1060     		str	r0, [r2]
 550 000c 7047     		bx	lr
 551              	.L89:
 552 000e 00BF     		.align	2
ARM GAS  C:\Users\Brandon\AppData\Local\Temp\cc94C1LD.s 			page 10


 553              	.L88:
 554 0010 003C0058 		.word	1476410368
 556              		.section	.text.HAL_SYSCFG_VREFBUF_HighImpedanceConfig,"ax",%progbits
 557              		.align	1
 558              		.p2align 2,,3
 559              		.global	HAL_SYSCFG_VREFBUF_HighImpedanceConfig
 560              		.syntax unified
 561              		.thumb
 562              		.thumb_func
 563              		.fpu fpv5-d16
 565              	HAL_SYSCFG_VREFBUF_HighImpedanceConfig:
 566              		@ args = 0, pretend = 0, frame = 0
 567              		@ frame_needed = 0, uses_anonymous_args = 0
 568              		@ link register save eliminated.
 569 0000 034A     		ldr	r2, .L91
 570 0002 1368     		ldr	r3, [r2]
 571 0004 23F00203 		bic	r3, r3, #2
 572 0008 1843     		orrs	r0, r0, r3
 573 000a 1060     		str	r0, [r2]
 574 000c 7047     		bx	lr
 575              	.L92:
 576 000e 00BF     		.align	2
 577              	.L91:
 578 0010 003C0058 		.word	1476410368
 580              		.section	.text.HAL_SYSCFG_VREFBUF_TrimmingConfig,"ax",%progbits
 581              		.align	1
 582              		.p2align 2,,3
 583              		.global	HAL_SYSCFG_VREFBUF_TrimmingConfig
 584              		.syntax unified
 585              		.thumb
 586              		.thumb_func
 587              		.fpu fpv5-d16
 589              	HAL_SYSCFG_VREFBUF_TrimmingConfig:
 590              		@ args = 0, pretend = 0, frame = 0
 591              		@ frame_needed = 0, uses_anonymous_args = 0
 592              		@ link register save eliminated.
 593 0000 034A     		ldr	r2, .L94
 594 0002 5368     		ldr	r3, [r2, #4]
 595 0004 23F03F03 		bic	r3, r3, #63
 596 0008 1843     		orrs	r0, r0, r3
 597 000a 5060     		str	r0, [r2, #4]
 598 000c 7047     		bx	lr
 599              	.L95:
 600 000e 00BF     		.align	2
 601              	.L94:
 602 0010 003C0058 		.word	1476410368
 604              		.section	.text.HAL_SYSCFG_EnableVREFBUF,"ax",%progbits
 605              		.align	1
 606              		.p2align 2,,3
 607              		.global	HAL_SYSCFG_EnableVREFBUF
 608              		.syntax unified
 609              		.thumb
 610              		.thumb_func
 611              		.fpu fpv5-d16
 613              	HAL_SYSCFG_EnableVREFBUF:
 614              		@ args = 0, pretend = 0, frame = 0
 615              		@ frame_needed = 0, uses_anonymous_args = 0
ARM GAS  C:\Users\Brandon\AppData\Local\Temp\cc94C1LD.s 			page 11


 616 0000 38B5     		push	{r3, r4, r5, lr}
 617 0002 0B4B     		ldr	r3, .L102
 618 0004 1A68     		ldr	r2, [r3]
 619 0006 1D46     		mov	r5, r3
 620 0008 42F00102 		orr	r2, r2, #1
 621 000c 1A60     		str	r2, [r3]
 622 000e FFF7FEFF 		bl	HAL_GetTick
 623 0012 0446     		mov	r4, r0
 624 0014 04E0     		b	.L97
 625              	.L99:
 626 0016 FFF7FEFF 		bl	HAL_GetTick
 627 001a 001B     		subs	r0, r0, r4
 628 001c 0A28     		cmp	r0, #10
 629 001e 04D8     		bhi	.L100
 630              	.L97:
 631 0020 2B68     		ldr	r3, [r5]
 632 0022 1B07     		lsls	r3, r3, #28
 633 0024 F7D5     		bpl	.L99
 634 0026 0020     		movs	r0, #0
 635 0028 38BD     		pop	{r3, r4, r5, pc}
 636              	.L100:
 637 002a 0320     		movs	r0, #3
 638 002c 38BD     		pop	{r3, r4, r5, pc}
 639              	.L103:
 640 002e 00BF     		.align	2
 641              	.L102:
 642 0030 003C0058 		.word	1476410368
 644              		.section	.text.HAL_SYSCFG_DisableVREFBUF,"ax",%progbits
 645              		.align	1
 646              		.p2align 2,,3
 647              		.global	HAL_SYSCFG_DisableVREFBUF
 648              		.syntax unified
 649              		.thumb
 650              		.thumb_func
 651              		.fpu fpv5-d16
 653              	HAL_SYSCFG_DisableVREFBUF:
 654              		@ args = 0, pretend = 0, frame = 0
 655              		@ frame_needed = 0, uses_anonymous_args = 0
 656              		@ link register save eliminated.
 657 0000 024A     		ldr	r2, .L105
 658 0002 1368     		ldr	r3, [r2]
 659 0004 23F00103 		bic	r3, r3, #1
 660 0008 1360     		str	r3, [r2]
 661 000a 7047     		bx	lr
 662              	.L106:
 663              		.align	2
 664              	.L105:
 665 000c 003C0058 		.word	1476410368
 667              		.section	.text.HAL_SYSCFG_ETHInterfaceSelect,"ax",%progbits
 668              		.align	1
 669              		.p2align 2,,3
 670              		.global	HAL_SYSCFG_ETHInterfaceSelect
 671              		.syntax unified
 672              		.thumb
 673              		.thumb_func
 674              		.fpu fpv5-d16
 676              	HAL_SYSCFG_ETHInterfaceSelect:
ARM GAS  C:\Users\Brandon\AppData\Local\Temp\cc94C1LD.s 			page 12


 677              		@ args = 0, pretend = 0, frame = 0
 678              		@ frame_needed = 0, uses_anonymous_args = 0
 679              		@ link register save eliminated.
 680 0000 034A     		ldr	r2, .L108
 681 0002 5368     		ldr	r3, [r2, #4]
 682 0004 23F46003 		bic	r3, r3, #14680064
 683 0008 1843     		orrs	r0, r0, r3
 684 000a 5060     		str	r0, [r2, #4]
 685 000c 7047     		bx	lr
 686              	.L109:
 687 000e 00BF     		.align	2
 688              	.L108:
 689 0010 00040058 		.word	1476396032
 691              		.section	.text.HAL_SYSCFG_AnalogSwitchConfig,"ax",%progbits
 692              		.align	1
 693              		.p2align 2,,3
 694              		.global	HAL_SYSCFG_AnalogSwitchConfig
 695              		.syntax unified
 696              		.thumb
 697              		.thumb_func
 698              		.fpu fpv5-d16
 700              	HAL_SYSCFG_AnalogSwitchConfig:
 701              		@ args = 0, pretend = 0, frame = 0
 702              		@ frame_needed = 0, uses_anonymous_args = 0
 703              		@ link register save eliminated.
 704 0000 034A     		ldr	r2, .L111
 705 0002 5368     		ldr	r3, [r2, #4]
 706 0004 23EA0000 		bic	r0, r3, r0
 707 0008 0143     		orrs	r1, r1, r0
 708 000a 5160     		str	r1, [r2, #4]
 709 000c 7047     		bx	lr
 710              	.L112:
 711 000e 00BF     		.align	2
 712              	.L111:
 713 0010 00040058 		.word	1476396032
 715              		.section	.text.HAL_SYSCFG_EnableBOOST,"ax",%progbits
 716              		.align	1
 717              		.p2align 2,,3
 718              		.global	HAL_SYSCFG_EnableBOOST
 719              		.syntax unified
 720              		.thumb
 721              		.thumb_func
 722              		.fpu fpv5-d16
 724              	HAL_SYSCFG_EnableBOOST:
 725              		@ args = 0, pretend = 0, frame = 0
 726              		@ frame_needed = 0, uses_anonymous_args = 0
 727              		@ link register save eliminated.
 728 0000 024A     		ldr	r2, .L114
 729 0002 5368     		ldr	r3, [r2, #4]
 730 0004 43F48073 		orr	r3, r3, #256
 731 0008 5360     		str	r3, [r2, #4]
 732 000a 7047     		bx	lr
 733              	.L115:
 734              		.align	2
 735              	.L114:
 736 000c 00040058 		.word	1476396032
 738              		.section	.text.HAL_SYSCFG_DisableBOOST,"ax",%progbits
ARM GAS  C:\Users\Brandon\AppData\Local\Temp\cc94C1LD.s 			page 13


 739              		.align	1
 740              		.p2align 2,,3
 741              		.global	HAL_SYSCFG_DisableBOOST
 742              		.syntax unified
 743              		.thumb
 744              		.thumb_func
 745              		.fpu fpv5-d16
 747              	HAL_SYSCFG_DisableBOOST:
 748              		@ args = 0, pretend = 0, frame = 0
 749              		@ frame_needed = 0, uses_anonymous_args = 0
 750              		@ link register save eliminated.
 751 0000 024A     		ldr	r2, .L117
 752 0002 5368     		ldr	r3, [r2, #4]
 753 0004 23F48073 		bic	r3, r3, #256
 754 0008 5360     		str	r3, [r2, #4]
 755 000a 7047     		bx	lr
 756              	.L118:
 757              		.align	2
 758              	.L117:
 759 000c 00040058 		.word	1476396032
 761              		.section	.text.HAL_SYSCFG_CM7BootAddConfig,"ax",%progbits
 762              		.align	1
 763              		.p2align 2,,3
 764              		.global	HAL_SYSCFG_CM7BootAddConfig
 765              		.syntax unified
 766              		.thumb
 767              		.thumb_func
 768              		.fpu fpv5-d16
 770              	HAL_SYSCFG_CM7BootAddConfig:
 771              		@ args = 0, pretend = 0, frame = 0
 772              		@ frame_needed = 0, uses_anonymous_args = 0
 773              		@ link register save eliminated.
 774 0000 48B9     		cbnz	r0, .L120
 775 0002 0A48     		ldr	r0, .L122
 776 0004 0A4B     		ldr	r3, .L122+4
 777 0006 D0F80823 		ldr	r2, [r0, #776]
 778 000a 0B40     		ands	r3, r3, r1
 779 000c 92B2     		uxth	r2, r2
 780 000e 1343     		orrs	r3, r3, r2
 781 0010 C0F80833 		str	r3, [r0, #776]
 782 0014 7047     		bx	lr
 783              	.L120:
 784 0016 054A     		ldr	r2, .L122
 785 0018 054B     		ldr	r3, .L122+4
 786 001a D2F80C03 		ldr	r0, [r2, #780]
 787 001e 0340     		ands	r3, r3, r0
 788 0020 43EA1141 		orr	r1, r3, r1, lsr #16
 789 0024 C2F80C13 		str	r1, [r2, #780]
 790 0028 7047     		bx	lr
 791              	.L123:
 792 002a 00BF     		.align	2
 793              	.L122:
 794 002c 00040058 		.word	1476396032
 795 0030 0000FFFF 		.word	-65536
 797              		.section	.text.HAL_EnableCompensationCell,"ax",%progbits
 798              		.align	1
 799              		.p2align 2,,3
ARM GAS  C:\Users\Brandon\AppData\Local\Temp\cc94C1LD.s 			page 14


 800              		.global	HAL_EnableCompensationCell
 801              		.syntax unified
 802              		.thumb
 803              		.thumb_func
 804              		.fpu fpv5-d16
 806              	HAL_EnableCompensationCell:
 807              		@ args = 0, pretend = 0, frame = 0
 808              		@ frame_needed = 0, uses_anonymous_args = 0
 809              		@ link register save eliminated.
 810 0000 024A     		ldr	r2, .L125
 811 0002 136A     		ldr	r3, [r2, #32]
 812 0004 43F00103 		orr	r3, r3, #1
 813 0008 1362     		str	r3, [r2, #32]
 814 000a 7047     		bx	lr
 815              	.L126:
 816              		.align	2
 817              	.L125:
 818 000c 00040058 		.word	1476396032
 820              		.section	.text.HAL_DisableCompensationCell,"ax",%progbits
 821              		.align	1
 822              		.p2align 2,,3
 823              		.global	HAL_DisableCompensationCell
 824              		.syntax unified
 825              		.thumb
 826              		.thumb_func
 827              		.fpu fpv5-d16
 829              	HAL_DisableCompensationCell:
 830              		@ args = 0, pretend = 0, frame = 0
 831              		@ frame_needed = 0, uses_anonymous_args = 0
 832              		@ link register save eliminated.
 833 0000 024A     		ldr	r2, .L128
 834 0002 136A     		ldr	r3, [r2, #32]
 835 0004 23F00103 		bic	r3, r3, #1
 836 0008 1362     		str	r3, [r2, #32]
 837 000a 7047     		bx	lr
 838              	.L129:
 839              		.align	2
 840              	.L128:
 841 000c 00040058 		.word	1476396032
 843              		.section	.text.HAL_SYSCFG_EnableIOSpeedOptimize,"ax",%progbits
 844              		.align	1
 845              		.p2align 2,,3
 846              		.global	HAL_SYSCFG_EnableIOSpeedOptimize
 847              		.syntax unified
 848              		.thumb
 849              		.thumb_func
 850              		.fpu fpv5-d16
 852              	HAL_SYSCFG_EnableIOSpeedOptimize:
 853              		@ args = 0, pretend = 0, frame = 0
 854              		@ frame_needed = 0, uses_anonymous_args = 0
 855              		@ link register save eliminated.
 856 0000 024A     		ldr	r2, .L131
 857 0002 136A     		ldr	r3, [r2, #32]
 858 0004 43F48033 		orr	r3, r3, #65536
 859 0008 1362     		str	r3, [r2, #32]
 860 000a 7047     		bx	lr
 861              	.L132:
ARM GAS  C:\Users\Brandon\AppData\Local\Temp\cc94C1LD.s 			page 15


 862              		.align	2
 863              	.L131:
 864 000c 00040058 		.word	1476396032
 866              		.section	.text.HAL_SYSCFG_DisableIOSpeedOptimize,"ax",%progbits
 867              		.align	1
 868              		.p2align 2,,3
 869              		.global	HAL_SYSCFG_DisableIOSpeedOptimize
 870              		.syntax unified
 871              		.thumb
 872              		.thumb_func
 873              		.fpu fpv5-d16
 875              	HAL_SYSCFG_DisableIOSpeedOptimize:
 876              		@ args = 0, pretend = 0, frame = 0
 877              		@ frame_needed = 0, uses_anonymous_args = 0
 878              		@ link register save eliminated.
 879 0000 024A     		ldr	r2, .L134
 880 0002 136A     		ldr	r3, [r2, #32]
 881 0004 23F48033 		bic	r3, r3, #65536
 882 0008 1362     		str	r3, [r2, #32]
 883 000a 7047     		bx	lr
 884              	.L135:
 885              		.align	2
 886              	.L134:
 887 000c 00040058 		.word	1476396032
 889              		.section	.text.HAL_SYSCFG_CompensationCodeSelect,"ax",%progbits
 890              		.align	1
 891              		.p2align 2,,3
 892              		.global	HAL_SYSCFG_CompensationCodeSelect
 893              		.syntax unified
 894              		.thumb
 895              		.thumb_func
 896              		.fpu fpv5-d16
 898              	HAL_SYSCFG_CompensationCodeSelect:
 899              		@ args = 0, pretend = 0, frame = 0
 900              		@ frame_needed = 0, uses_anonymous_args = 0
 901              		@ link register save eliminated.
 902 0000 034A     		ldr	r2, .L137
 903 0002 136A     		ldr	r3, [r2, #32]
 904 0004 23F00203 		bic	r3, r3, #2
 905 0008 1843     		orrs	r0, r0, r3
 906 000a 1062     		str	r0, [r2, #32]
 907 000c 7047     		bx	lr
 908              	.L138:
 909 000e 00BF     		.align	2
 910              	.L137:
 911 0010 00040058 		.word	1476396032
 913              		.section	.text.HAL_SYSCFG_CompensationCodeConfig,"ax",%progbits
 914              		.align	1
 915              		.p2align 2,,3
 916              		.global	HAL_SYSCFG_CompensationCodeConfig
 917              		.syntax unified
 918              		.thumb
 919              		.thumb_func
 920              		.fpu fpv5-d16
 922              	HAL_SYSCFG_CompensationCodeConfig:
 923              		@ args = 0, pretend = 0, frame = 0
 924              		@ frame_needed = 0, uses_anonymous_args = 0
ARM GAS  C:\Users\Brandon\AppData\Local\Temp\cc94C1LD.s 			page 16


 925              		@ link register save eliminated.
 926 0000 044A     		ldr	r2, .L140
 927 0002 936A     		ldr	r3, [r2, #40]
 928 0004 23F0FF03 		bic	r3, r3, #255
 929 0008 1943     		orrs	r1, r1, r3
 930 000a 41EA0010 		orr	r0, r1, r0, lsl #4
 931 000e 9062     		str	r0, [r2, #40]
 932 0010 7047     		bx	lr
 933              	.L141:
 934 0012 00BF     		.align	2
 935              	.L140:
 936 0014 00040058 		.word	1476396032
 938              		.section	.text.HAL_SYSCFG_ADC2ALT_Rout0Config,"ax",%progbits
 939              		.align	1
 940              		.p2align 2,,3
 941              		.global	HAL_SYSCFG_ADC2ALT_Rout0Config
 942              		.syntax unified
 943              		.thumb
 944              		.thumb_func
 945              		.fpu fpv5-d16
 947              	HAL_SYSCFG_ADC2ALT_Rout0Config:
 948              		@ args = 0, pretend = 0, frame = 0
 949              		@ frame_needed = 0, uses_anonymous_args = 0
 950              		@ link register save eliminated.
 951 0000 034A     		ldr	r2, .L143
 952 0002 136B     		ldr	r3, [r2, #48]
 953 0004 23F00103 		bic	r3, r3, #1
 954 0008 1843     		orrs	r0, r0, r3
 955 000a 1063     		str	r0, [r2, #48]
 956 000c 7047     		bx	lr
 957              	.L144:
 958 000e 00BF     		.align	2
 959              	.L143:
 960 0010 00040058 		.word	1476396032
 962              		.section	.text.HAL_SYSCFG_ADC2ALT_Rout1Config,"ax",%progbits
 963              		.align	1
 964              		.p2align 2,,3
 965              		.global	HAL_SYSCFG_ADC2ALT_Rout1Config
 966              		.syntax unified
 967              		.thumb
 968              		.thumb_func
 969              		.fpu fpv5-d16
 971              	HAL_SYSCFG_ADC2ALT_Rout1Config:
 972              		@ args = 0, pretend = 0, frame = 0
 973              		@ frame_needed = 0, uses_anonymous_args = 0
 974              		@ link register save eliminated.
 975 0000 034A     		ldr	r2, .L146
 976 0002 136B     		ldr	r3, [r2, #48]
 977 0004 23F00203 		bic	r3, r3, #2
 978 0008 1843     		orrs	r0, r0, r3
 979 000a 1063     		str	r0, [r2, #48]
 980 000c 7047     		bx	lr
 981              	.L147:
 982 000e 00BF     		.align	2
 983              	.L146:
 984 0010 00040058 		.word	1476396032
 986              		.section	.text.HAL_DBGMCU_EnableDBGSleepMode,"ax",%progbits
ARM GAS  C:\Users\Brandon\AppData\Local\Temp\cc94C1LD.s 			page 17


 987              		.align	1
 988              		.p2align 2,,3
 989              		.global	HAL_DBGMCU_EnableDBGSleepMode
 990              		.syntax unified
 991              		.thumb
 992              		.thumb_func
 993              		.fpu fpv5-d16
 995              	HAL_DBGMCU_EnableDBGSleepMode:
 996              		@ args = 0, pretend = 0, frame = 0
 997              		@ frame_needed = 0, uses_anonymous_args = 0
 998              		@ link register save eliminated.
 999 0000 024A     		ldr	r2, .L149
 1000 0002 5368     		ldr	r3, [r2, #4]
 1001 0004 43F00103 		orr	r3, r3, #1
 1002 0008 5360     		str	r3, [r2, #4]
 1003 000a 7047     		bx	lr
 1004              	.L150:
 1005              		.align	2
 1006              	.L149:
 1007 000c 0010005C 		.word	1543507968
 1009              		.section	.text.HAL_DBGMCU_DisableDBGSleepMode,"ax",%progbits
 1010              		.align	1
 1011              		.p2align 2,,3
 1012              		.global	HAL_DBGMCU_DisableDBGSleepMode
 1013              		.syntax unified
 1014              		.thumb
 1015              		.thumb_func
 1016              		.fpu fpv5-d16
 1018              	HAL_DBGMCU_DisableDBGSleepMode:
 1019              		@ args = 0, pretend = 0, frame = 0
 1020              		@ frame_needed = 0, uses_anonymous_args = 0
 1021              		@ link register save eliminated.
 1022 0000 024A     		ldr	r2, .L152
 1023 0002 5368     		ldr	r3, [r2, #4]
 1024 0004 23F00103 		bic	r3, r3, #1
 1025 0008 5360     		str	r3, [r2, #4]
 1026 000a 7047     		bx	lr
 1027              	.L153:
 1028              		.align	2
 1029              	.L152:
 1030 000c 0010005C 		.word	1543507968
 1032              		.section	.text.HAL_DBGMCU_EnableDBGStopMode,"ax",%progbits
 1033              		.align	1
 1034              		.p2align 2,,3
 1035              		.global	HAL_DBGMCU_EnableDBGStopMode
 1036              		.syntax unified
 1037              		.thumb
 1038              		.thumb_func
 1039              		.fpu fpv5-d16
 1041              	HAL_DBGMCU_EnableDBGStopMode:
 1042              		@ args = 0, pretend = 0, frame = 0
 1043              		@ frame_needed = 0, uses_anonymous_args = 0
 1044              		@ link register save eliminated.
 1045 0000 024A     		ldr	r2, .L155
 1046 0002 5368     		ldr	r3, [r2, #4]
 1047 0004 43F00203 		orr	r3, r3, #2
 1048 0008 5360     		str	r3, [r2, #4]
ARM GAS  C:\Users\Brandon\AppData\Local\Temp\cc94C1LD.s 			page 18


 1049 000a 7047     		bx	lr
 1050              	.L156:
 1051              		.align	2
 1052              	.L155:
 1053 000c 0010005C 		.word	1543507968
 1055              		.section	.text.HAL_DBGMCU_DisableDBGStopMode,"ax",%progbits
 1056              		.align	1
 1057              		.p2align 2,,3
 1058              		.global	HAL_DBGMCU_DisableDBGStopMode
 1059              		.syntax unified
 1060              		.thumb
 1061              		.thumb_func
 1062              		.fpu fpv5-d16
 1064              	HAL_DBGMCU_DisableDBGStopMode:
 1065              		@ args = 0, pretend = 0, frame = 0
 1066              		@ frame_needed = 0, uses_anonymous_args = 0
 1067              		@ link register save eliminated.
 1068 0000 024A     		ldr	r2, .L158
 1069 0002 5368     		ldr	r3, [r2, #4]
 1070 0004 23F00203 		bic	r3, r3, #2
 1071 0008 5360     		str	r3, [r2, #4]
 1072 000a 7047     		bx	lr
 1073              	.L159:
 1074              		.align	2
 1075              	.L158:
 1076 000c 0010005C 		.word	1543507968
 1078              		.section	.text.HAL_DBGMCU_EnableDBGStandbyMode,"ax",%progbits
 1079              		.align	1
 1080              		.p2align 2,,3
 1081              		.global	HAL_DBGMCU_EnableDBGStandbyMode
 1082              		.syntax unified
 1083              		.thumb
 1084              		.thumb_func
 1085              		.fpu fpv5-d16
 1087              	HAL_DBGMCU_EnableDBGStandbyMode:
 1088              		@ args = 0, pretend = 0, frame = 0
 1089              		@ frame_needed = 0, uses_anonymous_args = 0
 1090              		@ link register save eliminated.
 1091 0000 024A     		ldr	r2, .L161
 1092 0002 5368     		ldr	r3, [r2, #4]
 1093 0004 43F00403 		orr	r3, r3, #4
 1094 0008 5360     		str	r3, [r2, #4]
 1095 000a 7047     		bx	lr
 1096              	.L162:
 1097              		.align	2
 1098              	.L161:
 1099 000c 0010005C 		.word	1543507968
 1101              		.section	.text.HAL_DBGMCU_DisableDBGStandbyMode,"ax",%progbits
 1102              		.align	1
 1103              		.p2align 2,,3
 1104              		.global	HAL_DBGMCU_DisableDBGStandbyMode
 1105              		.syntax unified
 1106              		.thumb
 1107              		.thumb_func
 1108              		.fpu fpv5-d16
 1110              	HAL_DBGMCU_DisableDBGStandbyMode:
 1111              		@ args = 0, pretend = 0, frame = 0
ARM GAS  C:\Users\Brandon\AppData\Local\Temp\cc94C1LD.s 			page 19


 1112              		@ frame_needed = 0, uses_anonymous_args = 0
 1113              		@ link register save eliminated.
 1114 0000 024A     		ldr	r2, .L164
 1115 0002 5368     		ldr	r3, [r2, #4]
 1116 0004 23F00403 		bic	r3, r3, #4
 1117 0008 5360     		str	r3, [r2, #4]
 1118 000a 7047     		bx	lr
 1119              	.L165:
 1120              		.align	2
 1121              	.L164:
 1122 000c 0010005C 		.word	1543507968
 1124              		.section	.text.HAL_EnableDomain3DBGStopMode,"ax",%progbits
 1125              		.align	1
 1126              		.p2align 2,,3
 1127              		.global	HAL_EnableDomain3DBGStopMode
 1128              		.syntax unified
 1129              		.thumb
 1130              		.thumb_func
 1131              		.fpu fpv5-d16
 1133              	HAL_EnableDomain3DBGStopMode:
 1134              		@ args = 0, pretend = 0, frame = 0
 1135              		@ frame_needed = 0, uses_anonymous_args = 0
 1136              		@ link register save eliminated.
 1137 0000 024A     		ldr	r2, .L167
 1138 0002 5368     		ldr	r3, [r2, #4]
 1139 0004 43F08003 		orr	r3, r3, #128
 1140 0008 5360     		str	r3, [r2, #4]
 1141 000a 7047     		bx	lr
 1142              	.L168:
 1143              		.align	2
 1144              	.L167:
 1145 000c 0010005C 		.word	1543507968
 1147              		.section	.text.HAL_DisableDomain3DBGStopMode,"ax",%progbits
 1148              		.align	1
 1149              		.p2align 2,,3
 1150              		.global	HAL_DisableDomain3DBGStopMode
 1151              		.syntax unified
 1152              		.thumb
 1153              		.thumb_func
 1154              		.fpu fpv5-d16
 1156              	HAL_DisableDomain3DBGStopMode:
 1157              		@ args = 0, pretend = 0, frame = 0
 1158              		@ frame_needed = 0, uses_anonymous_args = 0
 1159              		@ link register save eliminated.
 1160 0000 024A     		ldr	r2, .L170
 1161 0002 5368     		ldr	r3, [r2, #4]
 1162 0004 23F08003 		bic	r3, r3, #128
 1163 0008 5360     		str	r3, [r2, #4]
 1164 000a 7047     		bx	lr
 1165              	.L171:
 1166              		.align	2
 1167              	.L170:
 1168 000c 0010005C 		.word	1543507968
 1170              		.section	.text.HAL_EnableDomain3DBGStandbyMode,"ax",%progbits
 1171              		.align	1
 1172              		.p2align 2,,3
 1173              		.global	HAL_EnableDomain3DBGStandbyMode
ARM GAS  C:\Users\Brandon\AppData\Local\Temp\cc94C1LD.s 			page 20


 1174              		.syntax unified
 1175              		.thumb
 1176              		.thumb_func
 1177              		.fpu fpv5-d16
 1179              	HAL_EnableDomain3DBGStandbyMode:
 1180              		@ args = 0, pretend = 0, frame = 0
 1181              		@ frame_needed = 0, uses_anonymous_args = 0
 1182              		@ link register save eliminated.
 1183 0000 024A     		ldr	r2, .L173
 1184 0002 5368     		ldr	r3, [r2, #4]
 1185 0004 43F48073 		orr	r3, r3, #256
 1186 0008 5360     		str	r3, [r2, #4]
 1187 000a 7047     		bx	lr
 1188              	.L174:
 1189              		.align	2
 1190              	.L173:
 1191 000c 0010005C 		.word	1543507968
 1193              		.section	.text.HAL_DisableDomain3DBGStandbyMode,"ax",%progbits
 1194              		.align	1
 1195              		.p2align 2,,3
 1196              		.global	HAL_DisableDomain3DBGStandbyMode
 1197              		.syntax unified
 1198              		.thumb
 1199              		.thumb_func
 1200              		.fpu fpv5-d16
 1202              	HAL_DisableDomain3DBGStandbyMode:
 1203              		@ args = 0, pretend = 0, frame = 0
 1204              		@ frame_needed = 0, uses_anonymous_args = 0
 1205              		@ link register save eliminated.
 1206 0000 024A     		ldr	r2, .L176
 1207 0002 5368     		ldr	r3, [r2, #4]
 1208 0004 23F48073 		bic	r3, r3, #256
 1209 0008 5360     		str	r3, [r2, #4]
 1210 000a 7047     		bx	lr
 1211              	.L177:
 1212              		.align	2
 1213              	.L176:
 1214 000c 0010005C 		.word	1543507968
 1216              		.section	.text.HAL_SetFMCMemorySwappingConfig,"ax",%progbits
 1217              		.align	1
 1218              		.p2align 2,,3
 1219              		.global	HAL_SetFMCMemorySwappingConfig
 1220              		.syntax unified
 1221              		.thumb
 1222              		.thumb_func
 1223              		.fpu fpv5-d16
 1225              	HAL_SetFMCMemorySwappingConfig:
 1226              		@ args = 0, pretend = 0, frame = 0
 1227              		@ frame_needed = 0, uses_anonymous_args = 0
 1228              		@ link register save eliminated.
 1229 0000 034A     		ldr	r2, .L179
 1230 0002 1368     		ldr	r3, [r2]
 1231 0004 23F04073 		bic	r3, r3, #50331648
 1232 0008 1843     		orrs	r0, r0, r3
 1233 000a 1060     		str	r0, [r2]
 1234 000c 7047     		bx	lr
 1235              	.L180:
ARM GAS  C:\Users\Brandon\AppData\Local\Temp\cc94C1LD.s 			page 21


 1236 000e 00BF     		.align	2
 1237              	.L179:
 1238 0010 00400052 		.word	1375748096
 1240              		.section	.text.HAL_GetFMCMemorySwappingConfig,"ax",%progbits
 1241              		.align	1
 1242              		.p2align 2,,3
 1243              		.global	HAL_GetFMCMemorySwappingConfig
 1244              		.syntax unified
 1245              		.thumb
 1246              		.thumb_func
 1247              		.fpu fpv5-d16
 1249              	HAL_GetFMCMemorySwappingConfig:
 1250              		@ args = 0, pretend = 0, frame = 0
 1251              		@ frame_needed = 0, uses_anonymous_args = 0
 1252              		@ link register save eliminated.
 1253 0000 024B     		ldr	r3, .L182
 1254 0002 1868     		ldr	r0, [r3]
 1255 0004 00F04070 		and	r0, r0, #50331648
 1256 0008 7047     		bx	lr
 1257              	.L183:
 1258 000a 00BF     		.align	2
 1259              	.L182:
 1260 000c 00400052 		.word	1375748096
 1262              		.section	.text.HAL_EXTI_EdgeConfig,"ax",%progbits
 1263              		.align	1
 1264              		.p2align 2,,3
 1265              		.global	HAL_EXTI_EdgeConfig
 1266              		.syntax unified
 1267              		.thumb
 1268              		.thumb_func
 1269              		.fpu fpv5-d16
 1271              	HAL_EXTI_EdgeConfig:
 1272              		@ args = 0, pretend = 0, frame = 0
 1273              		@ frame_needed = 0, uses_anonymous_args = 0
 1274              		@ link register save eliminated.
 1275 0000 20F01F02 		bic	r2, r0, #31
 1276 0004 0123     		movs	r3, #1
 1277 0006 00F01F00 		and	r0, r0, #31
 1278 000a 30B4     		push	{r4, r5}
 1279 000c 0C4C     		ldr	r4, .L194
 1280 000e 03FA00F0 		lsl	r0, r3, r0
 1281 0012 02F1B043 		add	r3, r2, #1476395008
 1282 0016 1559     		ldr	r5, [r2, r4]
 1283 0018 25EA0005 		bic	r5, r5, r0
 1284 001c 1551     		str	r5, [r2, r4]
 1285 001e 1D68     		ldr	r5, [r3]
 1286 0020 25EA0005 		bic	r5, r5, r0
 1287 0024 1D60     		str	r5, [r3]
 1288 0026 CD02     		lsls	r5, r1, #11
 1289 0028 02D5     		bpl	.L185
 1290 002a 1D68     		ldr	r5, [r3]
 1291 002c 0543     		orrs	r5, r5, r0
 1292 002e 1D60     		str	r5, [r3]
 1293              	.L185:
 1294 0030 8B02     		lsls	r3, r1, #10
 1295 0032 02D5     		bpl	.L184
 1296 0034 1359     		ldr	r3, [r2, r4]
ARM GAS  C:\Users\Brandon\AppData\Local\Temp\cc94C1LD.s 			page 22


 1297 0036 1843     		orrs	r0, r0, r3
 1298 0038 1051     		str	r0, [r2, r4]
 1299              	.L184:
 1300 003a 30BC     		pop	{r4, r5}
 1301 003c 7047     		bx	lr
 1302              	.L195:
 1303 003e 00BF     		.align	2
 1304              	.L194:
 1305 0040 04000058 		.word	1476395012
 1307              		.section	.text.HAL_EXTI_GenerateSWInterrupt,"ax",%progbits
 1308              		.align	1
 1309              		.p2align 2,,3
 1310              		.global	HAL_EXTI_GenerateSWInterrupt
 1311              		.syntax unified
 1312              		.thumb
 1313              		.thumb_func
 1314              		.fpu fpv5-d16
 1316              	HAL_EXTI_GenerateSWInterrupt:
 1317              		@ args = 0, pretend = 0, frame = 0
 1318              		@ frame_needed = 0, uses_anonymous_args = 0
 1319              		@ link register save eliminated.
 1320 0000 20F01F01 		bic	r1, r0, #31
 1321 0004 064A     		ldr	r2, .L198
 1322 0006 0123     		movs	r3, #1
 1323 0008 00F01F00 		and	r0, r0, #31
 1324 000c 10B4     		push	{r4}
 1325 000e 03FA00F0 		lsl	r0, r3, r0
 1326 0012 8C58     		ldr	r4, [r1, r2]
 1327 0014 2043     		orrs	r0, r0, r4
 1328 0016 5DF8044B 		ldr	r4, [sp], #4
 1329 001a 8850     		str	r0, [r1, r2]
 1330 001c 7047     		bx	lr
 1331              	.L199:
 1332 001e 00BF     		.align	2
 1333              	.L198:
 1334 0020 08000058 		.word	1476395016
 1336              		.section	.text.HAL_EXTI_D1_ClearFlag,"ax",%progbits
 1337              		.align	1
 1338              		.p2align 2,,3
 1339              		.global	HAL_EXTI_D1_ClearFlag
 1340              		.syntax unified
 1341              		.thumb
 1342              		.thumb_func
 1343              		.fpu fpv5-d16
 1345              	HAL_EXTI_D1_ClearFlag:
 1346              		@ args = 0, pretend = 0, frame = 0
 1347              		@ frame_needed = 0, uses_anonymous_args = 0
 1348              		@ link register save eliminated.
 1349 0000 4309     		lsrs	r3, r0, #5
 1350 0002 0122     		movs	r2, #1
 1351 0004 00F01F00 		and	r0, r0, #31
 1352 0008 0249     		ldr	r1, .L201
 1353 000a 1B01     		lsls	r3, r3, #4
 1354 000c 02FA00F0 		lsl	r0, r2, r0
 1355 0010 5850     		str	r0, [r3, r1]
 1356 0012 7047     		bx	lr
 1357              	.L202:
ARM GAS  C:\Users\Brandon\AppData\Local\Temp\cc94C1LD.s 			page 23


 1358              		.align	2
 1359              	.L201:
 1360 0014 88000058 		.word	1476395144
 1362              		.section	.text.HAL_EXTI_D1_EventInputConfig,"ax",%progbits
 1363              		.align	1
 1364              		.p2align 2,,3
 1365              		.global	HAL_EXTI_D1_EventInputConfig
 1366              		.syntax unified
 1367              		.thumb
 1368              		.thumb_func
 1369              		.fpu fpv5-d16
 1371              	HAL_EXTI_D1_EventInputConfig:
 1372              		@ args = 0, pretend = 0, frame = 0
 1373              		@ frame_needed = 0, uses_anonymous_args = 0
 1374              		@ link register save eliminated.
 1375 0000 30B4     		push	{r4, r5}
 1376 0002 CC03     		lsls	r4, r1, #15
 1377 0004 1AD5     		bpl	.L204
 1378 0006 1F4B     		ldr	r3, .L216
 1379 0008 00F01F05 		and	r5, r0, #31
 1380 000c 02BB     		cbnz	r2, .L205
 1381 000e 4209     		lsrs	r2, r0, #5
 1382 0010 0124     		movs	r4, #1
 1383 0012 03EB5010 		add	r0, r3, r0, lsr #5
 1384 0016 8903     		lsls	r1, r1, #14
 1385 0018 04FA05F3 		lsl	r3, r4, r5
 1386 001c 4FEA0010 		lsl	r0, r0, #4
 1387 0020 6FEA0304 		mvn	r4, r3
 1388 0024 0568     		ldr	r5, [r0]
 1389 0026 25EA0303 		bic	r3, r5, r3
 1390 002a 0360     		str	r3, [r0]
 1391 002c 04D5     		bpl	.L203
 1392              	.L206:
 1393 002e 1301     		lsls	r3, r2, #4
 1394 0030 1549     		ldr	r1, .L216+4
 1395 0032 5A58     		ldr	r2, [r3, r1]
 1396 0034 1440     		ands	r4, r4, r2
 1397 0036 5C50     		str	r4, [r3, r1]
 1398              	.L203:
 1399 0038 30BC     		pop	{r4, r5}
 1400 003a 7047     		bx	lr
 1401              	.L204:
 1402 003c 8B03     		lsls	r3, r1, #14
 1403 003e FBD5     		bpl	.L203
 1404 0040 CAB9     		cbnz	r2, .L215
 1405 0042 00F01F03 		and	r3, r0, #31
 1406 0046 0124     		movs	r4, #1
 1407 0048 4209     		lsrs	r2, r0, #5
 1408 004a 9C40     		lsls	r4, r4, r3
 1409 004c E443     		mvns	r4, r4
 1410 004e EEE7     		b	.L206
 1411              	.L205:
 1412 0050 4409     		lsrs	r4, r0, #5
 1413 0052 0122     		movs	r2, #1
 1414 0054 03EB5010 		add	r0, r3, r0, lsr #5
 1415 0058 02FA05F3 		lsl	r3, r2, r5
 1416 005c 0001     		lsls	r0, r0, #4
ARM GAS  C:\Users\Brandon\AppData\Local\Temp\cc94C1LD.s 			page 24


 1417 005e 0268     		ldr	r2, [r0]
 1418 0060 1A43     		orrs	r2, r2, r3
 1419 0062 0260     		str	r2, [r0]
 1420 0064 8A03     		lsls	r2, r1, #14
 1421 0066 E7D5     		bpl	.L203
 1422              	.L208:
 1423 0068 2201     		lsls	r2, r4, #4
 1424 006a 0748     		ldr	r0, .L216+4
 1425 006c 1158     		ldr	r1, [r2, r0]
 1426 006e 0B43     		orrs	r3, r3, r1
 1427 0070 30BC     		pop	{r4, r5}
 1428 0072 1350     		str	r3, [r2, r0]
 1429 0074 7047     		bx	lr
 1430              	.L215:
 1431 0076 00F01F02 		and	r2, r0, #31
 1432 007a 0123     		movs	r3, #1
 1433 007c 4409     		lsrs	r4, r0, #5
 1434 007e 9340     		lsls	r3, r3, r2
 1435 0080 F2E7     		b	.L208
 1436              	.L217:
 1437 0082 00BF     		.align	2
 1438              	.L216:
 1439 0084 08008005 		.word	92274696
 1440 0088 84000058 		.word	1476395140
 1442              		.section	.text.HAL_EXTI_D3_EventInputConfig,"ax",%progbits
 1443              		.align	1
 1444              		.p2align 2,,3
 1445              		.global	HAL_EXTI_D3_EventInputConfig
 1446              		.syntax unified
 1447              		.thumb
 1448              		.thumb_func
 1449              		.fpu fpv5-d16
 1451              	HAL_EXTI_D3_EventInputConfig:
 1452              		@ args = 0, pretend = 0, frame = 0
 1453              		@ frame_needed = 0, uses_anonymous_args = 0
 1454              		@ link register save eliminated.
 1455 0000 20F01F03 		bic	r3, r0, #31
 1456 0004 70B4     		push	{r4, r5, r6}
 1457 0006 E9B9     		cbnz	r1, .L219
 1458 0008 134D     		ldr	r5, .L224
 1459 000a 00F01F06 		and	r6, r0, #31
 1460 000e 0124     		movs	r4, #1
 1461 0010 5959     		ldr	r1, [r3, r5]
 1462 0012 B440     		lsls	r4, r4, r6
 1463 0014 21EA0401 		bic	r1, r1, r4
 1464 0018 5951     		str	r1, [r3, r5]
 1465              	.L220:
 1466 001a C106     		lsls	r1, r0, #27
 1467 001c 4FEA4000 		lsl	r0, r0, #1
 1468 0020 4FF00304 		mov	r4, #3
 1469 0024 58BF     		it	pl
 1470 0026 0D49     		ldrpl	r1, .L224+4
 1471 0028 00F01E00 		and	r0, r0, #30
 1472 002c 48BF     		it	mi
 1473 002e 0C49     		ldrmi	r1, .L224+8
 1474 0030 8440     		lsls	r4, r4, r0
 1475 0032 8240     		lsls	r2, r2, r0
ARM GAS  C:\Users\Brandon\AppData\Local\Temp\cc94C1LD.s 			page 25


 1476 0034 1944     		add	r1, r1, r3
 1477 0036 0B68     		ldr	r3, [r1]
 1478 0038 23EA0400 		bic	r0, r3, r4
 1479 003c 1043     		orrs	r0, r0, r2
 1480 003e 70BC     		pop	{r4, r5, r6}
 1481 0040 0860     		str	r0, [r1]
 1482 0042 7047     		bx	lr
 1483              	.L219:
 1484 0044 044C     		ldr	r4, .L224
 1485 0046 00F01F06 		and	r6, r0, #31
 1486 004a 0121     		movs	r1, #1
 1487 004c 1D59     		ldr	r5, [r3, r4]
 1488 004e B140     		lsls	r1, r1, r6
 1489 0050 2943     		orrs	r1, r1, r5
 1490 0052 1951     		str	r1, [r3, r4]
 1491 0054 E1E7     		b	.L220
 1492              	.L225:
 1493 0056 00BF     		.align	2
 1494              	.L224:
 1495 0058 0C000058 		.word	1476395020
 1496 005c 10000058 		.word	1476395024
 1497 0060 14000058 		.word	1476395028
 1499              		.global	uwTickFreq
 1500              		.global	uwTickPrio
 1501              		.comm	uwTick,4,4
 1502              		.section	.data.uwTickFreq,"aw"
 1503              		.set	.LANCHOR0,. + 0
 1506              	uwTickFreq:
 1507 0000 01       		.byte	1
 1508              		.section	.data.uwTickPrio,"aw"
 1509              		.align	2
 1510              		.set	.LANCHOR1,. + 0
 1513              	uwTickPrio:
 1514 0000 10000000 		.word	16
 1515              		.ident	"GCC: (GNU Arm Embedded Toolchain 9-2020-q2-update) 9.3.1 20200408 (release)"
ARM GAS  C:\Users\Brandon\AppData\Local\Temp\cc94C1LD.s 			page 26


DEFINED SYMBOLS
                            *ABS*:00000000 stm32h7xx_hal.c
C:\Users\Brandon\AppData\Local\Temp\cc94C1LD.s:15     .text.HAL_MspInit:00000000 $t
C:\Users\Brandon\AppData\Local\Temp\cc94C1LD.s:24     .text.HAL_MspInit:00000000 HAL_MspInit
C:\Users\Brandon\AppData\Local\Temp\cc94C1LD.s:31     .text.HAL_MspDeInit:00000000 $t
C:\Users\Brandon\AppData\Local\Temp\cc94C1LD.s:39     .text.HAL_MspDeInit:00000000 HAL_MspDeInit
C:\Users\Brandon\AppData\Local\Temp\cc94C1LD.s:46     .text.HAL_DeInit:00000000 $t
C:\Users\Brandon\AppData\Local\Temp\cc94C1LD.s:54     .text.HAL_DeInit:00000000 HAL_DeInit
C:\Users\Brandon\AppData\Local\Temp\cc94C1LD.s:93     .text.HAL_DeInit:00000064 $d
C:\Users\Brandon\AppData\Local\Temp\cc94C1LD.s:104    .text.HAL_InitTick:00000000 $t
C:\Users\Brandon\AppData\Local\Temp\cc94C1LD.s:112    .text.HAL_InitTick:00000000 HAL_InitTick
C:\Users\Brandon\AppData\Local\Temp\cc94C1LD.s:147    .text.HAL_InitTick:00000040 $d
C:\Users\Brandon\AppData\Local\Temp\cc94C1LD.s:152    .text.HAL_Init:00000000 $t
C:\Users\Brandon\AppData\Local\Temp\cc94C1LD.s:160    .text.HAL_Init:00000000 HAL_Init
C:\Users\Brandon\AppData\Local\Temp\cc94C1LD.s:198    .text.HAL_Init:00000050 $d
C:\Users\Brandon\AppData\Local\Temp\cc94C1LD.s:204    .text.HAL_IncTick:00000000 $t
C:\Users\Brandon\AppData\Local\Temp\cc94C1LD.s:212    .text.HAL_IncTick:00000000 HAL_IncTick
C:\Users\Brandon\AppData\Local\Temp\cc94C1LD.s:226    .text.HAL_IncTick:00000010 $d
                            *COM*:00000004 uwTick
C:\Users\Brandon\AppData\Local\Temp\cc94C1LD.s:230    .text.HAL_GetTick:00000000 $t
C:\Users\Brandon\AppData\Local\Temp\cc94C1LD.s:238    .text.HAL_GetTick:00000000 HAL_GetTick
C:\Users\Brandon\AppData\Local\Temp\cc94C1LD.s:248    .text.HAL_GetTick:00000008 $d
C:\Users\Brandon\AppData\Local\Temp\cc94C1LD.s:251    .text.HAL_GetTickPrio:00000000 $t
C:\Users\Brandon\AppData\Local\Temp\cc94C1LD.s:259    .text.HAL_GetTickPrio:00000000 HAL_GetTickPrio
C:\Users\Brandon\AppData\Local\Temp\cc94C1LD.s:269    .text.HAL_GetTickPrio:00000008 $d
C:\Users\Brandon\AppData\Local\Temp\cc94C1LD.s:272    .text.HAL_SetTickFreq:00000000 $t
C:\Users\Brandon\AppData\Local\Temp\cc94C1LD.s:280    .text.HAL_SetTickFreq:00000000 HAL_SetTickFreq
C:\Users\Brandon\AppData\Local\Temp\cc94C1LD.s:303    .text.HAL_SetTickFreq:00000020 $d
C:\Users\Brandon\AppData\Local\Temp\cc94C1LD.s:307    .text.HAL_GetTickFreq:00000000 $t
C:\Users\Brandon\AppData\Local\Temp\cc94C1LD.s:315    .text.HAL_GetTickFreq:00000000 HAL_GetTickFreq
C:\Users\Brandon\AppData\Local\Temp\cc94C1LD.s:325    .text.HAL_GetTickFreq:00000008 $d
C:\Users\Brandon\AppData\Local\Temp\cc94C1LD.s:328    .text.HAL_Delay:00000000 $t
C:\Users\Brandon\AppData\Local\Temp\cc94C1LD.s:336    .text.HAL_Delay:00000000 HAL_Delay
C:\Users\Brandon\AppData\Local\Temp\cc94C1LD.s:357    .text.HAL_Delay:00000020 $d
C:\Users\Brandon\AppData\Local\Temp\cc94C1LD.s:360    .text.HAL_SuspendTick:00000000 $t
C:\Users\Brandon\AppData\Local\Temp\cc94C1LD.s:368    .text.HAL_SuspendTick:00000000 HAL_SuspendTick
C:\Users\Brandon\AppData\Local\Temp\cc94C1LD.s:380    .text.HAL_SuspendTick:0000000c $d
C:\Users\Brandon\AppData\Local\Temp\cc94C1LD.s:383    .text.HAL_ResumeTick:00000000 $t
C:\Users\Brandon\AppData\Local\Temp\cc94C1LD.s:391    .text.HAL_ResumeTick:00000000 HAL_ResumeTick
C:\Users\Brandon\AppData\Local\Temp\cc94C1LD.s:403    .text.HAL_ResumeTick:0000000c $d
C:\Users\Brandon\AppData\Local\Temp\cc94C1LD.s:406    .text.HAL_GetHalVersion:00000000 $t
C:\Users\Brandon\AppData\Local\Temp\cc94C1LD.s:414    .text.HAL_GetHalVersion:00000000 HAL_GetHalVersion
C:\Users\Brandon\AppData\Local\Temp\cc94C1LD.s:423    .text.HAL_GetHalVersion:00000004 $d
C:\Users\Brandon\AppData\Local\Temp\cc94C1LD.s:426    .text.HAL_GetREVID:00000000 $t
C:\Users\Brandon\AppData\Local\Temp\cc94C1LD.s:434    .text.HAL_GetREVID:00000000 HAL_GetREVID
C:\Users\Brandon\AppData\Local\Temp\cc94C1LD.s:445    .text.HAL_GetREVID:00000008 $d
C:\Users\Brandon\AppData\Local\Temp\cc94C1LD.s:448    .text.HAL_GetDEVID:00000000 $t
C:\Users\Brandon\AppData\Local\Temp\cc94C1LD.s:456    .text.HAL_GetDEVID:00000000 HAL_GetDEVID
C:\Users\Brandon\AppData\Local\Temp\cc94C1LD.s:467    .text.HAL_GetDEVID:0000000c $d
C:\Users\Brandon\AppData\Local\Temp\cc94C1LD.s:470    .text.HAL_GetUIDw0:00000000 $t
C:\Users\Brandon\AppData\Local\Temp\cc94C1LD.s:478    .text.HAL_GetUIDw0:00000000 HAL_GetUIDw0
C:\Users\Brandon\AppData\Local\Temp\cc94C1LD.s:488    .text.HAL_GetUIDw0:00000008 $d
C:\Users\Brandon\AppData\Local\Temp\cc94C1LD.s:491    .text.HAL_GetUIDw1:00000000 $t
C:\Users\Brandon\AppData\Local\Temp\cc94C1LD.s:499    .text.HAL_GetUIDw1:00000000 HAL_GetUIDw1
C:\Users\Brandon\AppData\Local\Temp\cc94C1LD.s:509    .text.HAL_GetUIDw1:00000008 $d
C:\Users\Brandon\AppData\Local\Temp\cc94C1LD.s:512    .text.HAL_GetUIDw2:00000000 $t
C:\Users\Brandon\AppData\Local\Temp\cc94C1LD.s:520    .text.HAL_GetUIDw2:00000000 HAL_GetUIDw2
ARM GAS  C:\Users\Brandon\AppData\Local\Temp\cc94C1LD.s 			page 27


C:\Users\Brandon\AppData\Local\Temp\cc94C1LD.s:530    .text.HAL_GetUIDw2:00000008 $d
C:\Users\Brandon\AppData\Local\Temp\cc94C1LD.s:533    .text.HAL_SYSCFG_VREFBUF_VoltageScalingConfig:00000000 $t
C:\Users\Brandon\AppData\Local\Temp\cc94C1LD.s:541    .text.HAL_SYSCFG_VREFBUF_VoltageScalingConfig:00000000 HAL_SYSCFG_VREFBUF_VoltageScalingConfig
C:\Users\Brandon\AppData\Local\Temp\cc94C1LD.s:554    .text.HAL_SYSCFG_VREFBUF_VoltageScalingConfig:00000010 $d
C:\Users\Brandon\AppData\Local\Temp\cc94C1LD.s:557    .text.HAL_SYSCFG_VREFBUF_HighImpedanceConfig:00000000 $t
C:\Users\Brandon\AppData\Local\Temp\cc94C1LD.s:565    .text.HAL_SYSCFG_VREFBUF_HighImpedanceConfig:00000000 HAL_SYSCFG_VREFBUF_HighImpedanceConfig
C:\Users\Brandon\AppData\Local\Temp\cc94C1LD.s:578    .text.HAL_SYSCFG_VREFBUF_HighImpedanceConfig:00000010 $d
C:\Users\Brandon\AppData\Local\Temp\cc94C1LD.s:581    .text.HAL_SYSCFG_VREFBUF_TrimmingConfig:00000000 $t
C:\Users\Brandon\AppData\Local\Temp\cc94C1LD.s:589    .text.HAL_SYSCFG_VREFBUF_TrimmingConfig:00000000 HAL_SYSCFG_VREFBUF_TrimmingConfig
C:\Users\Brandon\AppData\Local\Temp\cc94C1LD.s:602    .text.HAL_SYSCFG_VREFBUF_TrimmingConfig:00000010 $d
C:\Users\Brandon\AppData\Local\Temp\cc94C1LD.s:605    .text.HAL_SYSCFG_EnableVREFBUF:00000000 $t
C:\Users\Brandon\AppData\Local\Temp\cc94C1LD.s:613    .text.HAL_SYSCFG_EnableVREFBUF:00000000 HAL_SYSCFG_EnableVREFBUF
C:\Users\Brandon\AppData\Local\Temp\cc94C1LD.s:642    .text.HAL_SYSCFG_EnableVREFBUF:00000030 $d
C:\Users\Brandon\AppData\Local\Temp\cc94C1LD.s:645    .text.HAL_SYSCFG_DisableVREFBUF:00000000 $t
C:\Users\Brandon\AppData\Local\Temp\cc94C1LD.s:653    .text.HAL_SYSCFG_DisableVREFBUF:00000000 HAL_SYSCFG_DisableVREFBUF
C:\Users\Brandon\AppData\Local\Temp\cc94C1LD.s:665    .text.HAL_SYSCFG_DisableVREFBUF:0000000c $d
C:\Users\Brandon\AppData\Local\Temp\cc94C1LD.s:668    .text.HAL_SYSCFG_ETHInterfaceSelect:00000000 $t
C:\Users\Brandon\AppData\Local\Temp\cc94C1LD.s:676    .text.HAL_SYSCFG_ETHInterfaceSelect:00000000 HAL_SYSCFG_ETHInterfaceSelect
C:\Users\Brandon\AppData\Local\Temp\cc94C1LD.s:689    .text.HAL_SYSCFG_ETHInterfaceSelect:00000010 $d
C:\Users\Brandon\AppData\Local\Temp\cc94C1LD.s:692    .text.HAL_SYSCFG_AnalogSwitchConfig:00000000 $t
C:\Users\Brandon\AppData\Local\Temp\cc94C1LD.s:700    .text.HAL_SYSCFG_AnalogSwitchConfig:00000000 HAL_SYSCFG_AnalogSwitchConfig
C:\Users\Brandon\AppData\Local\Temp\cc94C1LD.s:713    .text.HAL_SYSCFG_AnalogSwitchConfig:00000010 $d
C:\Users\Brandon\AppData\Local\Temp\cc94C1LD.s:716    .text.HAL_SYSCFG_EnableBOOST:00000000 $t
C:\Users\Brandon\AppData\Local\Temp\cc94C1LD.s:724    .text.HAL_SYSCFG_EnableBOOST:00000000 HAL_SYSCFG_EnableBOOST
C:\Users\Brandon\AppData\Local\Temp\cc94C1LD.s:736    .text.HAL_SYSCFG_EnableBOOST:0000000c $d
C:\Users\Brandon\AppData\Local\Temp\cc94C1LD.s:739    .text.HAL_SYSCFG_DisableBOOST:00000000 $t
C:\Users\Brandon\AppData\Local\Temp\cc94C1LD.s:747    .text.HAL_SYSCFG_DisableBOOST:00000000 HAL_SYSCFG_DisableBOOST
C:\Users\Brandon\AppData\Local\Temp\cc94C1LD.s:759    .text.HAL_SYSCFG_DisableBOOST:0000000c $d
C:\Users\Brandon\AppData\Local\Temp\cc94C1LD.s:762    .text.HAL_SYSCFG_CM7BootAddConfig:00000000 $t
C:\Users\Brandon\AppData\Local\Temp\cc94C1LD.s:770    .text.HAL_SYSCFG_CM7BootAddConfig:00000000 HAL_SYSCFG_CM7BootAddConfig
C:\Users\Brandon\AppData\Local\Temp\cc94C1LD.s:794    .text.HAL_SYSCFG_CM7BootAddConfig:0000002c $d
C:\Users\Brandon\AppData\Local\Temp\cc94C1LD.s:798    .text.HAL_EnableCompensationCell:00000000 $t
C:\Users\Brandon\AppData\Local\Temp\cc94C1LD.s:806    .text.HAL_EnableCompensationCell:00000000 HAL_EnableCompensationCell
C:\Users\Brandon\AppData\Local\Temp\cc94C1LD.s:818    .text.HAL_EnableCompensationCell:0000000c $d
C:\Users\Brandon\AppData\Local\Temp\cc94C1LD.s:821    .text.HAL_DisableCompensationCell:00000000 $t
C:\Users\Brandon\AppData\Local\Temp\cc94C1LD.s:829    .text.HAL_DisableCompensationCell:00000000 HAL_DisableCompensationCell
C:\Users\Brandon\AppData\Local\Temp\cc94C1LD.s:841    .text.HAL_DisableCompensationCell:0000000c $d
C:\Users\Brandon\AppData\Local\Temp\cc94C1LD.s:844    .text.HAL_SYSCFG_EnableIOSpeedOptimize:00000000 $t
C:\Users\Brandon\AppData\Local\Temp\cc94C1LD.s:852    .text.HAL_SYSCFG_EnableIOSpeedOptimize:00000000 HAL_SYSCFG_EnableIOSpeedOptimize
C:\Users\Brandon\AppData\Local\Temp\cc94C1LD.s:864    .text.HAL_SYSCFG_EnableIOSpeedOptimize:0000000c $d
C:\Users\Brandon\AppData\Local\Temp\cc94C1LD.s:867    .text.HAL_SYSCFG_DisableIOSpeedOptimize:00000000 $t
C:\Users\Brandon\AppData\Local\Temp\cc94C1LD.s:875    .text.HAL_SYSCFG_DisableIOSpeedOptimize:00000000 HAL_SYSCFG_DisableIOSpeedOptimize
C:\Users\Brandon\AppData\Local\Temp\cc94C1LD.s:887    .text.HAL_SYSCFG_DisableIOSpeedOptimize:0000000c $d
C:\Users\Brandon\AppData\Local\Temp\cc94C1LD.s:890    .text.HAL_SYSCFG_CompensationCodeSelect:00000000 $t
C:\Users\Brandon\AppData\Local\Temp\cc94C1LD.s:898    .text.HAL_SYSCFG_CompensationCodeSelect:00000000 HAL_SYSCFG_CompensationCodeSelect
C:\Users\Brandon\AppData\Local\Temp\cc94C1LD.s:911    .text.HAL_SYSCFG_CompensationCodeSelect:00000010 $d
C:\Users\Brandon\AppData\Local\Temp\cc94C1LD.s:914    .text.HAL_SYSCFG_CompensationCodeConfig:00000000 $t
C:\Users\Brandon\AppData\Local\Temp\cc94C1LD.s:922    .text.HAL_SYSCFG_CompensationCodeConfig:00000000 HAL_SYSCFG_CompensationCodeConfig
C:\Users\Brandon\AppData\Local\Temp\cc94C1LD.s:936    .text.HAL_SYSCFG_CompensationCodeConfig:00000014 $d
C:\Users\Brandon\AppData\Local\Temp\cc94C1LD.s:939    .text.HAL_SYSCFG_ADC2ALT_Rout0Config:00000000 $t
C:\Users\Brandon\AppData\Local\Temp\cc94C1LD.s:947    .text.HAL_SYSCFG_ADC2ALT_Rout0Config:00000000 HAL_SYSCFG_ADC2ALT_Rout0Config
C:\Users\Brandon\AppData\Local\Temp\cc94C1LD.s:960    .text.HAL_SYSCFG_ADC2ALT_Rout0Config:00000010 $d
C:\Users\Brandon\AppData\Local\Temp\cc94C1LD.s:963    .text.HAL_SYSCFG_ADC2ALT_Rout1Config:00000000 $t
C:\Users\Brandon\AppData\Local\Temp\cc94C1LD.s:971    .text.HAL_SYSCFG_ADC2ALT_Rout1Config:00000000 HAL_SYSCFG_ADC2ALT_Rout1Config
C:\Users\Brandon\AppData\Local\Temp\cc94C1LD.s:984    .text.HAL_SYSCFG_ADC2ALT_Rout1Config:00000010 $d
C:\Users\Brandon\AppData\Local\Temp\cc94C1LD.s:987    .text.HAL_DBGMCU_EnableDBGSleepMode:00000000 $t
C:\Users\Brandon\AppData\Local\Temp\cc94C1LD.s:995    .text.HAL_DBGMCU_EnableDBGSleepMode:00000000 HAL_DBGMCU_EnableDBGSleepMode
ARM GAS  C:\Users\Brandon\AppData\Local\Temp\cc94C1LD.s 			page 28


C:\Users\Brandon\AppData\Local\Temp\cc94C1LD.s:1007   .text.HAL_DBGMCU_EnableDBGSleepMode:0000000c $d
C:\Users\Brandon\AppData\Local\Temp\cc94C1LD.s:1010   .text.HAL_DBGMCU_DisableDBGSleepMode:00000000 $t
C:\Users\Brandon\AppData\Local\Temp\cc94C1LD.s:1018   .text.HAL_DBGMCU_DisableDBGSleepMode:00000000 HAL_DBGMCU_DisableDBGSleepMode
C:\Users\Brandon\AppData\Local\Temp\cc94C1LD.s:1030   .text.HAL_DBGMCU_DisableDBGSleepMode:0000000c $d
C:\Users\Brandon\AppData\Local\Temp\cc94C1LD.s:1033   .text.HAL_DBGMCU_EnableDBGStopMode:00000000 $t
C:\Users\Brandon\AppData\Local\Temp\cc94C1LD.s:1041   .text.HAL_DBGMCU_EnableDBGStopMode:00000000 HAL_DBGMCU_EnableDBGStopMode
C:\Users\Brandon\AppData\Local\Temp\cc94C1LD.s:1053   .text.HAL_DBGMCU_EnableDBGStopMode:0000000c $d
C:\Users\Brandon\AppData\Local\Temp\cc94C1LD.s:1056   .text.HAL_DBGMCU_DisableDBGStopMode:00000000 $t
C:\Users\Brandon\AppData\Local\Temp\cc94C1LD.s:1064   .text.HAL_DBGMCU_DisableDBGStopMode:00000000 HAL_DBGMCU_DisableDBGStopMode
C:\Users\Brandon\AppData\Local\Temp\cc94C1LD.s:1076   .text.HAL_DBGMCU_DisableDBGStopMode:0000000c $d
C:\Users\Brandon\AppData\Local\Temp\cc94C1LD.s:1079   .text.HAL_DBGMCU_EnableDBGStandbyMode:00000000 $t
C:\Users\Brandon\AppData\Local\Temp\cc94C1LD.s:1087   .text.HAL_DBGMCU_EnableDBGStandbyMode:00000000 HAL_DBGMCU_EnableDBGStandbyMode
C:\Users\Brandon\AppData\Local\Temp\cc94C1LD.s:1099   .text.HAL_DBGMCU_EnableDBGStandbyMode:0000000c $d
C:\Users\Brandon\AppData\Local\Temp\cc94C1LD.s:1102   .text.HAL_DBGMCU_DisableDBGStandbyMode:00000000 $t
C:\Users\Brandon\AppData\Local\Temp\cc94C1LD.s:1110   .text.HAL_DBGMCU_DisableDBGStandbyMode:00000000 HAL_DBGMCU_DisableDBGStandbyMode
C:\Users\Brandon\AppData\Local\Temp\cc94C1LD.s:1122   .text.HAL_DBGMCU_DisableDBGStandbyMode:0000000c $d
C:\Users\Brandon\AppData\Local\Temp\cc94C1LD.s:1125   .text.HAL_EnableDomain3DBGStopMode:00000000 $t
C:\Users\Brandon\AppData\Local\Temp\cc94C1LD.s:1133   .text.HAL_EnableDomain3DBGStopMode:00000000 HAL_EnableDomain3DBGStopMode
C:\Users\Brandon\AppData\Local\Temp\cc94C1LD.s:1145   .text.HAL_EnableDomain3DBGStopMode:0000000c $d
C:\Users\Brandon\AppData\Local\Temp\cc94C1LD.s:1148   .text.HAL_DisableDomain3DBGStopMode:00000000 $t
C:\Users\Brandon\AppData\Local\Temp\cc94C1LD.s:1156   .text.HAL_DisableDomain3DBGStopMode:00000000 HAL_DisableDomain3DBGStopMode
C:\Users\Brandon\AppData\Local\Temp\cc94C1LD.s:1168   .text.HAL_DisableDomain3DBGStopMode:0000000c $d
C:\Users\Brandon\AppData\Local\Temp\cc94C1LD.s:1171   .text.HAL_EnableDomain3DBGStandbyMode:00000000 $t
C:\Users\Brandon\AppData\Local\Temp\cc94C1LD.s:1179   .text.HAL_EnableDomain3DBGStandbyMode:00000000 HAL_EnableDomain3DBGStandbyMode
C:\Users\Brandon\AppData\Local\Temp\cc94C1LD.s:1191   .text.HAL_EnableDomain3DBGStandbyMode:0000000c $d
C:\Users\Brandon\AppData\Local\Temp\cc94C1LD.s:1194   .text.HAL_DisableDomain3DBGStandbyMode:00000000 $t
C:\Users\Brandon\AppData\Local\Temp\cc94C1LD.s:1202   .text.HAL_DisableDomain3DBGStandbyMode:00000000 HAL_DisableDomain3DBGStandbyMode
C:\Users\Brandon\AppData\Local\Temp\cc94C1LD.s:1214   .text.HAL_DisableDomain3DBGStandbyMode:0000000c $d
C:\Users\Brandon\AppData\Local\Temp\cc94C1LD.s:1217   .text.HAL_SetFMCMemorySwappingConfig:00000000 $t
C:\Users\Brandon\AppData\Local\Temp\cc94C1LD.s:1225   .text.HAL_SetFMCMemorySwappingConfig:00000000 HAL_SetFMCMemorySwappingConfig
C:\Users\Brandon\AppData\Local\Temp\cc94C1LD.s:1238   .text.HAL_SetFMCMemorySwappingConfig:00000010 $d
C:\Users\Brandon\AppData\Local\Temp\cc94C1LD.s:1241   .text.HAL_GetFMCMemorySwappingConfig:00000000 $t
C:\Users\Brandon\AppData\Local\Temp\cc94C1LD.s:1249   .text.HAL_GetFMCMemorySwappingConfig:00000000 HAL_GetFMCMemorySwappingConfig
C:\Users\Brandon\AppData\Local\Temp\cc94C1LD.s:1260   .text.HAL_GetFMCMemorySwappingConfig:0000000c $d
C:\Users\Brandon\AppData\Local\Temp\cc94C1LD.s:1263   .text.HAL_EXTI_EdgeConfig:00000000 $t
C:\Users\Brandon\AppData\Local\Temp\cc94C1LD.s:1271   .text.HAL_EXTI_EdgeConfig:00000000 HAL_EXTI_EdgeConfig
C:\Users\Brandon\AppData\Local\Temp\cc94C1LD.s:1305   .text.HAL_EXTI_EdgeConfig:00000040 $d
C:\Users\Brandon\AppData\Local\Temp\cc94C1LD.s:1308   .text.HAL_EXTI_GenerateSWInterrupt:00000000 $t
C:\Users\Brandon\AppData\Local\Temp\cc94C1LD.s:1316   .text.HAL_EXTI_GenerateSWInterrupt:00000000 HAL_EXTI_GenerateSWInterrupt
C:\Users\Brandon\AppData\Local\Temp\cc94C1LD.s:1334   .text.HAL_EXTI_GenerateSWInterrupt:00000020 $d
C:\Users\Brandon\AppData\Local\Temp\cc94C1LD.s:1337   .text.HAL_EXTI_D1_ClearFlag:00000000 $t
C:\Users\Brandon\AppData\Local\Temp\cc94C1LD.s:1345   .text.HAL_EXTI_D1_ClearFlag:00000000 HAL_EXTI_D1_ClearFlag
C:\Users\Brandon\AppData\Local\Temp\cc94C1LD.s:1360   .text.HAL_EXTI_D1_ClearFlag:00000014 $d
C:\Users\Brandon\AppData\Local\Temp\cc94C1LD.s:1363   .text.HAL_EXTI_D1_EventInputConfig:00000000 $t
C:\Users\Brandon\AppData\Local\Temp\cc94C1LD.s:1371   .text.HAL_EXTI_D1_EventInputConfig:00000000 HAL_EXTI_D1_EventInputConfig
C:\Users\Brandon\AppData\Local\Temp\cc94C1LD.s:1439   .text.HAL_EXTI_D1_EventInputConfig:00000084 $d
C:\Users\Brandon\AppData\Local\Temp\cc94C1LD.s:1443   .text.HAL_EXTI_D3_EventInputConfig:00000000 $t
C:\Users\Brandon\AppData\Local\Temp\cc94C1LD.s:1451   .text.HAL_EXTI_D3_EventInputConfig:00000000 HAL_EXTI_D3_EventInputConfig
C:\Users\Brandon\AppData\Local\Temp\cc94C1LD.s:1495   .text.HAL_EXTI_D3_EventInputConfig:00000058 $d
C:\Users\Brandon\AppData\Local\Temp\cc94C1LD.s:1506   .data.uwTickFreq:00000000 uwTickFreq
C:\Users\Brandon\AppData\Local\Temp\cc94C1LD.s:1513   .data.uwTickPrio:00000000 uwTickPrio
C:\Users\Brandon\AppData\Local\Temp\cc94C1LD.s:1509   .data.uwTickPrio:00000000 $d

UNDEFINED SYMBOLS
HAL_SYSTICK_Config
HAL_NVIC_SetPriority
SystemCoreClock
ARM GAS  C:\Users\Brandon\AppData\Local\Temp\cc94C1LD.s 			page 29


HAL_NVIC_SetPriorityGrouping
HAL_RCC_GetSysClockFreq
D1CorePrescTable
SystemD2Clock
