ARM GAS  C:\Users\Brandon\AppData\Local\Temp\cchDjwXG.s 			page 1


   1              		.cpu cortex-m7
   2              		.eabi_attribute 28, 1
   3              		.eabi_attribute 20, 1
   4              		.eabi_attribute 21, 1
   5              		.eabi_attribute 23, 3
   6              		.eabi_attribute 24, 1
   7              		.eabi_attribute 25, 1
   8              		.eabi_attribute 26, 1
   9              		.eabi_attribute 30, 2
  10              		.eabi_attribute 34, 1
  11              		.eabi_attribute 18, 4
  12              		.file	"stm32h7xx_it.c"
  13              		.text
  14              		.section	.text.NMI_Handler,"ax",%progbits
  15              		.align	1
  16              		.p2align 2,,3
  17              		.global	NMI_Handler
  18              		.arch armv7e-m
  19              		.syntax unified
  20              		.thumb
  21              		.thumb_func
  22              		.fpu fpv5-d16
  24              	NMI_Handler:
  25              		@ Volatile: function does not return.
  26              		@ args = 0, pretend = 0, frame = 0
  27              		@ frame_needed = 0, uses_anonymous_args = 0
  28              		@ link register save eliminated.
  29              	.L2:
  30 0000 FEE7     		b	.L2
  32 0002 00BF     		.section	.text.HardFault_Handler,"ax",%progbits
  33              		.align	1
  34              		.p2align 2,,3
  35              		.global	HardFault_Handler
  36              		.syntax unified
  37              		.thumb
  38              		.thumb_func
  39              		.fpu fpv5-d16
  41              	HardFault_Handler:
  42              		@ Volatile: function does not return.
  43              		@ args = 0, pretend = 0, frame = 0
  44              		@ frame_needed = 0, uses_anonymous_args = 0
  45              		@ link register save eliminated.
  46              	.L5:
  47 0000 FEE7     		b	.L5
  49 0002 00BF     		.section	.text.MemManage_Handler,"ax",%progbits
  50              		.align	1
  51              		.p2align 2,,3
  52              		.global	MemManage_Handler
  53              		.syntax unified
  54              		.thumb
  55              		.thumb_func
  56              		.fpu fpv5-d16
  58              	MemManage_Handler:
  59              		@ Volatile: function does not return.
  60              		@ args = 0, pretend = 0, frame = 0
  61              		@ frame_needed = 0, uses_anonymous_args = 0
  62              		@ link register save eliminated.
ARM GAS  C:\Users\Brandon\AppData\Local\Temp\cchDjwXG.s 			page 2


  63              	.L7:
  64 0000 FEE7     		b	.L7
  66 0002 00BF     		.section	.text.BusFault_Handler,"ax",%progbits
  67              		.align	1
  68              		.p2align 2,,3
  69              		.global	BusFault_Handler
  70              		.syntax unified
  71              		.thumb
  72              		.thumb_func
  73              		.fpu fpv5-d16
  75              	BusFault_Handler:
  76              		@ Volatile: function does not return.
  77              		@ args = 0, pretend = 0, frame = 0
  78              		@ frame_needed = 0, uses_anonymous_args = 0
  79              		@ link register save eliminated.
  80              	.L9:
  81 0000 FEE7     		b	.L9
  83 0002 00BF     		.section	.text.UsageFault_Handler,"ax",%progbits
  84              		.align	1
  85              		.p2align 2,,3
  86              		.global	UsageFault_Handler
  87              		.syntax unified
  88              		.thumb
  89              		.thumb_func
  90              		.fpu fpv5-d16
  92              	UsageFault_Handler:
  93              		@ Volatile: function does not return.
  94              		@ args = 0, pretend = 0, frame = 0
  95              		@ frame_needed = 0, uses_anonymous_args = 0
  96              		@ link register save eliminated.
  97              	.L11:
  98 0000 FEE7     		b	.L11
 100 0002 00BF     		.section	.text.SVC_Handler,"ax",%progbits
 101              		.align	1
 102              		.p2align 2,,3
 103              		.global	SVC_Handler
 104              		.syntax unified
 105              		.thumb
 106              		.thumb_func
 107              		.fpu fpv5-d16
 109              	SVC_Handler:
 110              		@ args = 0, pretend = 0, frame = 0
 111              		@ frame_needed = 0, uses_anonymous_args = 0
 112              		@ link register save eliminated.
 113 0000 7047     		bx	lr
 115 0002 00BF     		.section	.text.DebugMon_Handler,"ax",%progbits
 116              		.align	1
 117              		.p2align 2,,3
 118              		.global	DebugMon_Handler
 119              		.syntax unified
 120              		.thumb
 121              		.thumb_func
 122              		.fpu fpv5-d16
 124              	DebugMon_Handler:
 125              		@ args = 0, pretend = 0, frame = 0
 126              		@ frame_needed = 0, uses_anonymous_args = 0
 127              		@ link register save eliminated.
ARM GAS  C:\Users\Brandon\AppData\Local\Temp\cchDjwXG.s 			page 3


 128 0000 7047     		bx	lr
 130 0002 00BF     		.section	.text.PendSV_Handler,"ax",%progbits
 131              		.align	1
 132              		.p2align 2,,3
 133              		.global	PendSV_Handler
 134              		.syntax unified
 135              		.thumb
 136              		.thumb_func
 137              		.fpu fpv5-d16
 139              	PendSV_Handler:
 140              		@ args = 0, pretend = 0, frame = 0
 141              		@ frame_needed = 0, uses_anonymous_args = 0
 142              		@ link register save eliminated.
 143 0000 7047     		bx	lr
 145 0002 00BF     		.section	.text.SysTick_Handler,"ax",%progbits
 146              		.align	1
 147              		.p2align 2,,3
 148              		.global	SysTick_Handler
 149              		.syntax unified
 150              		.thumb
 151              		.thumb_func
 152              		.fpu fpv5-d16
 154              	SysTick_Handler:
 155              		@ args = 0, pretend = 0, frame = 0
 156              		@ frame_needed = 0, uses_anonymous_args = 0
 157              		@ link register save eliminated.
 158 0000 FFF7FEBF 		b	HAL_IncTick
 160              		.ident	"GCC: (GNU Arm Embedded Toolchain 9-2020-q2-update) 9.3.1 20200408 (release)"
ARM GAS  C:\Users\Brandon\AppData\Local\Temp\cchDjwXG.s 			page 4


DEFINED SYMBOLS
                            *ABS*:00000000 stm32h7xx_it.c
C:\Users\Brandon\AppData\Local\Temp\cchDjwXG.s:15     .text.NMI_Handler:00000000 $t
C:\Users\Brandon\AppData\Local\Temp\cchDjwXG.s:24     .text.NMI_Handler:00000000 NMI_Handler
C:\Users\Brandon\AppData\Local\Temp\cchDjwXG.s:33     .text.HardFault_Handler:00000000 $t
C:\Users\Brandon\AppData\Local\Temp\cchDjwXG.s:41     .text.HardFault_Handler:00000000 HardFault_Handler
C:\Users\Brandon\AppData\Local\Temp\cchDjwXG.s:50     .text.MemManage_Handler:00000000 $t
C:\Users\Brandon\AppData\Local\Temp\cchDjwXG.s:58     .text.MemManage_Handler:00000000 MemManage_Handler
C:\Users\Brandon\AppData\Local\Temp\cchDjwXG.s:67     .text.BusFault_Handler:00000000 $t
C:\Users\Brandon\AppData\Local\Temp\cchDjwXG.s:75     .text.BusFault_Handler:00000000 BusFault_Handler
C:\Users\Brandon\AppData\Local\Temp\cchDjwXG.s:84     .text.UsageFault_Handler:00000000 $t
C:\Users\Brandon\AppData\Local\Temp\cchDjwXG.s:92     .text.UsageFault_Handler:00000000 UsageFault_Handler
C:\Users\Brandon\AppData\Local\Temp\cchDjwXG.s:101    .text.SVC_Handler:00000000 $t
C:\Users\Brandon\AppData\Local\Temp\cchDjwXG.s:109    .text.SVC_Handler:00000000 SVC_Handler
C:\Users\Brandon\AppData\Local\Temp\cchDjwXG.s:116    .text.DebugMon_Handler:00000000 $t
C:\Users\Brandon\AppData\Local\Temp\cchDjwXG.s:124    .text.DebugMon_Handler:00000000 DebugMon_Handler
C:\Users\Brandon\AppData\Local\Temp\cchDjwXG.s:131    .text.PendSV_Handler:00000000 $t
C:\Users\Brandon\AppData\Local\Temp\cchDjwXG.s:139    .text.PendSV_Handler:00000000 PendSV_Handler
C:\Users\Brandon\AppData\Local\Temp\cchDjwXG.s:146    .text.SysTick_Handler:00000000 $t
C:\Users\Brandon\AppData\Local\Temp\cchDjwXG.s:154    .text.SysTick_Handler:00000000 SysTick_Handler

UNDEFINED SYMBOLS
HAL_IncTick
