ARM GAS  C:\Users\Brandon\AppData\Local\Temp\cc1wCa7b.s 			page 1


   1              		.cpu cortex-m7
   2              		.eabi_attribute 28, 1
   3              		.eabi_attribute 20, 1
   4              		.eabi_attribute 21, 1
   5              		.eabi_attribute 23, 3
   6              		.eabi_attribute 24, 1
   7              		.eabi_attribute 25, 1
   8              		.eabi_attribute 26, 1
   9              		.eabi_attribute 30, 2
  10              		.eabi_attribute 34, 1
  11              		.eabi_attribute 18, 4
  12              		.file	"stm32h7xx_hal_msp.c"
  13              		.text
  14              		.section	.text.HAL_MspInit,"ax",%progbits
  15              		.align	1
  16              		.p2align 2,,3
  17              		.global	HAL_MspInit
  18              		.arch armv7e-m
  19              		.syntax unified
  20              		.thumb
  21              		.thumb_func
  22              		.fpu fpv5-d16
  24              	HAL_MspInit:
  25              		@ args = 0, pretend = 0, frame = 8
  26              		@ frame_needed = 0, uses_anonymous_args = 0
  27              		@ link register save eliminated.
  28 0000 074B     		ldr	r3, .L4
  29 0002 82B0     		sub	sp, sp, #8
  30 0004 D3F8F420 		ldr	r2, [r3, #244]
  31 0008 42F00202 		orr	r2, r2, #2
  32 000c C3F8F420 		str	r2, [r3, #244]
  33 0010 D3F8F430 		ldr	r3, [r3, #244]
  34 0014 03F00203 		and	r3, r3, #2
  35 0018 0193     		str	r3, [sp, #4]
  36 001a 019B     		ldr	r3, [sp, #4]
  37 001c 02B0     		add	sp, sp, #8
  38              		@ sp needed
  39 001e 7047     		bx	lr
  40              	.L5:
  41              		.align	2
  42              	.L4:
  43 0020 00440258 		.word	1476543488
  45              		.ident	"GCC: (GNU Arm Embedded Toolchain 9-2020-q2-update) 9.3.1 20200408 (release)"
ARM GAS  C:\Users\Brandon\AppData\Local\Temp\cc1wCa7b.s 			page 2


DEFINED SYMBOLS
                            *ABS*:00000000 stm32h7xx_hal_msp.c
C:\Users\Brandon\AppData\Local\Temp\cc1wCa7b.s:15     .text.HAL_MspInit:00000000 $t
C:\Users\Brandon\AppData\Local\Temp\cc1wCa7b.s:24     .text.HAL_MspInit:00000000 HAL_MspInit
C:\Users\Brandon\AppData\Local\Temp\cc1wCa7b.s:43     .text.HAL_MspInit:00000020 $d

NO UNDEFINED SYMBOLS
