ARM GAS  C:\Users\Brandon\AppData\Local\Temp\ccR9SULV.s 			page 1


   1              		.cpu cortex-m7
   2              		.eabi_attribute 28, 1
   3              		.eabi_attribute 20, 1
   4              		.eabi_attribute 21, 1
   5              		.eabi_attribute 23, 3
   6              		.eabi_attribute 24, 1
   7              		.eabi_attribute 25, 1
   8              		.eabi_attribute 26, 1
   9              		.eabi_attribute 30, 1
  10              		.eabi_attribute 34, 1
  11              		.eabi_attribute 18, 4
  12              		.file	"system_stm32h7xx.c"
  13              		.text
  14              	.Ltext0:
  15              		.cfi_sections	.debug_frame
  16              		.section	.text.SystemInit,"ax",%progbits
  17              		.align	1
  18              		.global	SystemInit
  19              		.arch armv7e-m
  20              		.syntax unified
  21              		.thumb
  22              		.thumb_func
  23              		.fpu fpv5-d16
  25              	SystemInit:
  26              	.LFB141:
  27              		.file 1 "Core/Src/system_stm32h7xx.c"
   1:Core/Src/system_stm32h7xx.c **** /**
   2:Core/Src/system_stm32h7xx.c ****   ******************************************************************************
   3:Core/Src/system_stm32h7xx.c ****   * @file    system_stm32h7xx.c
   4:Core/Src/system_stm32h7xx.c ****   * @author  MCD Application Team
   5:Core/Src/system_stm32h7xx.c ****   * @brief   CMSIS Cortex-Mx Device Peripheral Access Layer System Source File.
   6:Core/Src/system_stm32h7xx.c ****   *
   7:Core/Src/system_stm32h7xx.c ****   *   This file provides two functions and one global variable to be called from
   8:Core/Src/system_stm32h7xx.c ****   *   user application:
   9:Core/Src/system_stm32h7xx.c ****   *      - SystemInit(): This function is called at startup just after reset and
  10:Core/Src/system_stm32h7xx.c ****   *                      before branch to main program. This call is made inside
  11:Core/Src/system_stm32h7xx.c ****   *                      the "startup_stm32h7xx.s" file.
  12:Core/Src/system_stm32h7xx.c ****   *
  13:Core/Src/system_stm32h7xx.c ****   *      - SystemCoreClock variable: Contains the core clock, it can be used
  14:Core/Src/system_stm32h7xx.c ****   *                                  by the user application to setup the SysTick
  15:Core/Src/system_stm32h7xx.c ****   *                                  timer or configure other parameters.
  16:Core/Src/system_stm32h7xx.c ****   *
  17:Core/Src/system_stm32h7xx.c ****   *      - SystemCoreClockUpdate(): Updates the variable SystemCoreClock and must
  18:Core/Src/system_stm32h7xx.c ****   *                                 be called whenever the core clock is changed
  19:Core/Src/system_stm32h7xx.c ****   *                                 during program execution.
  20:Core/Src/system_stm32h7xx.c ****   *
  21:Core/Src/system_stm32h7xx.c ****   *
  22:Core/Src/system_stm32h7xx.c ****   ******************************************************************************
  23:Core/Src/system_stm32h7xx.c ****   * @attention
  24:Core/Src/system_stm32h7xx.c ****   *
  25:Core/Src/system_stm32h7xx.c ****   * <h2><center>&copy; Copyright (c) 2017 STMicroelectronics.
  26:Core/Src/system_stm32h7xx.c ****   * All rights reserved.</center></h2>
  27:Core/Src/system_stm32h7xx.c ****   *
  28:Core/Src/system_stm32h7xx.c ****   * This software component is licensed by ST under BSD 3-Clause license,
  29:Core/Src/system_stm32h7xx.c ****   * the "License"; You may not use this file except in compliance with the
  30:Core/Src/system_stm32h7xx.c ****   * License. You may obtain a copy of the License at:
  31:Core/Src/system_stm32h7xx.c ****   *                        opensource.org/licenses/BSD-3-Clause
ARM GAS  C:\Users\Brandon\AppData\Local\Temp\ccR9SULV.s 			page 2


  32:Core/Src/system_stm32h7xx.c ****   *
  33:Core/Src/system_stm32h7xx.c ****   ******************************************************************************
  34:Core/Src/system_stm32h7xx.c ****   */
  35:Core/Src/system_stm32h7xx.c **** 
  36:Core/Src/system_stm32h7xx.c **** /** @addtogroup CMSIS
  37:Core/Src/system_stm32h7xx.c ****   * @{
  38:Core/Src/system_stm32h7xx.c ****   */
  39:Core/Src/system_stm32h7xx.c **** 
  40:Core/Src/system_stm32h7xx.c **** /** @addtogroup stm32h7xx_system
  41:Core/Src/system_stm32h7xx.c ****   * @{
  42:Core/Src/system_stm32h7xx.c ****   */
  43:Core/Src/system_stm32h7xx.c **** 
  44:Core/Src/system_stm32h7xx.c **** /** @addtogroup STM32H7xx_System_Private_Includes
  45:Core/Src/system_stm32h7xx.c ****   * @{
  46:Core/Src/system_stm32h7xx.c ****   */
  47:Core/Src/system_stm32h7xx.c **** 
  48:Core/Src/system_stm32h7xx.c **** #include "stm32h7xx.h"
  49:Core/Src/system_stm32h7xx.c **** #include <math.h>
  50:Core/Src/system_stm32h7xx.c **** #if !defined  (HSE_VALUE)
  51:Core/Src/system_stm32h7xx.c **** #define HSE_VALUE    ((uint32_t)25000000) /*!< Value of the External oscillator in Hz */
  52:Core/Src/system_stm32h7xx.c **** #endif /* HSE_VALUE */
  53:Core/Src/system_stm32h7xx.c **** 
  54:Core/Src/system_stm32h7xx.c **** #if !defined  (CSI_VALUE)
  55:Core/Src/system_stm32h7xx.c ****   #define CSI_VALUE    ((uint32_t)4000000) /*!< Value of the Internal oscillator in Hz*/
  56:Core/Src/system_stm32h7xx.c **** #endif /* CSI_VALUE */
  57:Core/Src/system_stm32h7xx.c **** 
  58:Core/Src/system_stm32h7xx.c **** #if !defined  (HSI_VALUE)
  59:Core/Src/system_stm32h7xx.c ****   #define HSI_VALUE    ((uint32_t)64000000) /*!< Value of the Internal oscillator in Hz*/
  60:Core/Src/system_stm32h7xx.c **** #endif /* HSI_VALUE */
  61:Core/Src/system_stm32h7xx.c **** 
  62:Core/Src/system_stm32h7xx.c **** 
  63:Core/Src/system_stm32h7xx.c **** /**
  64:Core/Src/system_stm32h7xx.c ****   * @}
  65:Core/Src/system_stm32h7xx.c ****   */
  66:Core/Src/system_stm32h7xx.c **** 
  67:Core/Src/system_stm32h7xx.c **** /** @addtogroup STM32H7xx_System_Private_TypesDefinitions
  68:Core/Src/system_stm32h7xx.c ****   * @{
  69:Core/Src/system_stm32h7xx.c ****   */
  70:Core/Src/system_stm32h7xx.c **** 
  71:Core/Src/system_stm32h7xx.c **** /**
  72:Core/Src/system_stm32h7xx.c ****   * @}
  73:Core/Src/system_stm32h7xx.c ****   */
  74:Core/Src/system_stm32h7xx.c **** 
  75:Core/Src/system_stm32h7xx.c **** /** @addtogroup STM32H7xx_System_Private_Defines
  76:Core/Src/system_stm32h7xx.c ****   * @{
  77:Core/Src/system_stm32h7xx.c ****   */
  78:Core/Src/system_stm32h7xx.c **** 
  79:Core/Src/system_stm32h7xx.c **** /************************* Miscellaneous Configuration ************************/
  80:Core/Src/system_stm32h7xx.c **** /*!< Uncomment the following line if you need to use initialized data in D2 domain SRAM (AHB SRAM) 
  81:Core/Src/system_stm32h7xx.c **** /* #define DATA_IN_D2_SRAM */
  82:Core/Src/system_stm32h7xx.c **** 
  83:Core/Src/system_stm32h7xx.c **** /*!< Uncomment the following line if you need to relocate your vector Table in
  84:Core/Src/system_stm32h7xx.c ****      Internal SRAM. */
  85:Core/Src/system_stm32h7xx.c **** /* #define VECT_TAB_SRAM */
  86:Core/Src/system_stm32h7xx.c **** #define VECT_TAB_OFFSET  0x00000000UL /*!< Vector Table base offset field.
  87:Core/Src/system_stm32h7xx.c ****                                       This value must be a multiple of 0x200. */
  88:Core/Src/system_stm32h7xx.c **** /******************************************************************************/
ARM GAS  C:\Users\Brandon\AppData\Local\Temp\ccR9SULV.s 			page 3


  89:Core/Src/system_stm32h7xx.c **** 
  90:Core/Src/system_stm32h7xx.c **** /**
  91:Core/Src/system_stm32h7xx.c ****   * @}
  92:Core/Src/system_stm32h7xx.c ****   */
  93:Core/Src/system_stm32h7xx.c **** 
  94:Core/Src/system_stm32h7xx.c **** /** @addtogroup STM32H7xx_System_Private_Macros
  95:Core/Src/system_stm32h7xx.c ****   * @{
  96:Core/Src/system_stm32h7xx.c ****   */
  97:Core/Src/system_stm32h7xx.c **** 
  98:Core/Src/system_stm32h7xx.c **** /**
  99:Core/Src/system_stm32h7xx.c ****   * @}
 100:Core/Src/system_stm32h7xx.c ****   */
 101:Core/Src/system_stm32h7xx.c **** 
 102:Core/Src/system_stm32h7xx.c **** /** @addtogroup STM32H7xx_System_Private_Variables
 103:Core/Src/system_stm32h7xx.c ****   * @{
 104:Core/Src/system_stm32h7xx.c ****   */
 105:Core/Src/system_stm32h7xx.c ****   /* This variable is updated in three ways:
 106:Core/Src/system_stm32h7xx.c ****       1) by calling CMSIS function SystemCoreClockUpdate()
 107:Core/Src/system_stm32h7xx.c ****       2) by calling HAL API function HAL_RCC_GetHCLKFreq()
 108:Core/Src/system_stm32h7xx.c ****       3) each time HAL_RCC_ClockConfig() is called to configure the system clock frequency
 109:Core/Src/system_stm32h7xx.c ****          Note: If you use this function to configure the system clock; then there
 110:Core/Src/system_stm32h7xx.c ****                is no need to call the 2 first functions listed above, since SystemCoreClock
 111:Core/Src/system_stm32h7xx.c ****                variable is updated automatically.
 112:Core/Src/system_stm32h7xx.c ****   */
 113:Core/Src/system_stm32h7xx.c ****   uint32_t SystemCoreClock = 64000000;
 114:Core/Src/system_stm32h7xx.c ****   uint32_t SystemD2Clock = 64000000;
 115:Core/Src/system_stm32h7xx.c ****   const  uint8_t D1CorePrescTable[16] = {0, 0, 0, 0, 1, 2, 3, 4, 1, 2, 3, 4, 6, 7, 8, 9};
 116:Core/Src/system_stm32h7xx.c **** 
 117:Core/Src/system_stm32h7xx.c **** /**
 118:Core/Src/system_stm32h7xx.c ****   * @}
 119:Core/Src/system_stm32h7xx.c ****   */
 120:Core/Src/system_stm32h7xx.c **** 
 121:Core/Src/system_stm32h7xx.c **** /** @addtogroup STM32H7xx_System_Private_FunctionPrototypes
 122:Core/Src/system_stm32h7xx.c ****   * @{
 123:Core/Src/system_stm32h7xx.c ****   */
 124:Core/Src/system_stm32h7xx.c **** 
 125:Core/Src/system_stm32h7xx.c **** /**
 126:Core/Src/system_stm32h7xx.c ****   * @}
 127:Core/Src/system_stm32h7xx.c ****   */
 128:Core/Src/system_stm32h7xx.c **** 
 129:Core/Src/system_stm32h7xx.c **** /** @addtogroup STM32H7xx_System_Private_Functions
 130:Core/Src/system_stm32h7xx.c ****   * @{
 131:Core/Src/system_stm32h7xx.c ****   */
 132:Core/Src/system_stm32h7xx.c **** 
 133:Core/Src/system_stm32h7xx.c **** /**
 134:Core/Src/system_stm32h7xx.c ****   * @brief  Setup the microcontroller system
 135:Core/Src/system_stm32h7xx.c ****   *         Initialize the FPU setting and  vector table location
 136:Core/Src/system_stm32h7xx.c ****   *         configuration.
 137:Core/Src/system_stm32h7xx.c ****   * @param  None
 138:Core/Src/system_stm32h7xx.c ****   * @retval None
 139:Core/Src/system_stm32h7xx.c ****   */
 140:Core/Src/system_stm32h7xx.c **** void SystemInit (void)
 141:Core/Src/system_stm32h7xx.c **** {
  28              		.loc 1 141 1 view -0
  29              		.cfi_startproc
  30              		@ args = 0, pretend = 0, frame = 0
  31              		@ frame_needed = 0, uses_anonymous_args = 0
ARM GAS  C:\Users\Brandon\AppData\Local\Temp\ccR9SULV.s 			page 4


  32              		@ link register save eliminated.
 142:Core/Src/system_stm32h7xx.c **** #if defined (DATA_IN_D2_SRAM)
 143:Core/Src/system_stm32h7xx.c ****  __IO uint32_t tmpreg;
 144:Core/Src/system_stm32h7xx.c **** #endif /* DATA_IN_D2_SRAM */
 145:Core/Src/system_stm32h7xx.c **** 
 146:Core/Src/system_stm32h7xx.c ****   /* FPU settings ------------------------------------------------------------*/
 147:Core/Src/system_stm32h7xx.c ****   #if (__FPU_PRESENT == 1) && (__FPU_USED == 1)
 148:Core/Src/system_stm32h7xx.c ****     SCB->CPACR |= ((3UL << (10*2))|(3UL << (11*2)));  /* set CP10 and CP11 Full Access */
  33              		.loc 1 148 5 view .LVU1
  34              		.loc 1 148 16 is_stmt 0 view .LVU2
  35 0000 244A     		ldr	r2, .L4
  36 0002 D2F88830 		ldr	r3, [r2, #136]
  37 0006 43F47003 		orr	r3, r3, #15728640
  38 000a C2F88830 		str	r3, [r2, #136]
 149:Core/Src/system_stm32h7xx.c ****   #endif
 150:Core/Src/system_stm32h7xx.c ****   /* Reset the RCC clock configuration to the default reset state ------------*/
 151:Core/Src/system_stm32h7xx.c **** 
 152:Core/Src/system_stm32h7xx.c ****    /* Increasing the CPU frequency */
 153:Core/Src/system_stm32h7xx.c ****   if(FLASH_LATENCY_DEFAULT  > (READ_BIT((FLASH->ACR), FLASH_ACR_LATENCY)))
  39              		.loc 1 153 3 is_stmt 1 view .LVU3
  40              		.loc 1 153 32 is_stmt 0 view .LVU4
  41 000e 224B     		ldr	r3, .L4+4
  42 0010 1B68     		ldr	r3, [r3]
  43 0012 03F00F03 		and	r3, r3, #15
  44              		.loc 1 153 5 view .LVU5
  45 0016 062B     		cmp	r3, #6
  46 0018 06D8     		bhi	.L2
 154:Core/Src/system_stm32h7xx.c ****   {
 155:Core/Src/system_stm32h7xx.c ****     /* Program the new number of wait states to the LATENCY bits in the FLASH_ACR register */
 156:Core/Src/system_stm32h7xx.c **** 	MODIFY_REG(FLASH->ACR, FLASH_ACR_LATENCY, (uint32_t)(FLASH_LATENCY_DEFAULT));
  47              		.loc 1 156 2 is_stmt 1 view .LVU6
  48 001a 1F4A     		ldr	r2, .L4+4
  49 001c 1368     		ldr	r3, [r2]
  50 001e 23F00F03 		bic	r3, r3, #15
  51 0022 43F00703 		orr	r3, r3, #7
  52 0026 1360     		str	r3, [r2]
  53              	.L2:
 157:Core/Src/system_stm32h7xx.c ****   }
 158:Core/Src/system_stm32h7xx.c **** 
 159:Core/Src/system_stm32h7xx.c ****   /* Set HSION bit */
 160:Core/Src/system_stm32h7xx.c ****   RCC->CR |= RCC_CR_HSION;
  54              		.loc 1 160 3 view .LVU7
  55              		.loc 1 160 11 is_stmt 0 view .LVU8
  56 0028 1C4B     		ldr	r3, .L4+8
  57 002a 1A68     		ldr	r2, [r3]
  58 002c 42F00102 		orr	r2, r2, #1
  59 0030 1A60     		str	r2, [r3]
 161:Core/Src/system_stm32h7xx.c **** 
 162:Core/Src/system_stm32h7xx.c ****   /* Reset CFGR register */
 163:Core/Src/system_stm32h7xx.c ****   RCC->CFGR = 0x00000000;
  60              		.loc 1 163 3 is_stmt 1 view .LVU9
  61              		.loc 1 163 13 is_stmt 0 view .LVU10
  62 0032 0022     		movs	r2, #0
  63 0034 1A61     		str	r2, [r3, #16]
 164:Core/Src/system_stm32h7xx.c **** 
 165:Core/Src/system_stm32h7xx.c ****   /* Reset HSEON, HSECSSON, CSION, HSI48ON, CSIKERON, PLL1ON, PLL2ON and PLL3ON bits */
 166:Core/Src/system_stm32h7xx.c ****   RCC->CR &= 0xEAF6ED7FU;
ARM GAS  C:\Users\Brandon\AppData\Local\Temp\ccR9SULV.s 			page 5


  64              		.loc 1 166 3 is_stmt 1 view .LVU11
  65              		.loc 1 166 11 is_stmt 0 view .LVU12
  66 0036 1968     		ldr	r1, [r3]
  67 0038 194A     		ldr	r2, .L4+12
  68 003a 0A40     		ands	r2, r2, r1
  69 003c 1A60     		str	r2, [r3]
 167:Core/Src/system_stm32h7xx.c ****   
 168:Core/Src/system_stm32h7xx.c ****    /* Decreasing the number of wait states because of lower CPU frequency */
 169:Core/Src/system_stm32h7xx.c ****   if(FLASH_LATENCY_DEFAULT  < (READ_BIT((FLASH->ACR), FLASH_ACR_LATENCY)))
  70              		.loc 1 169 3 is_stmt 1 view .LVU13
  71              		.loc 1 169 32 is_stmt 0 view .LVU14
  72 003e 164B     		ldr	r3, .L4+4
  73 0040 1B68     		ldr	r3, [r3]
  74              		.loc 1 169 5 view .LVU15
  75 0042 13F0080F 		tst	r3, #8
  76 0046 06D0     		beq	.L3
 170:Core/Src/system_stm32h7xx.c ****   {
 171:Core/Src/system_stm32h7xx.c ****     /* Program the new number of wait states to the LATENCY bits in the FLASH_ACR register */
 172:Core/Src/system_stm32h7xx.c **** 	MODIFY_REG(FLASH->ACR, FLASH_ACR_LATENCY, (uint32_t)(FLASH_LATENCY_DEFAULT));
  77              		.loc 1 172 2 is_stmt 1 view .LVU16
  78 0048 134A     		ldr	r2, .L4+4
  79 004a 1368     		ldr	r3, [r2]
  80 004c 23F00F03 		bic	r3, r3, #15
  81 0050 43F00703 		orr	r3, r3, #7
  82 0054 1360     		str	r3, [r2]
  83              	.L3:
 173:Core/Src/system_stm32h7xx.c ****   }
 174:Core/Src/system_stm32h7xx.c **** 
 175:Core/Src/system_stm32h7xx.c **** #if defined(D3_SRAM_BASE)
 176:Core/Src/system_stm32h7xx.c ****   /* Reset D1CFGR register */
 177:Core/Src/system_stm32h7xx.c ****   RCC->D1CFGR = 0x00000000;
  84              		.loc 1 177 3 view .LVU17
  85              		.loc 1 177 15 is_stmt 0 view .LVU18
  86 0056 114B     		ldr	r3, .L4+8
  87 0058 0022     		movs	r2, #0
  88 005a 9A61     		str	r2, [r3, #24]
 178:Core/Src/system_stm32h7xx.c **** 
 179:Core/Src/system_stm32h7xx.c ****   /* Reset D2CFGR register */
 180:Core/Src/system_stm32h7xx.c ****   RCC->D2CFGR = 0x00000000;
  89              		.loc 1 180 3 is_stmt 1 view .LVU19
  90              		.loc 1 180 15 is_stmt 0 view .LVU20
  91 005c DA61     		str	r2, [r3, #28]
 181:Core/Src/system_stm32h7xx.c **** 
 182:Core/Src/system_stm32h7xx.c ****   /* Reset D3CFGR register */
 183:Core/Src/system_stm32h7xx.c ****   RCC->D3CFGR = 0x00000000;
  92              		.loc 1 183 3 is_stmt 1 view .LVU21
  93              		.loc 1 183 15 is_stmt 0 view .LVU22
  94 005e 1A62     		str	r2, [r3, #32]
 184:Core/Src/system_stm32h7xx.c **** #else
 185:Core/Src/system_stm32h7xx.c ****   /* Reset CDCFGR1 register */
 186:Core/Src/system_stm32h7xx.c ****   RCC->CDCFGR1 = 0x00000000;
 187:Core/Src/system_stm32h7xx.c **** 
 188:Core/Src/system_stm32h7xx.c ****   /* Reset CDCFGR2 register */
 189:Core/Src/system_stm32h7xx.c ****   RCC->CDCFGR2 = 0x00000000;
 190:Core/Src/system_stm32h7xx.c **** 
 191:Core/Src/system_stm32h7xx.c ****   /* Reset SRDCFGR register */
 192:Core/Src/system_stm32h7xx.c ****   RCC->SRDCFGR = 0x00000000;
ARM GAS  C:\Users\Brandon\AppData\Local\Temp\ccR9SULV.s 			page 6


 193:Core/Src/system_stm32h7xx.c **** #endif
 194:Core/Src/system_stm32h7xx.c ****   /* Reset PLLCKSELR register */
 195:Core/Src/system_stm32h7xx.c ****   RCC->PLLCKSELR = 0x02020200;
  95              		.loc 1 195 3 is_stmt 1 view .LVU23
  96              		.loc 1 195 18 is_stmt 0 view .LVU24
  97 0060 1049     		ldr	r1, .L4+16
  98 0062 9962     		str	r1, [r3, #40]
 196:Core/Src/system_stm32h7xx.c **** 
 197:Core/Src/system_stm32h7xx.c ****   /* Reset PLLCFGR register */
 198:Core/Src/system_stm32h7xx.c ****   RCC->PLLCFGR = 0x01FF0000;
  99              		.loc 1 198 3 is_stmt 1 view .LVU25
 100              		.loc 1 198 16 is_stmt 0 view .LVU26
 101 0064 1049     		ldr	r1, .L4+20
 102 0066 D962     		str	r1, [r3, #44]
 199:Core/Src/system_stm32h7xx.c ****   /* Reset PLL1DIVR register */
 200:Core/Src/system_stm32h7xx.c ****   RCC->PLL1DIVR = 0x01010280;
 103              		.loc 1 200 3 is_stmt 1 view .LVU27
 104              		.loc 1 200 17 is_stmt 0 view .LVU28
 105 0068 1049     		ldr	r1, .L4+24
 106 006a 1963     		str	r1, [r3, #48]
 201:Core/Src/system_stm32h7xx.c ****   /* Reset PLL1FRACR register */
 202:Core/Src/system_stm32h7xx.c ****   RCC->PLL1FRACR = 0x00000000;
 107              		.loc 1 202 3 is_stmt 1 view .LVU29
 108              		.loc 1 202 18 is_stmt 0 view .LVU30
 109 006c 5A63     		str	r2, [r3, #52]
 203:Core/Src/system_stm32h7xx.c **** 
 204:Core/Src/system_stm32h7xx.c ****   /* Reset PLL2DIVR register */
 205:Core/Src/system_stm32h7xx.c ****   RCC->PLL2DIVR = 0x01010280;
 110              		.loc 1 205 3 is_stmt 1 view .LVU31
 111              		.loc 1 205 17 is_stmt 0 view .LVU32
 112 006e 9963     		str	r1, [r3, #56]
 206:Core/Src/system_stm32h7xx.c **** 
 207:Core/Src/system_stm32h7xx.c ****   /* Reset PLL2FRACR register */
 208:Core/Src/system_stm32h7xx.c **** 
 209:Core/Src/system_stm32h7xx.c ****   RCC->PLL2FRACR = 0x00000000;
 113              		.loc 1 209 3 is_stmt 1 view .LVU33
 114              		.loc 1 209 18 is_stmt 0 view .LVU34
 115 0070 DA63     		str	r2, [r3, #60]
 210:Core/Src/system_stm32h7xx.c ****   /* Reset PLL3DIVR register */
 211:Core/Src/system_stm32h7xx.c ****   RCC->PLL3DIVR = 0x01010280;
 116              		.loc 1 211 3 is_stmt 1 view .LVU35
 117              		.loc 1 211 17 is_stmt 0 view .LVU36
 118 0072 1964     		str	r1, [r3, #64]
 212:Core/Src/system_stm32h7xx.c **** 
 213:Core/Src/system_stm32h7xx.c ****   /* Reset PLL3FRACR register */
 214:Core/Src/system_stm32h7xx.c ****   RCC->PLL3FRACR = 0x00000000;
 119              		.loc 1 214 3 is_stmt 1 view .LVU37
 120              		.loc 1 214 18 is_stmt 0 view .LVU38
 121 0074 5A64     		str	r2, [r3, #68]
 215:Core/Src/system_stm32h7xx.c **** 
 216:Core/Src/system_stm32h7xx.c ****   /* Reset HSEBYP bit */
 217:Core/Src/system_stm32h7xx.c ****   RCC->CR &= 0xFFFBFFFFU;
 122              		.loc 1 217 3 is_stmt 1 view .LVU39
 123              		.loc 1 217 11 is_stmt 0 view .LVU40
 124 0076 1968     		ldr	r1, [r3]
 125 0078 21F48021 		bic	r1, r1, #262144
 126 007c 1960     		str	r1, [r3]
ARM GAS  C:\Users\Brandon\AppData\Local\Temp\ccR9SULV.s 			page 7


 218:Core/Src/system_stm32h7xx.c **** 
 219:Core/Src/system_stm32h7xx.c ****   /* Disable all interrupts */
 220:Core/Src/system_stm32h7xx.c ****   RCC->CIER = 0x00000000;
 127              		.loc 1 220 3 is_stmt 1 view .LVU41
 128              		.loc 1 220 13 is_stmt 0 view .LVU42
 129 007e 1A66     		str	r2, [r3, #96]
 221:Core/Src/system_stm32h7xx.c **** 
 222:Core/Src/system_stm32h7xx.c **** #if (STM32H7_DEV_ID == 0x450UL)
 223:Core/Src/system_stm32h7xx.c ****   /* dual core CM7 or single core line */
 224:Core/Src/system_stm32h7xx.c ****   if((DBGMCU->IDCODE & 0xFFFF0000U) < 0x20000000U)
 225:Core/Src/system_stm32h7xx.c ****   {
 226:Core/Src/system_stm32h7xx.c ****     /* if stm32h7 revY*/
 227:Core/Src/system_stm32h7xx.c ****     /* Change  the switch matrix read issuing capability to 1 for the AXI SRAM target (Target 7) */
 228:Core/Src/system_stm32h7xx.c ****     *((__IO uint32_t*)0x51008108) = 0x000000001U;
 229:Core/Src/system_stm32h7xx.c ****   }
 230:Core/Src/system_stm32h7xx.c **** #endif
 231:Core/Src/system_stm32h7xx.c **** 
 232:Core/Src/system_stm32h7xx.c **** #if defined (DATA_IN_D2_SRAM)
 233:Core/Src/system_stm32h7xx.c ****   /* in case of initialized data in D2 SRAM (AHB SRAM) , enable the D2 SRAM clock (AHB SRAM clock) 
 234:Core/Src/system_stm32h7xx.c **** #if defined(RCC_AHB2ENR_D2SRAM3EN)
 235:Core/Src/system_stm32h7xx.c ****   RCC->AHB2ENR |= (RCC_AHB2ENR_D2SRAM1EN | RCC_AHB2ENR_D2SRAM2EN | RCC_AHB2ENR_D2SRAM3EN);
 236:Core/Src/system_stm32h7xx.c **** #elif defined(RCC_AHB2ENR_D2SRAM2EN)
 237:Core/Src/system_stm32h7xx.c ****   RCC->AHB2ENR |= (RCC_AHB2ENR_D2SRAM1EN | RCC_AHB2ENR_D2SRAM2EN);
 238:Core/Src/system_stm32h7xx.c **** #else
 239:Core/Src/system_stm32h7xx.c ****   RCC->AHB2ENR |= (RCC_AHB2ENR_AHBSRAM1EN | RCC_AHB2ENR_AHBSRAM2EN);
 240:Core/Src/system_stm32h7xx.c **** #endif /* RCC_AHB2ENR_D2SRAM3EN */
 241:Core/Src/system_stm32h7xx.c **** 
 242:Core/Src/system_stm32h7xx.c ****   tmpreg = RCC->AHB2ENR;
 243:Core/Src/system_stm32h7xx.c ****   (void) tmpreg;
 244:Core/Src/system_stm32h7xx.c **** #endif /* DATA_IN_D2_SRAM */
 245:Core/Src/system_stm32h7xx.c **** 
 246:Core/Src/system_stm32h7xx.c **** #if defined(DUAL_CORE) && defined(CORE_CM4)
 247:Core/Src/system_stm32h7xx.c ****   /* Configure the Vector Table location add offset address for cortex-M4 ------------------*/
 248:Core/Src/system_stm32h7xx.c **** #ifdef VECT_TAB_SRAM
 249:Core/Src/system_stm32h7xx.c ****   SCB->VTOR = D2_AXISRAM_BASE | VECT_TAB_OFFSET; /* Vector Table Relocation in Internal SRAM */
 250:Core/Src/system_stm32h7xx.c **** #else
 251:Core/Src/system_stm32h7xx.c ****   SCB->VTOR = FLASH_BANK2_BASE | VECT_TAB_OFFSET; /* Vector Table Relocation in Internal FLASH */
 252:Core/Src/system_stm32h7xx.c **** #endif /* VECT_TAB_SRAM */
 253:Core/Src/system_stm32h7xx.c **** 
 254:Core/Src/system_stm32h7xx.c **** #else
 255:Core/Src/system_stm32h7xx.c **** 
 256:Core/Src/system_stm32h7xx.c ****   /*
 257:Core/Src/system_stm32h7xx.c ****    * Disable the FMC bank1 (enabled after reset).
 258:Core/Src/system_stm32h7xx.c ****    * This, prevents CPU speculation access on this bank which blocks the use of FMC during
 259:Core/Src/system_stm32h7xx.c ****    * 24us. During this time the others FMC master (such as LTDC) cannot use it!
 260:Core/Src/system_stm32h7xx.c ****    */
 261:Core/Src/system_stm32h7xx.c ****   FMC_Bank1_R->BTCR[0] = 0x000030D2;
 130              		.loc 1 261 3 is_stmt 1 view .LVU43
 131              		.loc 1 261 24 is_stmt 0 view .LVU44
 132 0080 0B4B     		ldr	r3, .L4+28
 133 0082 43F2D202 		movw	r2, #12498
 134 0086 1A60     		str	r2, [r3]
 262:Core/Src/system_stm32h7xx.c **** 
 263:Core/Src/system_stm32h7xx.c ****   /* Configure the Vector Table location add offset address for cortex-M7 ------------------*/
 264:Core/Src/system_stm32h7xx.c **** #ifdef VECT_TAB_SRAM
 265:Core/Src/system_stm32h7xx.c ****   SCB->VTOR = D1_AXISRAM_BASE  | VECT_TAB_OFFSET; /* Vector Table Relocation in Internal AXI-RAM */
 266:Core/Src/system_stm32h7xx.c **** #else
ARM GAS  C:\Users\Brandon\AppData\Local\Temp\ccR9SULV.s 			page 8


 267:Core/Src/system_stm32h7xx.c ****   SCB->VTOR = FLASH_BANK1_BASE | VECT_TAB_OFFSET; /* Vector Table Relocation in Internal FLASH */
 135              		.loc 1 267 3 is_stmt 1 view .LVU45
 136              		.loc 1 267 13 is_stmt 0 view .LVU46
 137 0088 024B     		ldr	r3, .L4
 138 008a 4FF00062 		mov	r2, #134217728
 139 008e 9A60     		str	r2, [r3, #8]
 268:Core/Src/system_stm32h7xx.c **** #endif
 269:Core/Src/system_stm32h7xx.c **** 
 270:Core/Src/system_stm32h7xx.c **** #endif /*DUAL_CORE && CORE_CM4*/
 271:Core/Src/system_stm32h7xx.c **** 
 272:Core/Src/system_stm32h7xx.c **** }
 140              		.loc 1 272 1 view .LVU47
 141 0090 7047     		bx	lr
 142              	.L5:
 143 0092 00BF     		.align	2
 144              	.L4:
 145 0094 00ED00E0 		.word	-536810240
 146 0098 00200052 		.word	1375739904
 147 009c 00440258 		.word	1476543488
 148 00a0 7FEDF6EA 		.word	-352916097
 149 00a4 00020202 		.word	33686016
 150 00a8 0000FF01 		.word	33488896
 151 00ac 80020101 		.word	16843392
 152 00b0 00400052 		.word	1375748096
 153              		.cfi_endproc
 154              	.LFE141:
 156              		.section	.text.SystemCoreClockUpdate,"ax",%progbits
 157              		.align	1
 158              		.global	SystemCoreClockUpdate
 159              		.syntax unified
 160              		.thumb
 161              		.thumb_func
 162              		.fpu fpv5-d16
 164              	SystemCoreClockUpdate:
 165              	.LFB142:
 273:Core/Src/system_stm32h7xx.c **** 
 274:Core/Src/system_stm32h7xx.c **** /**
 275:Core/Src/system_stm32h7xx.c ****    * @brief  Update SystemCoreClock variable according to Clock Register Values.
 276:Core/Src/system_stm32h7xx.c ****   *         The SystemCoreClock variable contains the core clock , it can
 277:Core/Src/system_stm32h7xx.c ****   *         be used by the user application to setup the SysTick timer or configure
 278:Core/Src/system_stm32h7xx.c ****   *         other parameters.
 279:Core/Src/system_stm32h7xx.c ****   *
 280:Core/Src/system_stm32h7xx.c ****   * @note   Each time the core clock changes, this function must be called
 281:Core/Src/system_stm32h7xx.c ****   *         to update SystemCoreClock variable value. Otherwise, any configuration
 282:Core/Src/system_stm32h7xx.c ****   *         based on this variable will be incorrect.
 283:Core/Src/system_stm32h7xx.c ****   *
 284:Core/Src/system_stm32h7xx.c ****   * @note   - The system frequency computed by this function is not the real
 285:Core/Src/system_stm32h7xx.c ****   *           frequency in the chip. It is calculated based on the predefined
 286:Core/Src/system_stm32h7xx.c ****   *           constant and the selected clock source:
 287:Core/Src/system_stm32h7xx.c ****   *
 288:Core/Src/system_stm32h7xx.c ****   *           - If SYSCLK source is CSI, SystemCoreClock will contain the CSI_VALUE(*)
 289:Core/Src/system_stm32h7xx.c ****   *           - If SYSCLK source is HSI, SystemCoreClock will contain the HSI_VALUE(**)
 290:Core/Src/system_stm32h7xx.c ****   *           - If SYSCLK source is HSE, SystemCoreClock will contain the HSE_VALUE(***)
 291:Core/Src/system_stm32h7xx.c ****   *           - If SYSCLK source is PLL, SystemCoreClock will contain the CSI_VALUE(*),
 292:Core/Src/system_stm32h7xx.c ****   *             HSI_VALUE(**) or HSE_VALUE(***) multiplied/divided by the PLL factors.
 293:Core/Src/system_stm32h7xx.c ****   *
 294:Core/Src/system_stm32h7xx.c ****   *         (*) CSI_VALUE is a constant defined in stm32h7xx_hal.h file (default value
ARM GAS  C:\Users\Brandon\AppData\Local\Temp\ccR9SULV.s 			page 9


 295:Core/Src/system_stm32h7xx.c ****   *             4 MHz) but the real value may vary depending on the variations
 296:Core/Src/system_stm32h7xx.c ****   *             in voltage and temperature.
 297:Core/Src/system_stm32h7xx.c ****   *         (**) HSI_VALUE is a constant defined in stm32h7xx_hal.h file (default value
 298:Core/Src/system_stm32h7xx.c ****   *             64 MHz) but the real value may vary depending on the variations
 299:Core/Src/system_stm32h7xx.c ****   *             in voltage and temperature.
 300:Core/Src/system_stm32h7xx.c ****   *
 301:Core/Src/system_stm32h7xx.c ****   *         (***)HSE_VALUE is a constant defined in stm32h7xx_hal.h file (default value
 302:Core/Src/system_stm32h7xx.c ****   *              25 MHz), user has to ensure that HSE_VALUE is same as the real
 303:Core/Src/system_stm32h7xx.c ****   *              frequency of the crystal used. Otherwise, this function may
 304:Core/Src/system_stm32h7xx.c ****   *              have wrong result.
 305:Core/Src/system_stm32h7xx.c ****   *
 306:Core/Src/system_stm32h7xx.c ****   *         - The result of this function could be not correct when using fractional
 307:Core/Src/system_stm32h7xx.c ****   *           value for HSE crystal.
 308:Core/Src/system_stm32h7xx.c ****   * @param  None
 309:Core/Src/system_stm32h7xx.c ****   * @retval None
 310:Core/Src/system_stm32h7xx.c ****   */
 311:Core/Src/system_stm32h7xx.c **** void SystemCoreClockUpdate (void)
 312:Core/Src/system_stm32h7xx.c **** {
 166              		.loc 1 312 1 is_stmt 1 view -0
 167              		.cfi_startproc
 168              		@ args = 0, pretend = 0, frame = 0
 169              		@ frame_needed = 0, uses_anonymous_args = 0
 170              		@ link register save eliminated.
 171 0000 10B4     		push	{r4}
 172              	.LCFI0:
 173              		.cfi_def_cfa_offset 4
 174              		.cfi_offset 4, -4
 313:Core/Src/system_stm32h7xx.c ****   uint32_t pllp, pllsource, pllm, pllfracen, hsivalue, tmp;
 175              		.loc 1 313 3 view .LVU49
 314:Core/Src/system_stm32h7xx.c ****   uint32_t common_system_clock;
 176              		.loc 1 314 3 view .LVU50
 315:Core/Src/system_stm32h7xx.c ****   float_t fracn1, pllvco;
 177              		.loc 1 315 3 view .LVU51
 316:Core/Src/system_stm32h7xx.c **** 
 317:Core/Src/system_stm32h7xx.c **** 
 318:Core/Src/system_stm32h7xx.c ****   /* Get SYSCLK source -------------------------------------------------------*/
 319:Core/Src/system_stm32h7xx.c **** 
 320:Core/Src/system_stm32h7xx.c ****   switch (RCC->CFGR & RCC_CFGR_SWS)
 178              		.loc 1 320 3 view .LVU52
 179              		.loc 1 320 14 is_stmt 0 view .LVU53
 180 0002 674B     		ldr	r3, .L18
 181 0004 1B69     		ldr	r3, [r3, #16]
 182              		.loc 1 320 21 view .LVU54
 183 0006 03F03803 		and	r3, r3, #56
 184              		.loc 1 320 3 view .LVU55
 185 000a 102B     		cmp	r3, #16
 186 000c 00F0C680 		beq	.L13
 187 0010 182B     		cmp	r3, #24
 188 0012 1ED0     		beq	.L8
 189 0014 B3B1     		cbz	r3, .L16
 190 0016 634A     		ldr	r2, .L18+4
 191              	.L7:
 192              	.LVL0:
 321:Core/Src/system_stm32h7xx.c ****   {
 322:Core/Src/system_stm32h7xx.c ****   case RCC_CFGR_SWS_HSI:  /* HSI used as system clock source */
 323:Core/Src/system_stm32h7xx.c ****     common_system_clock = (uint32_t) (HSI_VALUE >> ((RCC->CR & RCC_CR_HSIDIV)>> 3));
 324:Core/Src/system_stm32h7xx.c ****     break;
ARM GAS  C:\Users\Brandon\AppData\Local\Temp\ccR9SULV.s 			page 10


 325:Core/Src/system_stm32h7xx.c **** 
 326:Core/Src/system_stm32h7xx.c ****   case RCC_CFGR_SWS_CSI:  /* CSI used as system clock  source */
 327:Core/Src/system_stm32h7xx.c ****     common_system_clock = CSI_VALUE;
 328:Core/Src/system_stm32h7xx.c ****     break;
 329:Core/Src/system_stm32h7xx.c **** 
 330:Core/Src/system_stm32h7xx.c ****   case RCC_CFGR_SWS_HSE:  /* HSE used as system clock  source */
 331:Core/Src/system_stm32h7xx.c ****     common_system_clock = HSE_VALUE;
 332:Core/Src/system_stm32h7xx.c ****     break;
 333:Core/Src/system_stm32h7xx.c **** 
 334:Core/Src/system_stm32h7xx.c ****   case RCC_CFGR_SWS_PLL1:  /* PLL1 used as system clock  source */
 335:Core/Src/system_stm32h7xx.c **** 
 336:Core/Src/system_stm32h7xx.c ****     /* PLL_VCO = (HSE_VALUE or HSI_VALUE or CSI_VALUE/ PLLM) * PLLN
 337:Core/Src/system_stm32h7xx.c ****     SYSCLK = PLL_VCO / PLLR
 338:Core/Src/system_stm32h7xx.c ****     */
 339:Core/Src/system_stm32h7xx.c ****     pllsource = (RCC->PLLCKSELR & RCC_PLLCKSELR_PLLSRC);
 340:Core/Src/system_stm32h7xx.c ****     pllm = ((RCC->PLLCKSELR & RCC_PLLCKSELR_DIVM1)>> 4)  ;
 341:Core/Src/system_stm32h7xx.c ****     pllfracen = ((RCC->PLLCFGR & RCC_PLLCFGR_PLL1FRACEN)>>RCC_PLLCFGR_PLL1FRACEN_Pos);
 342:Core/Src/system_stm32h7xx.c ****     fracn1 = (float_t)(uint32_t)(pllfracen* ((RCC->PLL1FRACR & RCC_PLL1FRACR_FRACN1)>> 3));
 343:Core/Src/system_stm32h7xx.c **** 
 344:Core/Src/system_stm32h7xx.c ****     if (pllm != 0U)
 345:Core/Src/system_stm32h7xx.c ****     {
 346:Core/Src/system_stm32h7xx.c ****       switch (pllsource)
 347:Core/Src/system_stm32h7xx.c ****       {
 348:Core/Src/system_stm32h7xx.c ****         case RCC_PLLCKSELR_PLLSRC_HSI:  /* HSI used as PLL clock source */
 349:Core/Src/system_stm32h7xx.c **** 
 350:Core/Src/system_stm32h7xx.c ****         hsivalue = (HSI_VALUE >> ((RCC->CR & RCC_CR_HSIDIV)>> 3)) ;
 351:Core/Src/system_stm32h7xx.c ****         pllvco = ( (float_t)hsivalue / (float_t)pllm) * ((float_t)(uint32_t)(RCC->PLL1DIVR & RCC_PL
 352:Core/Src/system_stm32h7xx.c **** 
 353:Core/Src/system_stm32h7xx.c ****         break;
 354:Core/Src/system_stm32h7xx.c **** 
 355:Core/Src/system_stm32h7xx.c ****         case RCC_PLLCKSELR_PLLSRC_CSI:  /* CSI used as PLL clock source */
 356:Core/Src/system_stm32h7xx.c ****           pllvco = ((float_t)CSI_VALUE / (float_t)pllm) * ((float_t)(uint32_t)(RCC->PLL1DIVR & RCC_
 357:Core/Src/system_stm32h7xx.c ****         break;
 358:Core/Src/system_stm32h7xx.c **** 
 359:Core/Src/system_stm32h7xx.c ****         case RCC_PLLCKSELR_PLLSRC_HSE:  /* HSE used as PLL clock source */
 360:Core/Src/system_stm32h7xx.c ****           pllvco = ((float_t)HSE_VALUE / (float_t)pllm) * ((float_t)(uint32_t)(RCC->PLL1DIVR & RCC_
 361:Core/Src/system_stm32h7xx.c ****         break;
 362:Core/Src/system_stm32h7xx.c **** 
 363:Core/Src/system_stm32h7xx.c ****       default:
 364:Core/Src/system_stm32h7xx.c ****           pllvco = ((float_t)CSI_VALUE / (float_t)pllm) * ((float_t)(uint32_t)(RCC->PLL1DIVR & RCC_
 365:Core/Src/system_stm32h7xx.c ****         break;
 366:Core/Src/system_stm32h7xx.c ****       }
 367:Core/Src/system_stm32h7xx.c ****       pllp = (((RCC->PLL1DIVR & RCC_PLL1DIVR_P1) >>9) + 1U ) ;
 368:Core/Src/system_stm32h7xx.c ****       common_system_clock =  (uint32_t)(float_t)(pllvco/(float_t)pllp);
 369:Core/Src/system_stm32h7xx.c ****     }
 370:Core/Src/system_stm32h7xx.c ****     else
 371:Core/Src/system_stm32h7xx.c ****     {
 372:Core/Src/system_stm32h7xx.c ****       common_system_clock = 0U;
 373:Core/Src/system_stm32h7xx.c ****     }
 374:Core/Src/system_stm32h7xx.c ****     break;
 375:Core/Src/system_stm32h7xx.c **** 
 376:Core/Src/system_stm32h7xx.c ****   default:
 377:Core/Src/system_stm32h7xx.c ****     common_system_clock = CSI_VALUE;
 378:Core/Src/system_stm32h7xx.c ****     break;
 379:Core/Src/system_stm32h7xx.c ****   }
 380:Core/Src/system_stm32h7xx.c **** 
 381:Core/Src/system_stm32h7xx.c ****   /* Compute SystemClock frequency --------------------------------------------------*/
ARM GAS  C:\Users\Brandon\AppData\Local\Temp\ccR9SULV.s 			page 11


 382:Core/Src/system_stm32h7xx.c **** #if defined (RCC_D1CFGR_D1CPRE)
 383:Core/Src/system_stm32h7xx.c ****   tmp = D1CorePrescTable[(RCC->D1CFGR & RCC_D1CFGR_D1CPRE)>> RCC_D1CFGR_D1CPRE_Pos];
 193              		.loc 1 383 3 is_stmt 1 view .LVU56
 194              		.loc 1 383 30 is_stmt 0 view .LVU57
 195 0018 6148     		ldr	r0, .L18
 196 001a 8369     		ldr	r3, [r0, #24]
 197              		.loc 1 383 59 view .LVU58
 198 001c C3F30323 		ubfx	r3, r3, #8, #4
 199              		.loc 1 383 25 view .LVU59
 200 0020 6149     		ldr	r1, .L18+8
 201 0022 CB5C     		ldrb	r3, [r1, r3]	@ zero_extendqisi2
 202              	.LVL1:
 384:Core/Src/system_stm32h7xx.c **** 
 385:Core/Src/system_stm32h7xx.c ****   /* common_system_clock frequency : CM7 CPU frequency  */
 386:Core/Src/system_stm32h7xx.c ****   common_system_clock >>= tmp;
 203              		.loc 1 386 3 is_stmt 1 view .LVU60
 204              		.loc 1 386 23 is_stmt 0 view .LVU61
 205 0024 DA40     		lsrs	r2, r2, r3
 206              	.LVL2:
 387:Core/Src/system_stm32h7xx.c **** 
 388:Core/Src/system_stm32h7xx.c ****   /* SystemD2Clock frequency : CM4 CPU, AXI and AHBs Clock frequency  */
 389:Core/Src/system_stm32h7xx.c ****   SystemD2Clock = (common_system_clock >> ((D1CorePrescTable[(RCC->D1CFGR & RCC_D1CFGR_HPRE)>> RCC_
 207              		.loc 1 389 3 is_stmt 1 view .LVU62
 208              		.loc 1 389 66 is_stmt 0 view .LVU63
 209 0026 8369     		ldr	r3, [r0, #24]
 210              	.LVL3:
 211              		.loc 1 389 93 view .LVU64
 212 0028 03F00F03 		and	r3, r3, #15
 213              		.loc 1 389 61 view .LVU65
 214 002c CB5C     		ldrb	r3, [r1, r3]	@ zero_extendqisi2
 215              		.loc 1 389 118 view .LVU66
 216 002e 03F01F03 		and	r3, r3, #31
 217              		.loc 1 389 40 view .LVU67
 218 0032 22FA03F3 		lsr	r3, r2, r3
 219              		.loc 1 389 17 view .LVU68
 220 0036 5D49     		ldr	r1, .L18+12
 221              		.loc 1 389 17 view .LVU69
 222 0038 0B60     		str	r3, [r1]
 390:Core/Src/system_stm32h7xx.c **** 
 391:Core/Src/system_stm32h7xx.c **** #else
 392:Core/Src/system_stm32h7xx.c ****   tmp = D1CorePrescTable[(RCC->CDCFGR1 & RCC_CDCFGR1_CDCPRE)>> RCC_CDCFGR1_CDCPRE_Pos];
 393:Core/Src/system_stm32h7xx.c **** 
 394:Core/Src/system_stm32h7xx.c ****   /* common_system_clock frequency : CM7 CPU frequency  */
 395:Core/Src/system_stm32h7xx.c ****   common_system_clock >>= tmp;
 396:Core/Src/system_stm32h7xx.c **** 
 397:Core/Src/system_stm32h7xx.c ****   /* SystemD2Clock frequency : AXI and AHBs Clock frequency  */
 398:Core/Src/system_stm32h7xx.c ****   SystemD2Clock = (common_system_clock >> ((D1CorePrescTable[(RCC->CDCFGR1 & RCC_CDCFGR1_HPRE)>> RC
 399:Core/Src/system_stm32h7xx.c **** 
 400:Core/Src/system_stm32h7xx.c **** #endif
 401:Core/Src/system_stm32h7xx.c **** 
 402:Core/Src/system_stm32h7xx.c **** #if defined(DUAL_CORE) && defined(CORE_CM4)
 403:Core/Src/system_stm32h7xx.c ****   SystemCoreClock = SystemD2Clock;
 404:Core/Src/system_stm32h7xx.c **** #else
 405:Core/Src/system_stm32h7xx.c ****   SystemCoreClock = common_system_clock;
 223              		.loc 1 405 3 is_stmt 1 view .LVU70
 224              		.loc 1 405 19 is_stmt 0 view .LVU71
 225 003a 5D4B     		ldr	r3, .L18+16
ARM GAS  C:\Users\Brandon\AppData\Local\Temp\ccR9SULV.s 			page 12


 226 003c 1A60     		str	r2, [r3]
 406:Core/Src/system_stm32h7xx.c **** #endif /* DUAL_CORE && CORE_CM4 */
 407:Core/Src/system_stm32h7xx.c **** }
 227              		.loc 1 407 1 view .LVU72
 228 003e 5DF8044B 		ldr	r4, [sp], #4
 229              	.LCFI1:
 230              		.cfi_remember_state
 231              		.cfi_restore 4
 232              		.cfi_def_cfa_offset 0
 233 0042 7047     		bx	lr
 234              	.LVL4:
 235              	.L16:
 236              	.LCFI2:
 237              		.cfi_restore_state
 323:Core/Src/system_stm32h7xx.c ****     break;
 238              		.loc 1 323 5 is_stmt 1 view .LVU73
 323:Core/Src/system_stm32h7xx.c ****     break;
 239              		.loc 1 323 57 is_stmt 0 view .LVU74
 240 0044 564B     		ldr	r3, .L18
 241 0046 1B68     		ldr	r3, [r3]
 323:Core/Src/system_stm32h7xx.c ****     break;
 242              		.loc 1 323 78 view .LVU75
 243 0048 C3F3C103 		ubfx	r3, r3, #3, #2
 323:Core/Src/system_stm32h7xx.c ****     break;
 244              		.loc 1 323 25 view .LVU76
 245 004c 594A     		ldr	r2, .L18+20
 246 004e DA40     		lsrs	r2, r2, r3
 247              	.LVL5:
 324:Core/Src/system_stm32h7xx.c **** 
 248              		.loc 1 324 5 is_stmt 1 view .LVU77
 249 0050 E2E7     		b	.L7
 250              	.LVL6:
 251              	.L8:
 339:Core/Src/system_stm32h7xx.c ****     pllm = ((RCC->PLLCKSELR & RCC_PLLCKSELR_DIVM1)>> 4)  ;
 252              		.loc 1 339 5 view .LVU78
 339:Core/Src/system_stm32h7xx.c ****     pllm = ((RCC->PLLCKSELR & RCC_PLLCKSELR_DIVM1)>> 4)  ;
 253              		.loc 1 339 21 is_stmt 0 view .LVU79
 254 0052 5349     		ldr	r1, .L18
 255 0054 886A     		ldr	r0, [r1, #40]
 339:Core/Src/system_stm32h7xx.c ****     pllm = ((RCC->PLLCKSELR & RCC_PLLCKSELR_DIVM1)>> 4)  ;
 256              		.loc 1 339 15 view .LVU80
 257 0056 00F00300 		and	r0, r0, #3
 258              	.LVL7:
 340:Core/Src/system_stm32h7xx.c ****     pllfracen = ((RCC->PLLCFGR & RCC_PLLCFGR_PLL1FRACEN)>>RCC_PLLCFGR_PLL1FRACEN_Pos);
 259              		.loc 1 340 5 is_stmt 1 view .LVU81
 340:Core/Src/system_stm32h7xx.c ****     pllfracen = ((RCC->PLLCFGR & RCC_PLLCFGR_PLL1FRACEN)>>RCC_PLLCFGR_PLL1FRACEN_Pos);
 260              		.loc 1 340 17 is_stmt 0 view .LVU82
 261 005a 8C6A     		ldr	r4, [r1, #40]
 340:Core/Src/system_stm32h7xx.c ****     pllfracen = ((RCC->PLLCFGR & RCC_PLLCFGR_PLL1FRACEN)>>RCC_PLLCFGR_PLL1FRACEN_Pos);
 262              		.loc 1 340 10 view .LVU83
 263 005c C4F30512 		ubfx	r2, r4, #4, #6
 264              	.LVL8:
 341:Core/Src/system_stm32h7xx.c ****     fracn1 = (float_t)(uint32_t)(pllfracen* ((RCC->PLL1FRACR & RCC_PLL1FRACR_FRACN1)>> 3));
 265              		.loc 1 341 5 is_stmt 1 view .LVU84
 341:Core/Src/system_stm32h7xx.c ****     fracn1 = (float_t)(uint32_t)(pllfracen* ((RCC->PLL1FRACR & RCC_PLL1FRACR_FRACN1)>> 3));
 266              		.loc 1 341 22 is_stmt 0 view .LVU85
 267 0060 CB6A     		ldr	r3, [r1, #44]
ARM GAS  C:\Users\Brandon\AppData\Local\Temp\ccR9SULV.s 			page 13


 341:Core/Src/system_stm32h7xx.c ****     fracn1 = (float_t)(uint32_t)(pllfracen* ((RCC->PLL1FRACR & RCC_PLL1FRACR_FRACN1)>> 3));
 268              		.loc 1 341 15 view .LVU86
 269 0062 03F00103 		and	r3, r3, #1
 270              	.LVL9:
 342:Core/Src/system_stm32h7xx.c **** 
 271              		.loc 1 342 5 is_stmt 1 view .LVU87
 342:Core/Src/system_stm32h7xx.c **** 
 272              		.loc 1 342 50 is_stmt 0 view .LVU88
 273 0066 496B     		ldr	r1, [r1, #52]
 342:Core/Src/system_stm32h7xx.c **** 
 274              		.loc 1 342 85 view .LVU89
 275 0068 C1F3CC01 		ubfx	r1, r1, #3, #13
 342:Core/Src/system_stm32h7xx.c **** 
 276              		.loc 1 342 23 view .LVU90
 277 006c 03FB01F3 		mul	r3, r3, r1
 278              	.LVL10:
 342:Core/Src/system_stm32h7xx.c **** 
 279              		.loc 1 342 12 view .LVU91
 280 0070 07EE903A 		vmov	s15, r3	@ int
 281 0074 F8EE677A 		vcvt.f32.u32	s15, s15
 282              	.LVL11:
 344:Core/Src/system_stm32h7xx.c ****     {
 283              		.loc 1 344 5 is_stmt 1 view .LVU92
 344:Core/Src/system_stm32h7xx.c ****     {
 284              		.loc 1 344 8 is_stmt 0 view .LVU93
 285 0078 14F47C7F 		tst	r4, #1008
 286 007c CCD0     		beq	.L7
 346:Core/Src/system_stm32h7xx.c ****       {
 287              		.loc 1 346 7 is_stmt 1 view .LVU94
 288 007e 0128     		cmp	r0, #1
 289 0080 52D0     		beq	.L9
 290 0082 0228     		cmp	r0, #2
 291 0084 6DD0     		beq	.L10
 292 0086 E0B1     		cbz	r0, .L17
 364:Core/Src/system_stm32h7xx.c ****         break;
 293              		.loc 1 364 11 view .LVU95
 364:Core/Src/system_stm32h7xx.c ****         break;
 294              		.loc 1 364 42 is_stmt 0 view .LVU96
 295 0088 07EE102A 		vmov	s14, r2	@ int
 296 008c F8EE476A 		vcvt.f32.u32	s13, s14
 364:Core/Src/system_stm32h7xx.c ****         break;
 297              		.loc 1 364 40 view .LVU97
 298 0090 9FED496A 		vldr.32	s12, .L18+24
 299 0094 86EE267A 		vdiv.f32	s14, s12, s13
 364:Core/Src/system_stm32h7xx.c ****         break;
 300              		.loc 1 364 83 view .LVU98
 301 0098 414B     		ldr	r3, .L18
 302 009a 1B6B     		ldr	r3, [r3, #48]
 364:Core/Src/system_stm32h7xx.c ****         break;
 303              		.loc 1 364 69 view .LVU99
 304 009c C3F30803 		ubfx	r3, r3, #0, #9
 364:Core/Src/system_stm32h7xx.c ****         break;
 305              		.loc 1 364 60 view .LVU100
 306 00a0 06EE903A 		vmov	s13, r3	@ int
 307 00a4 F8EE666A 		vcvt.f32.u32	s13, s13
 364:Core/Src/system_stm32h7xx.c ****         break;
 308              		.loc 1 364 122 view .LVU101
ARM GAS  C:\Users\Brandon\AppData\Local\Temp\ccR9SULV.s 			page 14


 309 00a8 9FED446A 		vldr.32	s12, .L18+28
 310 00ac 67EE867A 		vmul.f32	s15, s15, s12
 311              	.LVL12:
 364:Core/Src/system_stm32h7xx.c ****         break;
 312              		.loc 1 364 113 view .LVU102
 313 00b0 76EEA77A 		vadd.f32	s15, s13, s15
 364:Core/Src/system_stm32h7xx.c ****         break;
 314              		.loc 1 364 140 view .LVU103
 315 00b4 F7EE006A 		vmov.f32	s13, #1.0e+0
 316 00b8 77EEA67A 		vadd.f32	s15, s15, s13
 364:Core/Src/system_stm32h7xx.c ****         break;
 317              		.loc 1 364 18 view .LVU104
 318 00bc 27EE277A 		vmul.f32	s14, s14, s15
 319              	.LVL13:
 365:Core/Src/system_stm32h7xx.c ****       }
 320              		.loc 1 365 9 is_stmt 1 view .LVU105
 321 00c0 22E0     		b	.L12
 322              	.LVL14:
 323              	.L17:
 350:Core/Src/system_stm32h7xx.c ****         pllvco = ( (float_t)hsivalue / (float_t)pllm) * ((float_t)(uint32_t)(RCC->PLL1DIVR & RCC_PL
 324              		.loc 1 350 9 view .LVU106
 350:Core/Src/system_stm32h7xx.c ****         pllvco = ( (float_t)hsivalue / (float_t)pllm) * ((float_t)(uint32_t)(RCC->PLL1DIVR & RCC_PL
 325              		.loc 1 350 39 is_stmt 0 view .LVU107
 326 00c2 3748     		ldr	r0, .L18
 327              	.LVL15:
 350:Core/Src/system_stm32h7xx.c ****         pllvco = ( (float_t)hsivalue / (float_t)pllm) * ((float_t)(uint32_t)(RCC->PLL1DIVR & RCC_PL
 328              		.loc 1 350 39 view .LVU108
 329 00c4 0168     		ldr	r1, [r0]
 350:Core/Src/system_stm32h7xx.c ****         pllvco = ( (float_t)hsivalue / (float_t)pllm) * ((float_t)(uint32_t)(RCC->PLL1DIVR & RCC_PL
 330              		.loc 1 350 60 view .LVU109
 331 00c6 C1F3C101 		ubfx	r1, r1, #3, #2
 350:Core/Src/system_stm32h7xx.c ****         pllvco = ( (float_t)hsivalue / (float_t)pllm) * ((float_t)(uint32_t)(RCC->PLL1DIVR & RCC_PL
 332              		.loc 1 350 18 view .LVU110
 333 00ca 3A4B     		ldr	r3, .L18+20
 334 00cc CB40     		lsrs	r3, r3, r1
 335              	.LVL16:
 351:Core/Src/system_stm32h7xx.c **** 
 336              		.loc 1 351 9 is_stmt 1 view .LVU111
 351:Core/Src/system_stm32h7xx.c **** 
 337              		.loc 1 351 20 is_stmt 0 view .LVU112
 338 00ce 07EE103A 		vmov	s14, r3	@ int
 339 00d2 F8EE476A 		vcvt.f32.u32	s13, s14
 351:Core/Src/system_stm32h7xx.c **** 
 340              		.loc 1 351 40 view .LVU113
 341 00d6 07EE102A 		vmov	s14, r2	@ int
 342 00da B8EE476A 		vcvt.f32.u32	s12, s14
 351:Core/Src/system_stm32h7xx.c **** 
 343              		.loc 1 351 38 view .LVU114
 344 00de 86EE867A 		vdiv.f32	s14, s13, s12
 351:Core/Src/system_stm32h7xx.c **** 
 345              		.loc 1 351 81 view .LVU115
 346 00e2 036B     		ldr	r3, [r0, #48]
 347              	.LVL17:
 351:Core/Src/system_stm32h7xx.c **** 
 348              		.loc 1 351 67 view .LVU116
 349 00e4 C3F30803 		ubfx	r3, r3, #0, #9
 351:Core/Src/system_stm32h7xx.c **** 
ARM GAS  C:\Users\Brandon\AppData\Local\Temp\ccR9SULV.s 			page 15


 350              		.loc 1 351 58 view .LVU117
 351 00e8 06EE903A 		vmov	s13, r3	@ int
 352 00ec F8EE666A 		vcvt.f32.u32	s13, s13
 351:Core/Src/system_stm32h7xx.c **** 
 353              		.loc 1 351 120 view .LVU118
 354 00f0 9FED326A 		vldr.32	s12, .L18+28
 355 00f4 67EE867A 		vmul.f32	s15, s15, s12
 356              	.LVL18:
 351:Core/Src/system_stm32h7xx.c **** 
 357              		.loc 1 351 111 view .LVU119
 358 00f8 76EEA77A 		vadd.f32	s15, s13, s15
 351:Core/Src/system_stm32h7xx.c **** 
 359              		.loc 1 351 138 view .LVU120
 360 00fc F7EE006A 		vmov.f32	s13, #1.0e+0
 361 0100 77EEA67A 		vadd.f32	s15, s15, s13
 351:Core/Src/system_stm32h7xx.c **** 
 362              		.loc 1 351 16 view .LVU121
 363 0104 27EE277A 		vmul.f32	s14, s14, s15
 364              	.LVL19:
 353:Core/Src/system_stm32h7xx.c **** 
 365              		.loc 1 353 9 is_stmt 1 view .LVU122
 366              	.L12:
 367:Core/Src/system_stm32h7xx.c ****       common_system_clock =  (uint32_t)(float_t)(pllvco/(float_t)pllp);
 367              		.loc 1 367 7 view .LVU123
 367:Core/Src/system_stm32h7xx.c ****       common_system_clock =  (uint32_t)(float_t)(pllvco/(float_t)pllp);
 368              		.loc 1 367 20 is_stmt 0 view .LVU124
 369 0108 254B     		ldr	r3, .L18
 370 010a 1B6B     		ldr	r3, [r3, #48]
 367:Core/Src/system_stm32h7xx.c ****       common_system_clock =  (uint32_t)(float_t)(pllvco/(float_t)pllp);
 371              		.loc 1 367 50 view .LVU125
 372 010c C3F34623 		ubfx	r3, r3, #9, #7
 367:Core/Src/system_stm32h7xx.c ****       common_system_clock =  (uint32_t)(float_t)(pllvco/(float_t)pllp);
 373              		.loc 1 367 12 view .LVU126
 374 0110 0133     		adds	r3, r3, #1
 375              	.LVL20:
 368:Core/Src/system_stm32h7xx.c ****     }
 376              		.loc 1 368 7 is_stmt 1 view .LVU127
 368:Core/Src/system_stm32h7xx.c ****     }
 377              		.loc 1 368 57 is_stmt 0 view .LVU128
 378 0112 07EE903A 		vmov	s15, r3	@ int
 379 0116 F8EE677A 		vcvt.f32.u32	s15, s15
 368:Core/Src/system_stm32h7xx.c ****     }
 380              		.loc 1 368 40 view .LVU129
 381 011a C7EE276A 		vdiv.f32	s13, s14, s15
 368:Core/Src/system_stm32h7xx.c ****     }
 382              		.loc 1 368 27 view .LVU130
 383 011e FCEEE67A 		vcvt.u32.f32	s15, s13
 384 0122 17EE902A 		vmov	r2, s15	@ int
 385              	.LVL21:
 368:Core/Src/system_stm32h7xx.c ****     }
 386              		.loc 1 368 27 view .LVU131
 387 0126 77E7     		b	.L7
 388              	.LVL22:
 389              	.L9:
 356:Core/Src/system_stm32h7xx.c ****         break;
 390              		.loc 1 356 11 is_stmt 1 view .LVU132
 356:Core/Src/system_stm32h7xx.c ****         break;
ARM GAS  C:\Users\Brandon\AppData\Local\Temp\ccR9SULV.s 			page 16


 391              		.loc 1 356 42 is_stmt 0 view .LVU133
 392 0128 07EE102A 		vmov	s14, r2	@ int
 393 012c F8EE476A 		vcvt.f32.u32	s13, s14
 356:Core/Src/system_stm32h7xx.c ****         break;
 394              		.loc 1 356 40 view .LVU134
 395 0130 9FED216A 		vldr.32	s12, .L18+24
 396 0134 86EE267A 		vdiv.f32	s14, s12, s13
 356:Core/Src/system_stm32h7xx.c ****         break;
 397              		.loc 1 356 83 view .LVU135
 398 0138 194B     		ldr	r3, .L18
 399 013a 1B6B     		ldr	r3, [r3, #48]
 356:Core/Src/system_stm32h7xx.c ****         break;
 400              		.loc 1 356 69 view .LVU136
 401 013c C3F30803 		ubfx	r3, r3, #0, #9
 356:Core/Src/system_stm32h7xx.c ****         break;
 402              		.loc 1 356 60 view .LVU137
 403 0140 06EE903A 		vmov	s13, r3	@ int
 404 0144 F8EE666A 		vcvt.f32.u32	s13, s13
 356:Core/Src/system_stm32h7xx.c ****         break;
 405              		.loc 1 356 122 view .LVU138
 406 0148 9FED1C6A 		vldr.32	s12, .L18+28
 407 014c 67EE867A 		vmul.f32	s15, s15, s12
 408              	.LVL23:
 356:Core/Src/system_stm32h7xx.c ****         break;
 409              		.loc 1 356 113 view .LVU139
 410 0150 76EEA77A 		vadd.f32	s15, s13, s15
 356:Core/Src/system_stm32h7xx.c ****         break;
 411              		.loc 1 356 140 view .LVU140
 412 0154 F7EE006A 		vmov.f32	s13, #1.0e+0
 413 0158 77EEA67A 		vadd.f32	s15, s15, s13
 356:Core/Src/system_stm32h7xx.c ****         break;
 414              		.loc 1 356 18 view .LVU141
 415 015c 27EE277A 		vmul.f32	s14, s14, s15
 416              	.LVL24:
 357:Core/Src/system_stm32h7xx.c **** 
 417              		.loc 1 357 9 is_stmt 1 view .LVU142
 418 0160 D2E7     		b	.L12
 419              	.LVL25:
 420              	.L10:
 360:Core/Src/system_stm32h7xx.c ****         break;
 421              		.loc 1 360 11 view .LVU143
 360:Core/Src/system_stm32h7xx.c ****         break;
 422              		.loc 1 360 42 is_stmt 0 view .LVU144
 423 0162 07EE102A 		vmov	s14, r2	@ int
 424 0166 F8EE476A 		vcvt.f32.u32	s13, s14
 360:Core/Src/system_stm32h7xx.c ****         break;
 425              		.loc 1 360 40 view .LVU145
 426 016a 9FED156A 		vldr.32	s12, .L18+32
 427 016e 86EE267A 		vdiv.f32	s14, s12, s13
 360:Core/Src/system_stm32h7xx.c ****         break;
 428              		.loc 1 360 83 view .LVU146
 429 0172 0B4B     		ldr	r3, .L18
 430 0174 1B6B     		ldr	r3, [r3, #48]
 360:Core/Src/system_stm32h7xx.c ****         break;
 431              		.loc 1 360 69 view .LVU147
 432 0176 C3F30803 		ubfx	r3, r3, #0, #9
 360:Core/Src/system_stm32h7xx.c ****         break;
ARM GAS  C:\Users\Brandon\AppData\Local\Temp\ccR9SULV.s 			page 17


 433              		.loc 1 360 60 view .LVU148
 434 017a 06EE903A 		vmov	s13, r3	@ int
 435 017e F8EE666A 		vcvt.f32.u32	s13, s13
 360:Core/Src/system_stm32h7xx.c ****         break;
 436              		.loc 1 360 122 view .LVU149
 437 0182 9FED0E6A 		vldr.32	s12, .L18+28
 438 0186 67EE867A 		vmul.f32	s15, s15, s12
 439              	.LVL26:
 360:Core/Src/system_stm32h7xx.c ****         break;
 440              		.loc 1 360 113 view .LVU150
 441 018a 76EEA77A 		vadd.f32	s15, s13, s15
 360:Core/Src/system_stm32h7xx.c ****         break;
 442              		.loc 1 360 140 view .LVU151
 443 018e F7EE006A 		vmov.f32	s13, #1.0e+0
 444 0192 77EEA67A 		vadd.f32	s15, s15, s13
 360:Core/Src/system_stm32h7xx.c ****         break;
 445              		.loc 1 360 18 view .LVU152
 446 0196 27EE277A 		vmul.f32	s14, s14, s15
 447              	.LVL27:
 361:Core/Src/system_stm32h7xx.c **** 
 448              		.loc 1 361 9 is_stmt 1 view .LVU153
 449 019a B5E7     		b	.L12
 450              	.LVL28:
 451              	.L13:
 331:Core/Src/system_stm32h7xx.c ****     break;
 452              		.loc 1 331 25 is_stmt 0 view .LVU154
 453 019c 094A     		ldr	r2, .L18+36
 454 019e 3BE7     		b	.L7
 455              	.L19:
 456              		.align	2
 457              	.L18:
 458 01a0 00440258 		.word	1476543488
 459 01a4 00093D00 		.word	4000000
 460 01a8 00000000 		.word	.LANCHOR0
 461 01ac 00000000 		.word	.LANCHOR1
 462 01b0 00000000 		.word	.LANCHOR2
 463 01b4 0090D003 		.word	64000000
 464 01b8 0024744A 		.word	1249125376
 465 01bc 00000039 		.word	956301312
 466 01c0 8096984B 		.word	1268291200
 467 01c4 002D3101 		.word	20000000
 468              		.cfi_endproc
 469              	.LFE142:
 471              		.global	D1CorePrescTable
 472              		.global	SystemD2Clock
 473              		.global	SystemCoreClock
 474              		.section	.data.SystemCoreClock,"aw"
 475              		.align	2
 476              		.set	.LANCHOR2,. + 0
 479              	SystemCoreClock:
 480 0000 0090D003 		.word	64000000
 481              		.section	.data.SystemD2Clock,"aw"
 482              		.align	2
 483              		.set	.LANCHOR1,. + 0
 486              	SystemD2Clock:
 487 0000 0090D003 		.word	64000000
 488              		.section	.rodata.D1CorePrescTable,"a"
ARM GAS  C:\Users\Brandon\AppData\Local\Temp\ccR9SULV.s 			page 18


 489              		.align	2
 490              		.set	.LANCHOR0,. + 0
 493              	D1CorePrescTable:
 494 0000 00000000 		.ascii	"\000\000\000\000\001\002\003\004\001\002\003\004\006"
 494      01020304 
 494      01020304 
 494      06
 495 000d 070809   		.ascii	"\007\010\011"
 496              		.text
 497              	.Letext0:
 498              		.file 2 "c:\\program files (x86)\\gnu arm embedded toolchain\\9 2020-q2-update\\arm-none-eabi\\inc
 499              		.file 3 "c:\\program files (x86)\\gnu arm embedded toolchain\\9 2020-q2-update\\arm-none-eabi\\inc
 500              		.file 4 "Drivers/CMSIS/Include/core_cm7.h"
 501              		.file 5 "Drivers/CMSIS/Device/ST/STM32H7xx/Include/system_stm32h7xx.h"
 502              		.file 6 "Drivers/CMSIS/Device/ST/STM32H7xx/Include/stm32h735xx.h"
 503              		.file 7 "c:\\program files (x86)\\gnu arm embedded toolchain\\9 2020-q2-update\\lib\\gcc\\arm-none
 504              		.file 8 "c:\\program files (x86)\\gnu arm embedded toolchain\\9 2020-q2-update\\arm-none-eabi\\inc
 505              		.file 9 "c:\\program files (x86)\\gnu arm embedded toolchain\\9 2020-q2-update\\arm-none-eabi\\inc
 506              		.file 10 "c:\\program files (x86)\\gnu arm embedded toolchain\\9 2020-q2-update\\arm-none-eabi\\in
 507              		.file 11 "c:\\program files (x86)\\gnu arm embedded toolchain\\9 2020-q2-update\\arm-none-eabi\\in
 508              		.file 12 "Drivers/STM32H7xx_HAL_Driver/Inc/stm32h7xx_hal_def.h"
 509              		.file 13 "Drivers/STM32H7xx_HAL_Driver/Inc/stm32h7xx_hal_flash.h"
 510              		.file 14 "Drivers/STM32H7xx_HAL_Driver/Inc/stm32h7xx_hal.h"
ARM GAS  C:\Users\Brandon\AppData\Local\Temp\ccR9SULV.s 			page 19


DEFINED SYMBOLS
                            *ABS*:00000000 system_stm32h7xx.c
C:\Users\Brandon\AppData\Local\Temp\ccR9SULV.s:17     .text.SystemInit:00000000 $t
C:\Users\Brandon\AppData\Local\Temp\ccR9SULV.s:25     .text.SystemInit:00000000 SystemInit
C:\Users\Brandon\AppData\Local\Temp\ccR9SULV.s:145    .text.SystemInit:00000094 $d
C:\Users\Brandon\AppData\Local\Temp\ccR9SULV.s:157    .text.SystemCoreClockUpdate:00000000 $t
C:\Users\Brandon\AppData\Local\Temp\ccR9SULV.s:164    .text.SystemCoreClockUpdate:00000000 SystemCoreClockUpdate
C:\Users\Brandon\AppData\Local\Temp\ccR9SULV.s:458    .text.SystemCoreClockUpdate:000001a0 $d
C:\Users\Brandon\AppData\Local\Temp\ccR9SULV.s:493    .rodata.D1CorePrescTable:00000000 D1CorePrescTable
C:\Users\Brandon\AppData\Local\Temp\ccR9SULV.s:486    .data.SystemD2Clock:00000000 SystemD2Clock
C:\Users\Brandon\AppData\Local\Temp\ccR9SULV.s:479    .data.SystemCoreClock:00000000 SystemCoreClock
C:\Users\Brandon\AppData\Local\Temp\ccR9SULV.s:475    .data.SystemCoreClock:00000000 $d
C:\Users\Brandon\AppData\Local\Temp\ccR9SULV.s:482    .data.SystemD2Clock:00000000 $d
C:\Users\Brandon\AppData\Local\Temp\ccR9SULV.s:489    .rodata.D1CorePrescTable:00000000 $d

NO UNDEFINED SYMBOLS
